#
# There is insufficient memory for the Java Runtime Environment to continue.
# Native memory allocation (malloc) failed to allocate 262160 bytes. Error detail: Chunk::new
# Possible reasons:
#   The system is out of physical RAM or swap space
#   This process is running with CompressedOops enabled, and the Java Heap may be blocking the growth of the native heap
# Possible solutions:
#   Reduce memory load on the system
#   Increase physical memory or swap space
#   Check if swap backing store is full
#   Decrease Java heap size (-Xmx/-Xms)
#   Decrease number of Java threads
#   Decrease Java thread stack sizes (-Xss)
#   Set larger code cache with -XX:ReservedCodeCacheSize=
#   JVM is running with Unscaled Compressed Oops mode in which the Java heap is
#     placed in the first 4GB address space. The Java Heap base address is the
#     maximum limit for the native heap growth. Please use -XX:HeapBaseMinAddress
#     to set the Java Heap base and to place the Java Heap above 4GB virtual address.
# This output file may be truncated or incomplete.
#
#  Out of Memory Error (arena.cpp:168), pid=12616, tid=16364
#
# JRE version: OpenJDK Runtime Environment Temurin-21.0.9+10 (21.0.9+10) (build 21.0.9+10-LTS)
# Java VM: OpenJDK 64-Bit Server VM Temurin-21.0.9+10 (21.0.9+10-LTS, mixed mode, sharing, tiered, compressed oops, compressed class ptrs, parallel gc, windows-amd64)
# No core dump will be written. Minidumps are not enabled by default on client versions of Windows
#

---------------  S U M M A R Y ------------

Command Line: --add-modules=ALL-SYSTEM --add-opens=java.base/java.util=ALL-UNNAMED --add-opens=java.base/java.lang=ALL-UNNAMED --add-opens=java.base/sun.nio.fs=ALL-UNNAMED -Declipse.application=org.eclipse.jdt.ls.core.id1 -Dosgi.bundles.defaultStartLevel=4 -Declipse.product=org.eclipse.jdt.ls.core.product -Djava.import.generatesMetadataFilesAtProjectRoot=false -DDetectVMInstallationsJob.disabled=true -Dfile.encoding=utf8 -XX:+UseParallelGC -XX:GCTimeRatio=4 -XX:AdaptiveSizePolicyWeight=90 -Dsun.zip.disableMemoryMapping=true -Xmx2G -Xms100m -Xlog:disable -javaagent:c:\Users\BHARATH\.antigravity\extensions\redhat.java-1.52.0-win32-x64\lombok\lombok-1.18.39-4050.jar c:\Users\BHARATH\.antigravity\extensions\redhat.java-1.52.0-win32-x64\server\plugins\org.eclipse.equinox.launcher_1.7.100.v20251111-0406.jar -configuration c:\Users\BHARATH\AppData\Roaming\Antigravity\User\globalStorage\redhat.java\1.52.0\config_ss_win -data c:\Users\BHARATH\AppData\Roaming\Antigravity\User\workspaceStorage\a499d5fa068c5806f92bdea5d88fd22c\redhat.java\ss_ws --pipe=\\.\pipe\lsp-d8675f26206d4b9a75b853eaa7eab13b-sock

Host: 11th Gen Intel(R) Core(TM) i5-1135G7 @ 2.40GHz, 8 cores, 23G,  Windows 11 , 64 bit Build 26100 (10.0.26100.7705)
Time: Wed Feb 25 18:19:36 2026 India Standard Time elapsed time: 4.059942 seconds (0d 0h 0m 4s)

---------------  T H R E A D  ---------------

Current thread (0x000001e12376ada0):  JavaThread "C2 CompilerThread0" daemon [_thread_in_native, id=16364, stack(0x000000dfb5900000,0x000000dfb5a00000) (1024K)]


Current CompileTask:
C2:4060 2572       4       java.lang.invoke.MethodType::makeImpl (109 bytes)

Stack: [0x000000dfb5900000,0x000000dfb5a00000]
Native frames: (J=compiled Java code, j=interpreted, Vv=VM code, C=native code)
V  [jvm.dll+0x6d6e29]
V  [jvm.dll+0x8b4b76]
V  [jvm.dll+0x8b712e]
V  [jvm.dll+0x8b7813]
V  [jvm.dll+0x283d86]
V  [jvm.dll+0xc66ed]
V  [jvm.dll+0xc6c31]
V  [jvm.dll+0x6fdea5]
V  [jvm.dll+0x6fe305]
V  [jvm.dll+0x70053d]
V  [jvm.dll+0x6fe8f3]
V  [jvm.dll+0x24d781]
V  [jvm.dll+0x24b482]
V  [jvm.dll+0x1cb13e]
V  [jvm.dll+0x25b29d]
V  [jvm.dll+0x25982a]
V  [jvm.dll+0x3f7ea6]
V  [jvm.dll+0x85e9ad]
V  [jvm.dll+0x6d565d]
C  [ucrtbase.dll+0x37b0]
C  [KERNEL32.DLL+0x2e8d7]
C  [ntdll.dll+0x8c40c]


---------------  P R O C E S S  ---------------

Threads class SMR info:
_java_thread_list=0x000001e17daee940, length=19, elements={
0x000001e1237be7e0, 0x000001e12387add0, 0x000001e12387daf0, 0x000001e1237395e0,
0x000001e12373d410, 0x000001e12375f110, 0x000001e123763cf0, 0x000001e12376ada0,
0x000001e17cac0550, 0x000001e17ccf80a0, 0x000001e17ccf6cf0, 0x000001e17ccf8730,
0x000001e17ccf7380, 0x000001e17ccf8dc0, 0x000001e17ccf9450, 0x000001e17ccf9ae0,
0x000001e17ccfa170, 0x000001e17ccf7a10, 0x000001e17dae3de0
}

Java Threads: ( => current thread )
  0x000001e1237be7e0 JavaThread "main"                              [_thread_blocked, id=8724, stack(0x000000dfb4f00000,0x000000dfb5000000) (1024K)]
  0x000001e12387add0 JavaThread "Reference Handler"          daemon [_thread_blocked, id=13896, stack(0x000000dfb5300000,0x000000dfb5400000) (1024K)]
  0x000001e12387daf0 JavaThread "Finalizer"                  daemon [_thread_blocked, id=7196, stack(0x000000dfb5400000,0x000000dfb5500000) (1024K)]
  0x000001e1237395e0 JavaThread "Signal Dispatcher"          daemon [_thread_blocked, id=8076, stack(0x000000dfb5500000,0x000000dfb5600000) (1024K)]
  0x000001e12373d410 JavaThread "Attach Listener"            daemon [_thread_blocked, id=4648, stack(0x000000dfb5600000,0x000000dfb5700000) (1024K)]
  0x000001e12375f110 JavaThread "Service Thread"             daemon [_thread_blocked, id=5332, stack(0x000000dfb5700000,0x000000dfb5800000) (1024K)]
  0x000001e123763cf0 JavaThread "Monitor Deflation Thread"   daemon [_thread_blocked, id=12004, stack(0x000000dfb5800000,0x000000dfb5900000) (1024K)]
=>0x000001e12376ada0 JavaThread "C2 CompilerThread0"         daemon [_thread_in_native, id=16364, stack(0x000000dfb5900000,0x000000dfb5a00000) (1024K)]
  0x000001e17cac0550 JavaThread "C1 CompilerThread0"         daemon [_thread_blocked, id=21368, stack(0x000000dfb5a00000,0x000000dfb5b00000) (1024K)]
  0x000001e17ccf80a0 JavaThread "Common-Cleaner"             daemon [_thread_blocked, id=17520, stack(0x000000dfb5c00000,0x000000dfb5d00000) (1024K)]
  0x000001e17ccf6cf0 JavaThread "Notification Thread"        daemon [_thread_blocked, id=22860, stack(0x000000dfb5d00000,0x000000dfb5e00000) (1024K)]
  0x000001e17ccf8730 JavaThread "Active Thread: Equinox Container: df196a73-6478-4df6-aee7-a7c01d7f020a"        [_thread_blocked, id=4336, stack(0x000000dfb6500000,0x000000dfb6600000) (1024K)]
  0x000001e17ccf7380 JavaThread "Framework Event Dispatcher: Equinox Container: df196a73-6478-4df6-aee7-a7c01d7f020a" daemon [_thread_blocked, id=27480, stack(0x000000dfb6600000,0x000000dfb6700000) (1024K)]
  0x000001e17ccf8dc0 JavaThread "Start Level: Equinox Container: df196a73-6478-4df6-aee7-a7c01d7f020a" daemon [_thread_in_vm, id=3284, stack(0x000000dfb6700000,0x000000dfb6800000) (1024K)]
  0x000001e17ccf9450 JavaThread "SCR Component Actor"        daemon [_thread_blocked, id=3928, stack(0x000000dfb5b00000,0x000000dfb5c00000) (1024K)]
  0x000001e17ccf9ae0 JavaThread "Worker-JM"                         [_thread_blocked, id=5324, stack(0x000000dfb5e00000,0x000000dfb5f00000) (1024K)]
  0x000001e17ccfa170 JavaThread "JNA Cleaner"                daemon [_thread_blocked, id=17120, stack(0x000000dfb6900000,0x000000dfb6a00000) (1024K)]
  0x000001e17ccf7a10 JavaThread "Worker-0: Checking project encoding"        [_thread_in_vm, id=24056, stack(0x000000dfb6a00000,0x000000dfb6b00000) (1024K)]
  0x000001e17dae3de0 JavaThread "Worker-1"                          [_thread_blocked, id=21208, stack(0x000000dfb6b00000,0x000000dfb6c00000) (1024K)]
Total: 19

Other Threads:
  0x000001e123861b50 VMThread "VM Thread"                           [id=22928, stack(0x000000dfb5200000,0x000000dfb5300000) (1024K)]
  0x000001e12382e580 WatcherThread "VM Periodic Task Thread"        [id=20400, stack(0x000000dfb5100000,0x000000dfb5200000) (1024K)]
  0x000001e1237de4f0 WorkerThread "GC Thread#0"                     [id=13132, stack(0x000000dfb5000000,0x000000dfb5100000) (1024K)]
  0x000001e17d7825e0 WorkerThread "GC Thread#1"                     [id=18496, stack(0x000000dfb5f00000,0x000000dfb6000000) (1024K)]
  0x000001e17d8dcf90 WorkerThread "GC Thread#2"                     [id=18488, stack(0x000000dfb6000000,0x000000dfb6100000) (1024K)]
  0x000001e17d782980 WorkerThread "GC Thread#3"                     [id=23688, stack(0x000000dfb6100000,0x000000dfb6200000) (1024K)]
  0x000001e17d230600 WorkerThread "GC Thread#4"                     [id=19356, stack(0x000000dfb6200000,0x000000dfb6300000) (1024K)]
  0x000001e17d2309a0 WorkerThread "GC Thread#5"                     [id=2772, stack(0x000000dfb6300000,0x000000dfb6400000) (1024K)]
  0x000001e17d8a2420 WorkerThread "GC Thread#6"                     [id=5524, stack(0x000000dfb6400000,0x000000dfb6500000) (1024K)]
  0x000001e17d8425c0 WorkerThread "GC Thread#7"                     [id=25452, stack(0x000000dfb6800000,0x000000dfb6900000) (1024K)]
Total: 10

Threads with active compile tasks:
C2 CompilerThread0  4101 2572       4       java.lang.invoke.MethodType::makeImpl (109 bytes)
Total: 1

VM state: not at safepoint (normal execution)

VM Mutex/Monitor currently owned by a thread:  ([mutex/lock_event])
[0x00007ffad7d5b4f0] Metaspace_lock - owner thread: 0x000001e17ccf8dc0

Heap address: 0x0000000080000000, size: 2048 MB, Compressed Oops mode: 32-bit

CDS archive(s) mapped at: [0x000001e13b000000-0x000001e13bba0000-0x000001e13bba0000), size 12189696, SharedBaseAddress: 0x000001e13b000000, ArchiveRelocationMode: 1.
Compressed class space mapped at: 0x000001e13c000000-0x000001e17c000000, reserved size: 1073741824
Narrow klass base: 0x000001e13b000000, Narrow klass shift: 0, Narrow klass range: 0x100000000

GC Precious Log:
 CardTable entry size: 512
 CPUs: 8 total, 8 available
 Memory: 24375M
 Large Page Support: Disabled
 NUMA Support: Disabled
 Compressed Oops: Enabled (32-bit)
 Alignments: Space 512K, Generation 512K, Heap 2M
 Heap Min Capacity: 100M
 Heap Initial Capacity: 100M
 Heap Max Capacity: 2G
 Pre-touch: Disabled
 Parallel Workers: 8

Heap:
 PSYoungGen      total 29696K, used 26419K [0x00000000d5580000, 0x00000000d7680000, 0x0000000100000000)
  eden space 25600K, 87% used [0x00000000d5580000,0x00000000d6b50cc8,0x00000000d6e80000)
  from space 4096K, 99% used [0x00000000d6e80000,0x00000000d727c010,0x00000000d7280000)
  to   space 4096K, 0% used [0x00000000d7280000,0x00000000d7280000,0x00000000d7680000)
 ParOldGen       total 68608K, used 2886K [0x0000000080000000, 0x0000000084300000, 0x00000000d5580000)
  object space 68608K, 4% used [0x0000000080000000,0x00000000802d1a38,0x0000000084300000)
 Metaspace       used 16389K, committed 17024K, reserved 1114112K
  class space    used 1741K, committed 2048K, reserved 1048576K

Card table byte_map: [0x000001e123160000,0x000001e123570000] _byte_map_base: 0x000001e122d60000

Marking Bits: (ParMarkBitMap*) 0x00007ffad7d62460
 Begin Bits: [0x000001e135c70000, 0x000001e137c70000)
 End Bits:   [0x000001e137c70000, 0x000001e139c70000)

Polling page: 0x000001e121730000

Metaspace:

Usage:
  Non-class:     14.30 MB used.
      Class:      1.70 MB used.
       Both:     16.01 MB used.

Virtual space:
  Non-class space:       64.00 MB reserved,      14.62 MB ( 23%) committed,  1 nodes.
      Class space:        1.00 GB reserved,       2.00 MB ( <1%) committed,  1 nodes.
             Both:        1.06 GB reserved,      16.62 MB (  2%) committed. 

Chunk freelists:
   Non-Class:  944.00 KB
       Class:  13.96 MB
        Both:  14.88 MB

MaxMetaspaceSize: unlimited
CompressedClassSpaceSize: 1.00 GB
Initial GC threshold: 21.00 MB
Current GC threshold: 21.00 MB
CDS: on
 - commit_granule_bytes: 65536.
 - commit_granule_words: 8192.
 - virtual_space_node_default_size: 8388608.
 - enlarge_chunks_in_place: 1.
 - use_allocation_guard: 0.


Internal statistics:

num_allocs_failed_limit: 0.
num_arena_births: 506.
num_arena_deaths: 0.
num_vsnodes_births: 2.
num_vsnodes_deaths: 0.
num_space_committed: 266.
num_space_uncommitted: 0.
num_chunks_returned_to_freelist: 0.
num_chunks_taken_from_freelist: 1114.
num_chunk_merges: 0.
num_chunk_splits: 699.
num_chunks_enlarged: 438.
num_inconsistent_stats: 0.

CodeHeap 'non-profiled nmethods': size=120000Kb used=1086Kb max_used=1086Kb free=118913Kb
 bounds [0x000001e12e490000, 0x000001e12e700000, 0x000001e1359c0000]
CodeHeap 'profiled nmethods': size=120000Kb used=4956Kb max_used=4956Kb free=115043Kb
 bounds [0x000001e1269c0000, 0x000001e126ea0000, 0x000001e12def0000]
CodeHeap 'non-nmethods': size=5760Kb used=1284Kb max_used=1299Kb free=4475Kb
 bounds [0x000001e12def0000, 0x000001e12e160000, 0x000001e12e490000]
CodeCache: size=245760Kb, used=7326Kb, max_used=7341Kb, free=238431Kb
 total_blobs=3130, nmethods=2581, adapters=455, full_count=0
Compilation: enabled, stopped_count=0, restarted_count=0

Compilation events (20 events):
Event: 3.957 Thread 0x000001e17cac0550 2575       3       java.lang.invoke.LambdaFormEditor$TransformKey::of (51 bytes)
Event: 3.957 Thread 0x000001e17cac0550 nmethod 2575 0x000001e126e93110 code [0x000001e126e93300, 0x000001e126e937b0]
Event: 3.958 Thread 0x000001e17cac0550 2576       3       jdk.internal.org.objectweb.asm.ClassWriter::visit (160 bytes)
Event: 3.959 Thread 0x000001e17cac0550 nmethod 2576 0x000001e126e93990 code [0x000001e126e93bc0, 0x000001e126e94320]
Event: 3.959 Thread 0x000001e17cac0550 2577       3       jdk.internal.org.objectweb.asm.SymbolTable::setMajorVersionAndClassName (19 bytes)
Event: 3.959 Thread 0x000001e17cac0550 nmethod 2577 0x000001e126e94790 code [0x000001e126e94940, 0x000001e126e94b08]
Event: 3.963 Thread 0x000001e17cac0550 2578       3       java.util.Collection::stream (11 bytes)
Event: 3.964 Thread 0x000001e17cac0550 nmethod 2578 0x000001e126e94c10 code [0x000001e126e94dc0, 0x000001e126e94fc0]
Event: 3.988 Thread 0x000001e17cac0550 2580       1       org.eclipse.osgi.storage.BundleInfo::getStorage (5 bytes)
Event: 3.988 Thread 0x000001e17cac0550 nmethod 2580 0x000001e12e59f590 code [0x000001e12e59f720, 0x000001e12e59f7e8]
Event: 4.019 Thread 0x000001e17cac0550 2582       3       java.lang.ThreadLocal$ThreadLocalMap::nextIndex (15 bytes)
Event: 4.019 Thread 0x000001e17cac0550 nmethod 2582 0x000001e126e95090 code [0x000001e126e95220, 0x000001e126e95358]
Event: 4.045 Thread 0x000001e17cac0550 2584       3       java.lang.invoke.MethodHandles$Lookup$ClassDefiner::<init> (64 bytes)
Event: 4.045 Thread 0x000001e17cac0550 nmethod 2584 0x000001e126e95410 code [0x000001e126e955c0, 0x000001e126e95798]
Event: 4.045 Thread 0x000001e17cac0550 2585   !   3       java.lang.invoke.MethodHandles$Lookup$ClassDefiner::defineClass (213 bytes)
Event: 4.047 Thread 0x000001e17cac0550 nmethod 2585 0x000001e126e95890 code [0x000001e126e95b20, 0x000001e126e965c8]
Event: 4.047 Thread 0x000001e17cac0550 2587       3       java.util.TreeMap::leftOf (13 bytes)
Event: 4.048 Thread 0x000001e17cac0550 nmethod 2587 0x000001e126e96b10 code [0x000001e126e96cc0, 0x000001e126e96e28]
Event: 4.048 Thread 0x000001e17cac0550 2586       3       java.lang.System$2::defineClass (21 bytes)
Event: 4.048 Thread 0x000001e17cac0550 nmethod 2586 0x000001e126e96f10 code [0x000001e126e970c0, 0x000001e126e97238]

GC Heap History (6 events):
Event: 0.670 GC heap before
{Heap before GC invocations=1 (full 0):
 PSYoungGen      total 29696K, used 25600K [0x00000000d5580000, 0x00000000d7680000, 0x0000000100000000)
  eden space 25600K, 100% used [0x00000000d5580000,0x00000000d6e80000,0x00000000d6e80000)
  from space 4096K, 0% used [0x00000000d7280000,0x00000000d7280000,0x00000000d7680000)
  to   space 4096K, 0% used [0x00000000d6e80000,0x00000000d6e80000,0x00000000d7280000)
 ParOldGen       total 68608K, used 0K [0x0000000080000000, 0x0000000084300000, 0x00000000d5580000)
  object space 68608K, 0% used [0x0000000080000000,0x0000000080000000,0x0000000084300000)
 Metaspace       used 4327K, committed 4544K, reserved 1114112K
  class space    used 472K, committed 576K, reserved 1048576K
}
Event: 0.676 GC heap after
{Heap after GC invocations=1 (full 0):
 PSYoungGen      total 29696K, used 3280K [0x00000000d5580000, 0x00000000d7680000, 0x0000000100000000)
  eden space 25600K, 0% used [0x00000000d5580000,0x00000000d5580000,0x00000000d6e80000)
  from space 4096K, 80% used [0x00000000d6e80000,0x00000000d71b4148,0x00000000d7280000)
  to   space 4096K, 0% used [0x00000000d7280000,0x00000000d7280000,0x00000000d7680000)
 ParOldGen       total 68608K, used 16K [0x0000000080000000, 0x0000000084300000, 0x00000000d5580000)
  object space 68608K, 0% used [0x0000000080000000,0x0000000080004000,0x0000000084300000)
 Metaspace       used 4327K, committed 4544K, reserved 1114112K
  class space    used 472K, committed 576K, reserved 1048576K
}
Event: 1.552 GC heap before
{Heap before GC invocations=2 (full 0):
 PSYoungGen      total 29696K, used 28880K [0x00000000d5580000, 0x00000000d7680000, 0x0000000100000000)
  eden space 25600K, 100% used [0x00000000d5580000,0x00000000d6e80000,0x00000000d6e80000)
  from space 4096K, 80% used [0x00000000d6e80000,0x00000000d71b4148,0x00000000d7280000)
  to   space 4096K, 0% used [0x00000000d7280000,0x00000000d7280000,0x00000000d7680000)
 ParOldGen       total 68608K, used 16K [0x0000000080000000, 0x0000000084300000, 0x00000000d5580000)
  object space 68608K, 0% used [0x0000000080000000,0x0000000080004000,0x0000000084300000)
 Metaspace       used 8119K, committed 8384K, reserved 1114112K
  class space    used 862K, committed 960K, reserved 1048576K
}
Event: 1.558 GC heap after
{Heap after GC invocations=2 (full 0):
 PSYoungGen      total 29696K, used 4077K [0x00000000d5580000, 0x00000000d7680000, 0x0000000100000000)
  eden space 25600K, 0% used [0x00000000d5580000,0x00000000d5580000,0x00000000d6e80000)
  from space 4096K, 99% used [0x00000000d7280000,0x00000000d767b670,0x00000000d7680000)
  to   space 4096K, 0% used [0x00000000d6e80000,0x00000000d6e80000,0x00000000d7280000)
 ParOldGen       total 68608K, used 1101K [0x0000000080000000, 0x0000000084300000, 0x00000000d5580000)
  object space 68608K, 1% used [0x0000000080000000,0x0000000080113748,0x0000000084300000)
 Metaspace       used 8119K, committed 8384K, reserved 1114112K
  class space    used 862K, committed 960K, reserved 1048576K
}
Event: 2.787 GC heap before
{Heap before GC invocations=3 (full 0):
 PSYoungGen      total 29696K, used 29677K [0x00000000d5580000, 0x00000000d7680000, 0x0000000100000000)
  eden space 25600K, 100% used [0x00000000d5580000,0x00000000d6e80000,0x00000000d6e80000)
  from space 4096K, 99% used [0x00000000d7280000,0x00000000d767b670,0x00000000d7680000)
  to   space 4096K, 0% used [0x00000000d6e80000,0x00000000d6e80000,0x00000000d7280000)
 ParOldGen       total 68608K, used 1101K [0x0000000080000000, 0x0000000084300000, 0x00000000d5580000)
  object space 68608K, 1% used [0x0000000080000000,0x0000000080113748,0x0000000084300000)
 Metaspace       used 12958K, committed 13440K, reserved 1114112K
  class space    used 1372K, committed 1600K, reserved 1048576K
}
Event: 2.795 GC heap after
{Heap after GC invocations=3 (full 0):
 PSYoungGen      total 29696K, used 4080K [0x00000000d5580000, 0x00000000d7680000, 0x0000000100000000)
  eden space 25600K, 0% used [0x00000000d5580000,0x00000000d5580000,0x00000000d6e80000)
  from space 4096K, 99% used [0x00000000d6e80000,0x00000000d727c010,0x00000000d7280000)
  to   space 4096K, 0% used [0x00000000d7280000,0x00000000d7280000,0x00000000d7680000)
 ParOldGen       total 68608K, used 2886K [0x0000000080000000, 0x0000000084300000, 0x00000000d5580000)
  object space 68608K, 4% used [0x0000000080000000,0x00000000802d1a38,0x0000000084300000)
 Metaspace       used 12958K, committed 13440K, reserved 1114112K
  class space    used 1372K, committed 1600K, reserved 1048576K
}

Dll operation events (10 events):
Event: 0.011 Loaded shared library c:\Users\BHARATH\.antigravity\extensions\redhat.java-1.52.0-win32-x64\jre\21.0.9-win32-x86_64\bin\java.dll
Event: 0.071 Loaded shared library c:\Users\BHARATH\.antigravity\extensions\redhat.java-1.52.0-win32-x64\jre\21.0.9-win32-x86_64\bin\zip.dll
Event: 0.089 Loaded shared library C:\Users\BHARATH\.antigravity\extensions\redhat.java-1.52.0-win32-x64\jre\21.0.9-win32-x86_64\bin\instrument.dll
Event: 0.093 Loaded shared library C:\Users\BHARATH\.antigravity\extensions\redhat.java-1.52.0-win32-x64\jre\21.0.9-win32-x86_64\bin\net.dll
Event: 0.095 Loaded shared library C:\Users\BHARATH\.antigravity\extensions\redhat.java-1.52.0-win32-x64\jre\21.0.9-win32-x86_64\bin\nio.dll
Event: 0.097 Loaded shared library C:\Users\BHARATH\.antigravity\extensions\redhat.java-1.52.0-win32-x64\jre\21.0.9-win32-x86_64\bin\zip.dll
Event: 0.113 Loaded shared library C:\Users\BHARATH\.antigravity\extensions\redhat.java-1.52.0-win32-x64\jre\21.0.9-win32-x86_64\bin\jimage.dll
Event: 0.174 Loaded shared library c:\Users\BHARATH\.antigravity\extensions\redhat.java-1.52.0-win32-x64\jre\21.0.9-win32-x86_64\bin\verify.dll
Event: 1.609 Loaded shared library C:\Users\BHARATH\AppData\Roaming\Antigravity\User\globalStorage\redhat.java\1.52.0\config_ss_win\org.eclipse.equinox.launcher\org.eclipse.equinox.launcher.win32.win32.x86_64_1.2.1500.v20260121-1430\eclipse_11919.dll
Event: 3.539 Loaded shared library C:\Users\BHARATH\AppData\Local\Temp\jna-569536542\jna4702598120403063098.dll

Deoptimization events (20 events):
Event: 3.598 Thread 0x000001e17ccf8dc0 DEOPT PACKING pc=0x000001e12e595ecc sp=0x000000dfb67f7c70
Event: 3.598 Thread 0x000001e17ccf8dc0 DEOPT UNPACKING pc=0x000001e12df46da2 sp=0x000000dfb67f7be8 mode 2
Event: 3.598 Thread 0x000001e17ccf8dc0 Uncommon trap: trap_request=0xffffffde fr.pc=0x000001e12e595ecc relative=0x000000000000012c
Event: 3.598 Thread 0x000001e17ccf8dc0 Uncommon trap: reason=class_check action=maybe_recompile pc=0x000001e12e595ecc method=jdk.internal.misc.Unsafe.allocateUninitializedArray(Ljava/lang/Class;I)Ljava/lang/Object; @ 51 c2
Event: 3.598 Thread 0x000001e17ccf8dc0 DEOPT PACKING pc=0x000001e12e595ecc sp=0x000000dfb67f7a80
Event: 3.598 Thread 0x000001e17ccf8dc0 DEOPT UNPACKING pc=0x000001e12df46da2 sp=0x000000dfb67f79f8 mode 2
Event: 3.598 Thread 0x000001e17ccf8dc0 Uncommon trap: trap_request=0xffffffde fr.pc=0x000001e12e595ecc relative=0x000000000000012c
Event: 3.598 Thread 0x000001e17ccf8dc0 Uncommon trap: reason=class_check action=maybe_recompile pc=0x000001e12e595ecc method=jdk.internal.misc.Unsafe.allocateUninitializedArray(Ljava/lang/Class;I)Ljava/lang/Object; @ 51 c2
Event: 3.598 Thread 0x000001e17ccf8dc0 DEOPT PACKING pc=0x000001e12e595ecc sp=0x000000dfb67f7bd0
Event: 3.598 Thread 0x000001e17ccf8dc0 DEOPT UNPACKING pc=0x000001e12df46da2 sp=0x000000dfb67f7b48 mode 2
Event: 3.629 Thread 0x000001e17ccf8dc0 DEOPT PACKING pc=0x000001e126daebd6 sp=0x000000dfb67f7510
Event: 3.629 Thread 0x000001e17ccf8dc0 DEOPT UNPACKING pc=0x000001e12df478e2 sp=0x000000dfb67f6a38 mode 0
Event: 3.704 Thread 0x000001e17ccf8dc0 Uncommon trap: trap_request=0xffffffcc fr.pc=0x000001e12e598b9c relative=0x000000000000035c
Event: 3.704 Thread 0x000001e17ccf8dc0 Uncommon trap: reason=intrinsic_or_type_checked_inlining action=make_not_entrant pc=0x000001e12e598b9c method=java.util.Arrays.copyOf([Ljava/lang/Object;ILjava/lang/Class;)[Ljava/lang/Object; @ 35 c2
Event: 3.704 Thread 0x000001e17ccf8dc0 DEOPT PACKING pc=0x000001e12e598b9c sp=0x000000dfb67f94d0
Event: 3.704 Thread 0x000001e17ccf8dc0 DEOPT UNPACKING pc=0x000001e12df46da2 sp=0x000000dfb67f9460 mode 2
Event: 4.043 Thread 0x000001e17ccf8dc0 Uncommon trap: trap_request=0xffffff45 fr.pc=0x000001e12e5883d4 relative=0x0000000000000b94
Event: 4.043 Thread 0x000001e17ccf8dc0 Uncommon trap: reason=unstable_if action=reinterpret pc=0x000001e12e5883d4 method=jdk.internal.org.objectweb.asm.Frame.execute(IILjdk/internal/org/objectweb/asm/Symbol;Ljdk/internal/org/objectweb/asm/SymbolTable;)V @ 1 c2
Event: 4.043 Thread 0x000001e17ccf8dc0 DEOPT PACKING pc=0x000001e12e5883d4 sp=0x000000dfb67f8220
Event: 4.043 Thread 0x000001e17ccf8dc0 DEOPT UNPACKING pc=0x000001e12df46da2 sp=0x000000dfb67f81a8 mode 2

Classes loaded (20 events):
Event: 3.577 Loading class jdk/internal/reflect/MethodHandleIntegerFieldAccessorImpl
Event: 3.578 Loading class jdk/internal/reflect/MethodHandleIntegerFieldAccessorImpl done
Event: 3.599 Loading class java/io/PrintWriter
Event: 3.600 Loading class java/io/PrintWriter done
Event: 3.618 Loading class jdk/internal/reflect/MethodHandleShortFieldAccessorImpl
Event: 3.619 Loading class jdk/internal/reflect/MethodHandleShortFieldAccessorImpl done
Event: 3.620 Loading class java/lang/Short$ShortCache
Event: 3.622 Loading class java/lang/Short$ShortCache done
Event: 3.715 Loading class java/util/function/LongUnaryOperator
Event: 3.715 Loading class java/util/function/LongUnaryOperator done
Event: 3.716 Loading class java/lang/ThreadDeath
Event: 3.716 Loading class java/lang/ThreadDeath done
Event: 3.766 Loading class java/util/stream/SortedOps$SizedRefSortingSink
Event: 3.766 Loading class java/util/stream/SortedOps$SizedRefSortingSink done
Event: 3.948 Loading class java/util/concurrent/atomic/Striped64$1
Event: 3.948 Loading class java/util/concurrent/atomic/Striped64$1 done
Event: 4.047 Loading class java/util/Collections$UnmodifiableSortedSet
Event: 4.048 Loading class java/util/Collections$UnmodifiableSortedSet done
Event: 4.056 Loading class java/util/zip/GZIPOutputStream
Event: 4.056 Loading class java/util/zip/GZIPOutputStream done

Classes unloaded (0 events):
No events

Classes redefined (0 events):
No events

Internal exceptions (20 events):
Event: 3.578 Thread 0x000001e17ccf8dc0 Exception <a 'java/lang/NoSuchMethodError'{0x00000000d6436e98}: 'void java.lang.invoke.DirectMethodHandle$Holder.invokeSpecial(java.lang.Object, java.lang.Object, java.lang.Object, int)'> (0x00000000d6436e98) 
thrown [s\src\hotspot\share\interpreter\linkResolver.cpp, line 773]
Event: 3.578 Thread 0x000001e17ccf8dc0 Exception <a 'java/lang/NoSuchMethodError'{0x00000000d643a828}: 'void java.lang.invoke.DelegatingMethodHandle$Holder.reinvoke_L(java.lang.Object, java.lang.Object, int)'> (0x00000000d643a828) 
thrown [s\src\hotspot\share\interpreter\linkResolver.cpp, line 773]
Event: 3.580 Thread 0x000001e17ccf8dc0 Exception <a 'java/lang/NoSuchMethodError'{0x00000000d6441510}: 'int java.lang.invoke.Invokers$Holder.invokeExact_MT(java.lang.Object, java.lang.Object, java.lang.Object)'> (0x00000000d6441510) 
thrown [s\src\hotspot\share\interpreter\linkResolver.cpp, line 773]
Event: 3.648 Thread 0x000001e17ccf8dc0 Exception <a 'java/lang/NoSuchMethodError'{0x00000000d654d3a8}: 'void java.lang.invoke.Invokers$Holder.invokeExact_MT(java.lang.Object, java.lang.Object, int, java.lang.Object)'> (0x00000000d654d3a8) 
thrown [s\src\hotspot\share\interpreter\linkResolver.cpp, line 773]
Event: 3.712 Thread 0x000001e17ccf8dc0 Exception <a 'java/lang/NoSuchMethodError'{0x00000000d663a8e8}: 'java.lang.Object java.lang.invoke.DirectMethodHandle$Holder.invokeSpecial(java.lang.Object, java.lang.Object, java.lang.Object, long, java.lang.Object)'> (0x00000000d663a8e8) 
thrown [s\src\hotspot\share\interpreter\linkResolver.cpp, line 773]
Event: 3.713 Thread 0x000001e17ccf8dc0 Exception <a 'java/lang/NoSuchMethodError'{0x00000000d6642130}: 'java.lang.Object java.lang.invoke.DirectMethodHandle$Holder.newInvokeSpecial(java.lang.Object, java.lang.Object, java.lang.Object, long)'> (0x00000000d6642130) 
thrown [s\src\hotspot\share\interpreter\linkResolver.cpp, line 773]
Event: 3.714 Thread 0x000001e17ccf8dc0 Exception <a 'java/lang/NoSuchMethodError'{0x00000000d66464e0}: 'java.lang.Object java.lang.invoke.DirectMethodHandle$Holder.invokeSpecial(java.lang.Object, java.lang.Object, java.lang.Object, java.lang.Object, long)'> (0x00000000d66464e0) 
thrown [s\src\hotspot\share\interpreter\linkResolver.cpp, line 773]
Event: 3.714 Thread 0x000001e17ccf8dc0 Exception <a 'java/lang/NoSuchMethodError'{0x00000000d664a100}: 'java.lang.Object java.lang.invoke.Invokers$Holder.linkToTargetMethod(java.lang.Object, java.lang.Object, long, java.lang.Object)'> (0x00000000d664a100) 
thrown [s\src\hotspot\share\interpreter\linkResolver.cpp, line 773]
Event: 3.755 Thread 0x000001e17ccf8dc0 Exception <a 'java/lang/NoSuchMethodError'{0x00000000d66a2820}: 'int java.lang.invoke.DirectMethodHandle$Holder.invokeStaticInit(java.lang.Object, java.lang.Object, java.lang.Object)'> (0x00000000d66a2820) 
thrown [s\src\hotspot\share\interpreter\linkResolver.cpp, line 773]
Event: 3.815 Thread 0x000001e17ccf8dc0 Exception <a 'java/lang/IncompatibleClassChangeError'{0x00000000d674b008}: Found class java.lang.Object, but interface was expected> (0x00000000d674b008) 
thrown [s\src\hotspot\share\interpreter\linkResolver.cpp, line 840]
Event: 3.897 Thread 0x000001e17ccf8dc0 Exception <a 'java/lang/NoSuchMethodError'{0x00000000d6765ca8}: 'java.lang.Object java.lang.invoke.DirectMethodHandle$Holder.invokeSpecial(java.lang.Object, java.lang.Object, java.lang.Object, int, java.lang.Object, java.lang.Object)'> (0x00000000d6765ca8) 
thrown [s\src\hotspot\share\interpreter\linkResolver.cpp, line 773]
Event: 3.899 Thread 0x000001e17ccf8dc0 Exception <a 'java/lang/NoSuchMethodError'{0x00000000d676d780}: 'java.lang.Object java.lang.invoke.DirectMethodHandle$Holder.newInvokeSpecial(java.lang.Object, java.lang.Object, java.lang.Object, int, java.lang.Object)'> (0x00000000d676d780) 
thrown [s\src\hotspot\share\interpreter\linkResolver.cpp, line 773]
Event: 3.902 Thread 0x000001e17ccf8dc0 Exception <a 'java/lang/NoSuchMethodError'{0x00000000d6771700}: 'java.lang.Object java.lang.invoke.DirectMethodHandle$Holder.invokeSpecial(java.lang.Object, java.lang.Object, java.lang.Object, java.lang.Object, int, java.lang.Object)'> (0x00000000d6771700) 
thrown [s\src\hotspot\share\interpreter\linkResolver.cpp, line 773]
Event: 3.902 Thread 0x000001e17ccf8dc0 Exception <a 'java/lang/NoSuchMethodError'{0x00000000d6775240}: 'java.lang.Object java.lang.invoke.Invokers$Holder.linkToTargetMethod(java.lang.Object, java.lang.Object, int, java.lang.Object, java.lang.Object)'> (0x00000000d6775240) 
thrown [s\src\hotspot\share\interpreter\linkResolver.cpp, line 773]
Event: 3.903 Thread 0x000001e17ccf7a10 Exception <a 'java/lang/NoSuchMethodError'{0x00000000d66c6290}: 'java.lang.Object java.lang.invoke.DirectMethodHandle$Holder.invokeSpecial(java.lang.Object, java.lang.Object, int, java.lang.Object, java.lang.Object)'> (0x00000000d66c6290) 
thrown [s\src\hotspot\share\interpreter\linkResolver.cpp, line 773]
Event: 3.904 Thread 0x000001e17ccf7a10 Exception <a 'java/lang/NoSuchMethodError'{0x00000000d66ccfc8}: 'java.lang.Object java.lang.invoke.DirectMethodHandle$Holder.newInvokeSpecial(java.lang.Object, java.lang.Object, int, java.lang.Object)'> (0x00000000d66ccfc8) 
thrown [s\src\hotspot\share\interpreter\linkResolver.cpp, line 773]
Event: 3.905 Thread 0x000001e17ccf7a10 Exception <a 'java/lang/NoSuchMethodError'{0x00000000d66d08a8}: 'java.lang.Object java.lang.invoke.DirectMethodHandle$Holder.invokeSpecial(java.lang.Object, java.lang.Object, java.lang.Object, int, java.lang.Object)'> (0x00000000d66d08a8) 
thrown [s\src\hotspot\share\interpreter\linkResolver.cpp, line 773]
Event: 3.956 Thread 0x000001e17ccf8dc0 Exception <a 'java/lang/NoSuchMethodError'{0x00000000d6893e88}: 'void java.lang.invoke.DirectMethodHandle$Holder.invokeSpecial(java.lang.Object, java.lang.Object, java.lang.Object, java.lang.Object, java.lang.Object)'> (0x00000000d6893e88) 
thrown [s\src\hotspot\share\interpreter\linkResolver.cpp, line 773]
Event: 4.043 Thread 0x000001e17ccf8dc0 Exception <a 'java/lang/NoSuchMethodError'{0x00000000d6a66970}: 'double java.lang.invoke.DirectMethodHandle$Holder.invokeStatic(java.lang.Object, java.lang.Object)'> (0x00000000d6a66970) 
thrown [s\src\hotspot\share\interpreter\linkResolver.cpp, line 773]
Event: 4.044 Thread 0x000001e17ccf8dc0 Exception <a 'java/lang/NoSuchMethodError'{0x00000000d6a6a030}: 'double java.lang.invoke.DirectMethodHandle$Holder.invokeStaticInit(java.lang.Object, java.lang.Object)'> (0x00000000d6a6a030) 
thrown [s\src\hotspot\share\interpreter\linkResolver.cpp, line 773]

ZGC Phase Switch (0 events):
No events

VM Operations (20 events):
Event: 1.552 Executing VM operation: ParallelGCFailedAllocation (Allocation Failure)
Event: 1.558 Executing VM operation: ParallelGCFailedAllocation (Allocation Failure) done
Event: 1.967 Executing VM operation: HandshakeAllThreads (Deoptimize)
Event: 1.967 Executing VM operation: HandshakeAllThreads (Deoptimize) done
Event: 2.639 Executing VM operation: HandshakeAllThreads (Deoptimize)
Event: 2.639 Executing VM operation: HandshakeAllThreads (Deoptimize) done
Event: 2.639 Executing VM operation: Cleanup
Event: 2.639 Executing VM operation: Cleanup done
Event: 2.787 Executing VM operation: ParallelGCFailedAllocation (Allocation Failure)
Event: 2.795 Executing VM operation: ParallelGCFailedAllocation (Allocation Failure) done
Event: 2.888 Executing VM operation: HandshakeAllThreads (Deoptimize)
Event: 2.888 Executing VM operation: HandshakeAllThreads (Deoptimize) done
Event: 2.892 Executing VM operation: HandshakeAllThreads (Deoptimize)
Event: 2.892 Executing VM operation: HandshakeAllThreads (Deoptimize) done
Event: 2.908 Executing VM operation: HandshakeAllThreads (Deoptimize)
Event: 2.908 Executing VM operation: HandshakeAllThreads (Deoptimize) done
Event: 3.317 Executing VM operation: HandshakeAllThreads (Deoptimize)
Event: 3.317 Executing VM operation: HandshakeAllThreads (Deoptimize) done
Event: 3.550 Executing VM operation: HandshakeAllThreads (Deoptimize)
Event: 3.550 Executing VM operation: HandshakeAllThreads (Deoptimize) done

Memory protections (0 events):
No events

Nmethod flushes (0 events):
No events

Events (20 events):
Event: 0.079 Thread 0x000001e17cac0550 Thread added: 0x000001e17cac0c20
Event: 0.090 Thread 0x000001e1237be7e0 Thread added: 0x000001e17ccf80a0
Event: 0.253 Thread 0x000001e1237be7e0 Thread added: 0x000001e17ccf6cf0
Event: 0.356 Thread 0x000001e12376ada0 Thread added: 0x000001e17cabfe80
Event: 1.196 Thread 0x000001e1237be7e0 Thread added: 0x000001e17ccf8730
Event: 1.481 Thread 0x000001e1237be7e0 Thread added: 0x000001e17ccf7380
Event: 1.486 Thread 0x000001e1237be7e0 Thread added: 0x000001e17ccf8dc0
Event: 1.582 Thread 0x000001e17cabfe80 Thread exited: 0x000001e17cabfe80
Event: 1.698 Thread 0x000001e17cac0c20 Thread exited: 0x000001e17cac0c20
Event: 1.792 Thread 0x000001e17ccf8dc0 Thread added: 0x000001e17ccf9450
Event: 2.319 Thread 0x000001e17cac0550 Thread added: 0x000001e17cac12f0
Event: 2.319 Thread 0x000001e17cac0550 Thread added: 0x000001e17cabf7b0
Event: 2.536 Thread 0x000001e17cabf7b0 Thread exited: 0x000001e17cabf7b0
Event: 2.608 Thread 0x000001e17cac12f0 Thread exited: 0x000001e17cac12f0
Event: 2.679 Thread 0x000001e17ccf8dc0 Thread added: 0x000001e17ccf9ae0
Event: 2.922 Thread 0x000001e17cac0550 Thread added: 0x000001e17cabf7b0
Event: 3.210 Thread 0x000001e17cabf7b0 Thread exited: 0x000001e17cabf7b0
Event: 3.594 Thread 0x000001e17ccf8dc0 Thread added: 0x000001e17ccfa170
Event: 3.735 Thread 0x000001e17ccf8dc0 Thread added: 0x000001e17ccf7a10
Event: 3.904 Thread 0x000001e17ccf8dc0 Thread added: 0x000001e17dae3de0


Dynamic libraries:
0x00007ff67c290000 - 0x00007ff67c29e000 	c:\Users\BHARATH\.antigravity\extensions\redhat.java-1.52.0-win32-x64\jre\21.0.9-win32-x86_64\bin\java.exe
0x00007ffb67f40000 - 0x00007ffb681a8000 	C:\WINDOWS\SYSTEM32\ntdll.dll
0x00007ffb66070000 - 0x00007ffb66139000 	C:\WINDOWS\System32\KERNEL32.DLL
0x00007ffb654a0000 - 0x00007ffb65891000 	C:\WINDOWS\System32\KERNELBASE.dll
0x00007ffb65b00000 - 0x00007ffb65c4b000 	C:\WINDOWS\System32\ucrtbase.dll
0x00007ffb4e460000 - 0x00007ffb4e478000 	c:\Users\BHARATH\.antigravity\extensions\redhat.java-1.52.0-win32-x64\jre\21.0.9-win32-x86_64\bin\jli.dll
0x00007ffb4cd70000 - 0x00007ffb4cd8e000 	c:\Users\BHARATH\.antigravity\extensions\redhat.java-1.52.0-win32-x64\jre\21.0.9-win32-x86_64\bin\VCRUNTIME140.dll
0x00007ffb670a0000 - 0x00007ffb67266000 	C:\WINDOWS\System32\USER32.dll
0x00007ffb65ad0000 - 0x00007ffb65af7000 	C:\WINDOWS\System32\win32u.dll
0x00007ffb50340000 - 0x00007ffb505d3000 	C:\WINDOWS\WinSxS\amd64_microsoft.windows.common-controls_6595b64144ccf1df_6.0.26100.7824_none_3e0870b2e3345462\COMCTL32.dll
0x00007ffb66660000 - 0x00007ffb6668b000 	C:\WINDOWS\System32\GDI32.dll
0x00007ffb666a0000 - 0x00007ffb66749000 	C:\WINDOWS\System32\msvcrt.dll
0x00007ffb65370000 - 0x00007ffb6549b000 	C:\WINDOWS\System32\gdi32full.dll
0x00007ffb64820000 - 0x00007ffb648c3000 	C:\WINDOWS\System32\msvcp_win.dll
0x00007ffb67a30000 - 0x00007ffb67a61000 	C:\WINDOWS\System32\IMM32.DLL
0x00007ffb52010000 - 0x00007ffb5201c000 	c:\Users\BHARATH\.antigravity\extensions\redhat.java-1.52.0-win32-x64\jre\21.0.9-win32-x86_64\bin\vcruntime140_1.dll
0x00007ffb25ab0000 - 0x00007ffb25b3d000 	c:\Users\BHARATH\.antigravity\extensions\redhat.java-1.52.0-win32-x64\jre\21.0.9-win32-x86_64\bin\msvcp140.dll
0x00007ffad70a0000 - 0x00007ffad7e40000 	c:\Users\BHARATH\.antigravity\extensions\redhat.java-1.52.0-win32-x64\jre\21.0.9-win32-x86_64\bin\server\jvm.dll
0x00007ffb67660000 - 0x00007ffb67714000 	C:\WINDOWS\System32\ADVAPI32.dll
0x00007ffb67350000 - 0x00007ffb673f6000 	C:\WINDOWS\System32\sechost.dll
0x00007ffb66750000 - 0x00007ffb66868000 	C:\WINDOWS\System32\RPCRT4.dll
0x00007ffb662b0000 - 0x00007ffb66324000 	C:\WINDOWS\System32\WS2_32.dll
0x00007ffb64680000 - 0x00007ffb646de000 	C:\WINDOWS\SYSTEM32\POWRPROF.dll
0x00007ffb5b160000 - 0x00007ffb5b195000 	C:\WINDOWS\SYSTEM32\WINMM.dll
0x00007ffb5aca0000 - 0x00007ffb5acab000 	C:\WINDOWS\SYSTEM32\VERSION.dll
0x00007ffb64660000 - 0x00007ffb64674000 	C:\WINDOWS\SYSTEM32\UMPDC.dll
0x00007ffb635c0000 - 0x00007ffb635db000 	C:\WINDOWS\SYSTEM32\kernel.appcore.dll
0x00007ffb50ce0000 - 0x00007ffb50cea000 	c:\Users\BHARATH\.antigravity\extensions\redhat.java-1.52.0-win32-x64\jre\21.0.9-win32-x86_64\bin\jimage.dll
0x00007ffb61d80000 - 0x00007ffb61fc2000 	C:\WINDOWS\SYSTEM32\DBGHELP.DLL
0x00007ffb65ce0000 - 0x00007ffb66066000 	C:\WINDOWS\System32\combase.dll
0x00007ffb67270000 - 0x00007ffb67347000 	C:\WINDOWS\System32\OLEAUT32.dll
0x00007ffb48850000 - 0x00007ffb4888b000 	C:\WINDOWS\SYSTEM32\dbgcore.DLL
0x00007ffb658a0000 - 0x00007ffb65945000 	C:\WINDOWS\System32\bcryptPrimitives.dll
0x00007ffb50a80000 - 0x00007ffb50a8f000 	c:\Users\BHARATH\.antigravity\extensions\redhat.java-1.52.0-win32-x64\jre\21.0.9-win32-x86_64\bin\instrument.dll
0x00007ffb364f0000 - 0x00007ffb36510000 	c:\Users\BHARATH\.antigravity\extensions\redhat.java-1.52.0-win32-x64\jre\21.0.9-win32-x86_64\bin\java.dll
0x00007ffb66870000 - 0x00007ffb66fc2000 	C:\WINDOWS\System32\SHELL32.dll
0x00007ffb648d0000 - 0x00007ffb64a3a000 	C:\WINDOWS\System32\wintypes.dll
0x00007ffb64a40000 - 0x00007ffb652a3000 	C:\WINDOWS\System32\windows.storage.dll
0x00007ffb66330000 - 0x00007ffb66426000 	C:\WINDOWS\System32\SHCORE.dll
0x00007ffb674d0000 - 0x00007ffb67537000 	C:\WINDOWS\System32\shlwapi.dll
0x00007ffb64740000 - 0x00007ffb64769000 	C:\WINDOWS\SYSTEM32\profapi.dll
0x00007ffb52040000 - 0x00007ffb52058000 	c:\Users\BHARATH\.antigravity\extensions\redhat.java-1.52.0-win32-x64\jre\21.0.9-win32-x86_64\bin\zip.dll
0x00007ffb52930000 - 0x00007ffb52940000 	C:\Users\BHARATH\.antigravity\extensions\redhat.java-1.52.0-win32-x64\jre\21.0.9-win32-x86_64\bin\net.dll
0x00007ffb5cf40000 - 0x00007ffb5d067000 	C:\WINDOWS\SYSTEM32\WINHTTP.dll
0x00007ffb63b30000 - 0x00007ffb63b9b000 	C:\WINDOWS\system32\mswsock.dll
0x00007ffb52020000 - 0x00007ffb52036000 	C:\Users\BHARATH\.antigravity\extensions\redhat.java-1.52.0-win32-x64\jre\21.0.9-win32-x86_64\bin\nio.dll
0x00007ffb4e450000 - 0x00007ffb4e460000 	c:\Users\BHARATH\.antigravity\extensions\redhat.java-1.52.0-win32-x64\jre\21.0.9-win32-x86_64\bin\verify.dll
0x00007ffb19050000 - 0x00007ffb19095000 	C:\Users\BHARATH\AppData\Roaming\Antigravity\User\globalStorage\redhat.java\1.52.0\config_ss_win\org.eclipse.equinox.launcher\org.eclipse.equinox.launcher.win32.win32.x86_64_1.2.1500.v20260121-1430\eclipse_11919.dll
0x00007ffb67880000 - 0x00007ffb67a17000 	C:\WINDOWS\System32\ole32.dll
0x00007ffb63e00000 - 0x00007ffb63e1b000 	C:\WINDOWS\SYSTEM32\CRYPTSP.dll
0x00007ffb63520000 - 0x00007ffb63559000 	C:\WINDOWS\system32\rsaenh.dll
0x00007ffb63be0000 - 0x00007ffb63c0b000 	C:\WINDOWS\SYSTEM32\USERENV.dll
0x00007ffb64710000 - 0x00007ffb6473a000 	C:\WINDOWS\SYSTEM32\bcrypt.dll
0x00007ffb63e20000 - 0x00007ffb63e2c000 	C:\WINDOWS\SYSTEM32\CRYPTBASE.dll
0x00007ffb62fe0000 - 0x00007ffb63014000 	C:\WINDOWS\SYSTEM32\IPHLPAPI.DLL
0x00007ffb66690000 - 0x00007ffb6669a000 	C:\WINDOWS\System32\NSI.dll
0x00007ffafbe00000 - 0x00007ffafbe49000 	C:\Users\BHARATH\AppData\Local\Temp\jna-569536542\jna4702598120403063098.dll
0x00007ffb67a20000 - 0x00007ffb67a28000 	C:\WINDOWS\System32\PSAPI.DLL

JVMTI agents:
c:\Users\BHARATH\.antigravity\extensions\redhat.java-1.52.0-win32-x64\lombok\lombok-1.18.39-4050.jar path:c:\Users\BHARATH\.antigravity\extensions\redhat.java-1.52.0-win32-x64\jre\21.0.9-win32-x86_64\bin\instrument.dll, loaded, initialized, instrumentlib options:none

dbghelp: loaded successfully - version: 4.0.5 - missing functions: none
symbol engine: initialized successfully - sym options: 0x614 - pdb path: .;c:\Users\BHARATH\.antigravity\extensions\redhat.java-1.52.0-win32-x64\jre\21.0.9-win32-x86_64\bin;C:\WINDOWS\SYSTEM32;C:\WINDOWS\WinSxS\amd64_microsoft.windows.common-controls_6595b64144ccf1df_6.0.26100.7824_none_3e0870b2e3345462;c:\Users\BHARATH\.antigravity\extensions\redhat.java-1.52.0-win32-x64\jre\21.0.9-win32-x86_64\bin\server;C:\Users\BHARATH\AppData\Roaming\Antigravity\User\globalStorage\redhat.java\1.52.0\config_ss_win\org.eclipse.equinox.launcher\org.eclipse.equinox.launcher.win32.win32.x86_64_1.2.1500.v20260121-1430;C:\Users\BHARATH\AppData\Local\Temp\jna-569536542

VM Arguments:
jvm_args: --add-modules=ALL-SYSTEM --add-opens=java.base/java.util=ALL-UNNAMED --add-opens=java.base/java.lang=ALL-UNNAMED --add-opens=java.base/sun.nio.fs=ALL-UNNAMED -Declipse.application=org.eclipse.jdt.ls.core.id1 -Dosgi.bundles.defaultStartLevel=4 -Declipse.product=org.eclipse.jdt.ls.core.product -Djava.import.generatesMetadataFilesAtProjectRoot=false -DDetectVMInstallationsJob.disabled=true -Dfile.encoding=utf8 -XX:+UseParallelGC -XX:GCTimeRatio=4 -XX:AdaptiveSizePolicyWeight=90 -Dsun.zip.disableMemoryMapping=true -Xmx2G -Xms100m -Xlog:disable -javaagent:c:\Users\BHARATH\.antigravity\extensions\redhat.java-1.52.0-win32-x64\lombok\lombok-1.18.39-4050.jar 
java_command: c:\Users\BHARATH\.antigravity\extensions\redhat.java-1.52.0-win32-x64\server\plugins\org.eclipse.equinox.launcher_1.7.100.v20251111-0406.jar -configuration c:\Users\BHARATH\AppData\Roaming\Antigravity\User\globalStorage\redhat.java\1.52.0\config_ss_win -data c:\Users\BHARATH\AppData\Roaming\Antigravity\User\workspaceStorage\a499d5fa068c5806f92bdea5d88fd22c\redhat.java\ss_ws --pipe=\\.\pipe\lsp-d8675f26206d4b9a75b853eaa7eab13b-sock
java_class_path (initial): c:\Users\BHARATH\.antigravity\extensions\redhat.java-1.52.0-win32-x64\server\plugins\org.eclipse.equinox.launcher_1.7.100.v20251111-0406.jar
Launcher Type: SUN_STANDARD

[Global flags]
    uintx AdaptiveSizePolicyWeight                 = 90                                        {product} {command line}
     intx CICompilerCount                          = 4                                         {product} {ergonomic}
    uintx GCTimeRatio                              = 4                                         {product} {command line}
   size_t InitialHeapSize                          = 104857600                                 {product} {command line}
   size_t MaxHeapSize                              = 2147483648                                {product} {command line}
   size_t MaxNewSize                               = 715653120                                 {product} {ergonomic}
   size_t MinHeapDeltaBytes                        = 524288                                    {product} {ergonomic}
   size_t MinHeapSize                              = 104857600                                 {product} {command line}
   size_t NewSize                                  = 34603008                                  {product} {ergonomic}
    uintx NonNMethodCodeHeapSize                   = 5839372                                {pd product} {ergonomic}
    uintx NonProfiledCodeHeapSize                  = 122909434                              {pd product} {ergonomic}
   size_t OldSize                                  = 70254592                                  {product} {ergonomic}
    uintx ProfiledCodeHeapSize                     = 122909434                              {pd product} {ergonomic}
    uintx ReservedCodeCacheSize                    = 251658240                              {pd product} {ergonomic}
     bool SegmentedCodeCache                       = true                                      {product} {ergonomic}
   size_t SoftMaxHeapSize                          = 2147483648                             {manageable} {ergonomic}
     bool UseCompressedOops                        = true                           {product lp64_product} {ergonomic}
     bool UseLargePagesIndividualAllocation        = false                                  {pd product} {ergonomic}
     bool UseParallelGC                            = true                                      {product} {command line}

Logging:
Log output configuration:
 #0: stdout all=off uptime,level,tags foldmultilines=false
 #1: stderr all=off uptime,level,tags foldmultilines=false

Release file:
JAVA_VERSION="21.0.9" 
MODULES="java.base java.compiler java.datatransfer java.xml java.prefs java.desktop java.instrument java.logging java.management java.security.sasl java.naming java.rmi java.management.rmi java.net.http java.scripting java.security.jgss java.transaction.xa java.sql java.sql.rowset java.xml.crypto java.se java.smartcardio jdk.accessibility jdk.internal.jvmstat jdk.attach jdk.charsets jdk.internal.opt jdk.zipfs jdk.compiler jdk.crypto.ec jdk.crypto.cryptoki jdk.crypto.mscapi jdk.dynalink jdk.internal.ed jdk.editpad jdk.hotspot.agent jdk.httpserver jdk.internal.le jdk.internal.vm.ci jdk.internal.vm.compiler jdk.internal.vm.compiler.management jdk.jartool jdk.javadoc jdk.jcmd jdk.management jdk.management.agent jdk.jconsole jdk.jdeps jdk.jdwp.agent jdk.jdi jdk.jfr jdk.jshell jdk.jsobject jdk.jstatd jdk.localedata jdk.management.jfr jdk.naming.dns jdk.naming.rmi jdk.net jdk.nio.mapmode jdk.random jdk.sctp jdk.security.auth jdk.security.jgss jdk.unsupported jdk.unsupported.desktop jdk.xml.dom" 

Environment Variables:
JAVA_HOME=C:\Program Files\Java\jdk-20
PATH=C:\Program Files\Eclipse Adoptium\jdk-21.0.6.7-hotspot\bin;C:\Python312\Scripts\;C:\Python312\;C:\Program Files\Common Files\Oracle\Java\javapath;C:\WINDOWS\system32;C:\WINDOWS;C:\WINDOWS\System32\Wbem;C:\WINDOWS\System32\WindowsPowerShell\v1.0\;C:\WINDOWS\System32\OpenSSH\;C:\Program Files\Java\jdk-20\bin;C:\Program Files\MySQL\MySQL Server 8.0\bin;C:\Program Files\Git\cmd;C:\ProgramData\chocolatey\bin;C:\Program Files\nodejs\;C:\Program Files\Eclipse Adoptium\jdk-21.0.6.7-hotspot\\bin;C:\gradle-8.13-all\gradle-8.13\bin;C:\Users\BHARATH\AppData\Local\Programs\Python\Python311\Scripts\;C:\Users\BHARATH\AppData\Local\Programs\Python\Python311\;C:\Program Files\MySQL\MySQL Shell 8.0\bin\;C:\Users\BHARATH\AppData\Local\Microsoft\WindowsApps;C:\Users\BHARATH\AppData\Local\Programs\Microsoft VS Code\bin;C:\Users\BHARATH\AppData\Roaming\npm;C:\dartsdk-windows-x64-release\dart-sdk\bin;C:\flutter\bin;C:\Users\BHARATH\AppData\Local\Programs\Antigravity\bin;C:\apache-maven-3.9.12-bin\apache-maven-3.9.12\bin;
USERNAME=BHARATH
OS=Windows_NT
PROCESSOR_IDENTIFIER=Intel64 Family 6 Model 140 Stepping 1, GenuineIntel
TMP=C:\Users\BHARATH\AppData\Local\Temp
TEMP=C:\Users\BHARATH\AppData\Local\Temp




Periodic native trim disabled

---------------  S Y S T E M  ---------------

OS:
 Windows 11 , 64 bit Build 26100 (10.0.26100.7705)
OS uptime: 1 days 5:40 hours
Hyper-V role detected

CPU: total 8 (initial active 8) (4 cores per cpu, 2 threads per core) family 6 model 140 stepping 1 microcode 0x9a, cx8, cmov, fxsr, ht, mmx, 3dnowpref, sse, sse2, sse3, ssse3, sse4.1, sse4.2, popcnt, lzcnt, tsc, tscinvbit, avx, avx2, aes, erms, clmul, bmi1, bmi2, adx, avx512f, avx512dq, avx512cd, avx512bw, avx512vl, sha, fma, vzeroupper, avx512_vpopcntdq, avx512_vpclmulqdq, avx512_vaes, avx512_vnni, clflush, clflushopt, clwb, avx512_vbmi2, avx512_vbmi, hv, rdtscp, rdpid, fsrm, gfni, avx512_bitalg, f16c, cet_ibt, cet_ss, avx512_ifma
Processor Information for processor 0
  Max Mhz: 2419, Current Mhz: 2419, Mhz Limit: 2419
Processor Information for processor 1
  Max Mhz: 2419, Current Mhz: 2419, Mhz Limit: 2419
Processor Information for processor 2
  Max Mhz: 2419, Current Mhz: 1511, Mhz Limit: 2419
Processor Information for processor 3
  Max Mhz: 2419, Current Mhz: 1511, Mhz Limit: 2419
Processor Information for processor 4
  Max Mhz: 2419, Current Mhz: 1511, Mhz Limit: 2419
Processor Information for processor 5
  Max Mhz: 2419, Current Mhz: 1511, Mhz Limit: 2419
Processor Information for processor 6
  Max Mhz: 2419, Current Mhz: 1511, Mhz Limit: 2419
Processor Information for processor 7
  Max Mhz: 2419, Current Mhz: 1511, Mhz Limit: 2419

Memory: 4k page, system-wide physical 24375M (6535M free)
TotalPageFile size 24828M (AvailPageFile size 0M)
current process WorkingSet (physical memory assigned to process): 119M, peak: 119M
current process commit charge ("private bytes"): 259M, peak: 259M

vm_info: OpenJDK 64-Bit Server VM (21.0.9+10-LTS) for windows-amd64 JRE (21.0.9+10-LTS), built on 2025-10-21T00:00:00Z by "admin" with unknown MS VC++:1942

END.
