#
# There is insufficient memory for the Java Runtime Environment to continue.
# Native memory allocation (malloc) failed to allocate 1048576 bytes. Error detail: AllocateHeap
# Possible reasons:
#   The system is out of physical RAM or swap space
#   This process is running with CompressedOops enabled, and the Java Heap may be blocking the growth of the native heap
# Possible solutions:
#   Reduce memory load on the system
#   Increase physical memory or swap space
#   Check if swap backing store is full
#   Decrease Java heap size (-Xmx/-Xms)
#   Decrease number of Java threads
#   Decrease Java thread stack sizes (-Xss)
#   Set larger code cache with -XX:ReservedCodeCacheSize=
#   JVM is running with Unscaled Compressed Oops mode in which the Java heap is
#     placed in the first 4GB address space. The Java Heap base address is the
#     maximum limit for the native heap growth. Please use -XX:HeapBaseMinAddress
#     to set the Java Heap base and to place the Java Heap above 4GB virtual address.
# This output file may be truncated or incomplete.
#
#  Out of Memory Error (allocation.cpp:44), pid=6068, tid=5636
#
# JRE version: OpenJDK Runtime Environment Temurin-21.0.10+7 (21.0.10+7) (build 21.0.10+7-LTS)
# Java VM: OpenJDK 64-Bit Server VM Temurin-21.0.10+7 (21.0.10+7-LTS, mixed mode, sharing, tiered, compressed oops, compressed class ptrs, parallel gc, windows-amd64)
# No core dump will be written. Minidumps are not enabled by default on client versions of Windows
#

---------------  S U M M A R Y ------------

Command Line: --add-modules=ALL-SYSTEM --add-opens=java.base/java.util=ALL-UNNAMED --add-opens=java.base/java.lang=ALL-UNNAMED --add-opens=java.base/sun.nio.fs=ALL-UNNAMED -Declipse.application=org.eclipse.jdt.ls.core.id1 -Dosgi.bundles.defaultStartLevel=4 -Declipse.product=org.eclipse.jdt.ls.core.product -Djava.import.generatesMetadataFilesAtProjectRoot=false -DDetectVMInstallationsJob.disabled=true -Dfile.encoding=utf8 -XX:+UseParallelGC -XX:GCTimeRatio=4 -XX:AdaptiveSizePolicyWeight=90 -Dsun.zip.disableMemoryMapping=true -Xmx2G -Xms100m -Xlog:disable -javaagent:c:\Users\BHARATH\.vscode\extensions\redhat.java-1.53.0-win32-x64\lombok\lombok-1.18.39-4050.jar -XX:+HeapDumpOnOutOfMemoryError -XX:HeapDumpPath=c:\Users\BHARATH\AppData\Roaming\Code\User\workspaceStorage\2d137c32f5820031e495f3208e678d38\redhat.java -Daether.dependencyCollector.impl=bf c:\Users\BHARATH\.vscode\extensions\redhat.java-1.53.0-win32-x64\server\plugins\org.eclipse.equinox.launcher_1.7.100.v20251111-0406.jar -configuration c:\Users\BHARATH\AppData\Roaming\Code\User\globalStorage\redhat.java\1.53.0\config_win -data c:\Users\BHARATH\AppData\Roaming\Code\User\workspaceStorage\2d137c32f5820031e495f3208e678d38\redhat.java\jdt_ws --pipe=\\.\pipe\lsp-d2363140decc7c0536bc89c25a191783-sock

Host: 11th Gen Intel(R) Core(TM) i5-1135G7 @ 2.40GHz, 8 cores, 23G,  Windows 11 , 64 bit Build 26100 (10.0.26100.7705)
Time: Tue Mar  3 18:19:26 2026 India Standard Time elapsed time: 24401.626115 seconds (0d 6h 46m 41s)

---------------  T H R E A D  ---------------

Current thread (0x000001bf7ee1d080):  JavaThread "Attach Listener" daemon [_thread_in_vm, id=5636, stack(0x0000003cff100000,0x0000003cff200000) (1024K)]

Stack: [0x0000003cff100000,0x0000003cff200000]
Native frames: (J=compiled Java code, j=interpreted, Vv=VM code, C=native code)
V  [jvm.dll+0x6d7a39]
V  [jvm.dll+0x8b4b26]
V  [jvm.dll+0x8b70de]
V  [jvm.dll+0x8b77c3]
V  [jvm.dll+0x284346]
V  [jvm.dll+0xc1277]
V  [jvm.dll+0x6d82e9]
V  [jvm.dll+0x1334a6]
V  [jvm.dll+0x3f857e]
V  [jvm.dll+0x85f59d]
V  [jvm.dll+0x6d626d]
C  [ucrtbase.dll+0x37b0]
C  [KERNEL32.DLL+0x2e8d7]
C  [ntdll.dll+0x8c40c]


---------------  P R O C E S S  ---------------

Threads class SMR info:
_java_thread_list=0x000001bf59cb4790, length=38, elements={
0x000001bf7502c720, 0x000001bf77459720, 0x000001bf7745dc70, 0x000001bf7ee1c9f0,
0x000001bf7ee1d080, 0x000001bf7ee1d710, 0x000001bf7ee1afb0, 0x000001bf7ee3c6c0,
0x000001bf7ee431f0, 0x000001bf7ee1b640, 0x000001bf7ee1c360, 0x000001bf7ee1dda0,
0x000001bf7ee1a920, 0x000001bf7ee1bcd0, 0x000001bf507d7930, 0x000001bf507d5ef0,
0x000001bf507d72a0, 0x000001bf507d7fc0, 0x000001bf507d6c10, 0x000001bf507d9370,
0x000001bf507d8ce0, 0x000001bf507da090, 0x000001bf507dc160, 0x000001bf507da720,
0x000001bf507db440, 0x000001bf507dbad0, 0x000001bf507dc7f0, 0x000001bf58a75f60,
0x000001bf58a74520, 0x000001bf58a73e90, 0x000001bf58a73170, 0x000001bf58a74bb0,
0x000001bf565c13f0, 0x000001bf565bf9b0, 0x000001bf565bec90, 0x000001bf565bf320,
0x000001bf59ca9e10, 0x000001bf58f23220
}

Java Threads: ( => current thread )
  0x000001bf7502c720 JavaThread "main"                              [_thread_blocked, id=23900, stack(0x0000003cfea00000,0x0000003cfeb00000) (1024K)]
  0x000001bf77459720 JavaThread "Reference Handler"          daemon [_thread_blocked, id=24892, stack(0x0000003cfee00000,0x0000003cfef00000) (1024K)]
  0x000001bf7745dc70 JavaThread "Finalizer"                  daemon [_thread_blocked, id=13628, stack(0x0000003cfef00000,0x0000003cff000000) (1024K)]
  0x000001bf7ee1c9f0 JavaThread "Signal Dispatcher"          daemon [_thread_blocked, id=20636, stack(0x0000003cff000000,0x0000003cff100000) (1024K)]
=>0x000001bf7ee1d080 JavaThread "Attach Listener"            daemon [_thread_in_vm, id=5636, stack(0x0000003cff100000,0x0000003cff200000) (1024K)]
  0x000001bf7ee1d710 JavaThread "Service Thread"             daemon [_thread_blocked, id=9096, stack(0x0000003cff200000,0x0000003cff300000) (1024K)]
  0x000001bf7ee1afb0 JavaThread "Monitor Deflation Thread"   daemon [_thread_blocked, id=19476, stack(0x0000003cff300000,0x0000003cff400000) (1024K)]
  0x000001bf7ee3c6c0 JavaThread "C2 CompilerThread0"         daemon [_thread_blocked, id=14072, stack(0x0000003cff400000,0x0000003cff500000) (1024K)]
  0x000001bf7ee431f0 JavaThread "C1 CompilerThread0"         daemon [_thread_blocked, id=13172, stack(0x0000003cff500000,0x0000003cff600000) (1024K)]
  0x000001bf7ee1b640 JavaThread "Common-Cleaner"             daemon [_thread_blocked, id=19480, stack(0x0000003cff700000,0x0000003cff800000) (1024K)]
  0x000001bf7ee1c360 JavaThread "Notification Thread"        daemon [_thread_blocked, id=23176, stack(0x0000003cff800000,0x0000003cff900000) (1024K)]
  0x000001bf7ee1dda0 JavaThread "Active Thread: Equinox Container: 3e5f2e75-d5a9-4018-a6f8-c172ece7c9a5"        [_thread_blocked, id=7016, stack(0x0000003c80000000,0x0000003c80100000) (1024K)]
  0x000001bf7ee1a920 JavaThread "Refresh Thread: Equinox Container: 3e5f2e75-d5a9-4018-a6f8-c172ece7c9a5" daemon [_thread_blocked, id=21184, stack(0x0000003c80200000,0x0000003c80300000) (1024K)]
  0x000001bf7ee1bcd0 JavaThread "Framework Event Dispatcher: Equinox Container: 3e5f2e75-d5a9-4018-a6f8-c172ece7c9a5" daemon [_thread_blocked, id=15348, stack(0x0000003c80300000,0x0000003c80400000) (1024K)]
  0x000001bf507d7930 JavaThread "Start Level: Equinox Container: 3e5f2e75-d5a9-4018-a6f8-c172ece7c9a5" daemon [_thread_blocked, id=22852, stack(0x0000003c80400000,0x0000003c80500000) (1024K)]
  0x000001bf507d5ef0 JavaThread "Bundle File Closer"         daemon [_thread_blocked, id=6008, stack(0x0000003c80600000,0x0000003c80700000) (1024K)]
  0x000001bf507d72a0 JavaThread "SCR Component Actor"        daemon [_thread_blocked, id=11152, stack(0x0000003c80500000,0x0000003c80600000) (1024K)]
  0x000001bf507d7fc0 JavaThread "Worker-JM"                         [_thread_blocked, id=23932, stack(0x0000003c80900000,0x0000003c80a00000) (1024K)]
  0x000001bf507d6c10 JavaThread "JNA Cleaner"                daemon [_thread_blocked, id=24456, stack(0x0000003c80700000,0x0000003c80800000) (1024K)]
  0x000001bf507d9370 JavaThread "Java indexing"              daemon [_thread_blocked, id=9976, stack(0x0000003c80c00000,0x0000003c80d00000) (1024K)]
  0x000001bf507d8ce0 JavaThread "Thread-1"                   daemon [_thread_in_native, id=23336, stack(0x0000003c81200000,0x0000003c81300000) (1024K)]
  0x000001bf507da090 JavaThread "Thread-2"                   daemon [_thread_in_native, id=14980, stack(0x0000003c81300000,0x0000003c81400000) (1024K)]
  0x000001bf507dc160 JavaThread "Thread-3"                   daemon [_thread_in_native, id=6728, stack(0x0000003c81400000,0x0000003c81500000) (1024K)]
  0x000001bf507da720 JavaThread "Thread-4"                   daemon [_thread_in_native, id=2116, stack(0x0000003c81500000,0x0000003c81600000) (1024K)]
  0x000001bf507db440 JavaThread "Thread-5"                   daemon [_thread_in_native, id=24008, stack(0x0000003c81600000,0x0000003c81700000) (1024K)]
  0x000001bf507dbad0 JavaThread "Thread-6"                   daemon [_thread_in_native, id=18080, stack(0x0000003c81700000,0x0000003c81800000) (1024K)]
  0x000001bf507dc7f0 JavaThread "Thread-7"                   daemon [_thread_in_native, id=11932, stack(0x0000003c81800000,0x0000003c81900000) (1024K)]
  0x000001bf58a75f60 JavaThread "Thread-8"                   daemon [_thread_in_native, id=2132, stack(0x0000003c81900000,0x0000003c81a00000) (1024K)]
  0x000001bf58a74520 JavaThread "Thread-9"                   daemon [_thread_in_native, id=16576, stack(0x0000003c81a00000,0x0000003c81b00000) (1024K)]
  0x000001bf58a73e90 JavaThread "pool-2-thread-1"                   [_thread_blocked, id=12192, stack(0x0000003c81b00000,0x0000003c81c00000) (1024K)]
  0x000001bf58a73170 JavaThread "WorkspaceEventsHandler"            [_thread_blocked, id=1864, stack(0x0000003c81d00000,0x0000003c81e00000) (1024K)]
  0x000001bf58a74bb0 JavaThread "pool-1-thread-1"                   [_thread_blocked, id=25112, stack(0x0000003c81e00000,0x0000003c81f00000) (1024K)]
  0x000001bf565c13f0 JavaThread "Cleaner-0"                  daemon [_thread_blocked, id=1784, stack(0x0000003c82700000,0x0000003c82800000) (1024K)]
  0x000001bf565bf9b0 JavaThread "Java Debug Server"          daemon [_thread_in_native, id=22064, stack(0x0000003c82800000,0x0000003c82900000) (1024K)]
  0x000001bf565bec90 JavaThread "RxSchedulerPurge-1"         daemon [_thread_blocked, id=25044, stack(0x0000003c82a00000,0x0000003c82b00000) (1024K)]
  0x000001bf565bf320 JavaThread "RxCachedWorkerPoolEvictor-1" daemon [_thread_blocked, id=22780, stack(0x0000003c82b00000,0x0000003c82c00000) (1024K)]
  0x000001bf59ca9e10 JavaThread "Worker-151"                        [_thread_blocked, id=14516, stack(0x0000003c81c00000,0x0000003c81d00000) (1024K)]
  0x000001bf58f23220 JavaThread "Worker-159"                        [_thread_blocked, id=5032, stack(0x0000003c80800000,0x0000003c80900000) (1024K)]
Total: 38

Other Threads:
  0x000001bf77440be0 VMThread "VM Thread"                           [id=24532, stack(0x0000003cfed00000,0x0000003cfee00000) (1024K)]
  0x000001bf7740f110 WatcherThread "VM Periodic Task Thread"        [id=24896, stack(0x0000003cfec00000,0x0000003cfed00000) (1024K)]
  0x000001bf773bdf40 WorkerThread "GC Thread#0"                     [id=19568, stack(0x0000003cfeb00000,0x0000003cfec00000) (1024K)]
  0x000001bf5518aea0 WorkerThread "GC Thread#1"                     [id=22292, stack(0x0000003cffa00000,0x0000003cffb00000) (1024K)]
  0x000001bf5514e740 WorkerThread "GC Thread#2"                     [id=25028, stack(0x0000003cffb00000,0x0000003cffc00000) (1024K)]
  0x000001bf55154e10 WorkerThread "GC Thread#3"                     [id=24912, stack(0x0000003cffc00000,0x0000003cffd00000) (1024K)]
  0x000001bf551551c0 WorkerThread "GC Thread#4"                     [id=23144, stack(0x0000003cffd00000,0x0000003cffe00000) (1024K)]
  0x000001bf55155570 WorkerThread "GC Thread#5"                     [id=9892, stack(0x0000003cffe00000,0x0000003cfff00000) (1024K)]
  0x000001bf554370f0 WorkerThread "GC Thread#6"                     [id=13712, stack(0x0000003cfff00000,0x0000003d00000000) (1024K)]
  0x000001bf5550bf10 WorkerThread "GC Thread#7"                     [id=11996, stack(0x0000003c80100000,0x0000003c80200000) (1024K)]
Total: 10

Threads with active compile tasks:
Total: 0

VM state: not at safepoint (normal execution)

VM Mutex/Monitor currently owned by a thread: None

Heap address: 0x0000000080000000, size: 2048 MB, Compressed Oops mode: 32-bit

CDS archive(s) mapped at: [0x000001bf0f000000-0x000001bf0fba0000-0x000001bf0fba0000), size 12189696, SharedBaseAddress: 0x000001bf0f000000, ArchiveRelocationMode: 1.
Compressed class space mapped at: 0x000001bf10000000-0x000001bf50000000, reserved size: 1073741824
Narrow klass base: 0x000001bf0f000000, Narrow klass shift: 0, Narrow klass range: 0x100000000

GC Precious Log:
 CardTable entry size: 512
 CPUs: 8 total, 8 available
 Memory: 24375M
 Large Page Support: Disabled
 NUMA Support: Disabled
 Compressed Oops: Enabled (32-bit)
 Alignments: Space 512K, Generation 512K, Heap 2M
 Heap Min Capacity: 100M
 Heap Initial Capacity: 100M
 Heap Max Capacity: 2G
 Pre-touch: Disabled
 Parallel Workers: 8

Heap:
 PSYoungGen      total 7680K, used 4012K [0x00000000d5580000, 0x00000000d6180000, 0x0000000100000000)
  eden space 6656K, 50% used [0x00000000d5580000,0x00000000d58cb3c0,0x00000000d5c00000)
  from space 1024K, 62% used [0x00000000d6000000,0x00000000d60a0000,0x00000000d6100000)
  to   space 512K, 0% used [0x00000000d6100000,0x00000000d6100000,0x00000000d6180000)
 ParOldGen       total 750080K, used 749985K [0x0000000080000000, 0x00000000adc80000, 0x00000000d5580000)
  object space 750080K, 99% used [0x0000000080000000,0x00000000adc686e0,0x00000000adc80000)
 Metaspace       used 103928K, committed 105856K, reserved 1179648K
  class space    used 10325K, committed 11200K, reserved 1048576K

Card table byte_map: [0x000001bf76d60000,0x000001bf77170000] _byte_map_base: 0x000001bf76960000

Marking Bits: (ParMarkBitMap*) 0x00007ffd4d9f3450
 Begin Bits: [0x000001bf7a850000, 0x000001bf7c850000)
 End Bits:   [0x000001bf7c850000, 0x000001bf7e850000)

Polling page: 0x000001bf75730000

Metaspace:

Usage:
  Non-class:     91.41 MB used.
      Class:     10.08 MB used.
       Both:    101.49 MB used.

Virtual space:
  Non-class space:      128.00 MB reserved,      92.44 MB ( 72%) committed,  2 nodes.
      Class space:        1.00 GB reserved,      10.94 MB (  1%) committed,  1 nodes.
             Both:        1.12 GB reserved,     103.38 MB (  9%) committed. 

Chunk freelists:
   Non-Class:  3.03 MB
       Class:  5.02 MB
        Both:  8.06 MB

MaxMetaspaceSize: unlimited
CompressedClassSpaceSize: 1.00 GB
Initial GC threshold: 21.00 MB
Current GC threshold: 171.69 MB
CDS: on
 - commit_granule_bytes: 65536.
 - commit_granule_words: 8192.
 - virtual_space_node_default_size: 8388608.
 - enlarge_chunks_in_place: 1.
 - use_allocation_guard: 0.


Internal statistics:

num_allocs_failed_limit: 9.
num_arena_births: 2576.
num_arena_deaths: 796.
num_vsnodes_births: 3.
num_vsnodes_deaths: 0.
num_space_committed: 1654.
num_space_uncommitted: 0.
num_chunks_returned_to_freelist: 968.
num_chunks_taken_from_freelist: 8313.
num_chunk_merges: 247.
num_chunk_splits: 4548.
num_chunks_enlarged: 2318.
num_inconsistent_stats: 0.

CodeHeap 'non-profiled nmethods': size=120000Kb used=27207Kb max_used=28077Kb free=92792Kb
 bounds [0x000001bf07ad0000, 0x000001bf096a0000, 0x000001bf0f000000]
CodeHeap 'profiled nmethods': size=120000Kb used=33301Kb max_used=50957Kb free=86698Kb
 bounds [0x000001bf00000000, 0x000001bf031d0000, 0x000001bf07530000]
CodeHeap 'non-nmethods': size=5760Kb used=1565Kb max_used=1664Kb free=4195Kb
 bounds [0x000001bf07530000, 0x000001bf077a0000, 0x000001bf07ad0000]
CodeCache: size=245760Kb, used=62073Kb, max_used=80698Kb, free=183685Kb
 total_blobs=16448, nmethods=15567, adapters=779, full_count=0
Compilation: enabled, stopped_count=0, restarted_count=0

Compilation events (20 events):
Event: 23410.701 Thread 0x000001bf7ee431f0 37098       3       org.eclipse.jdt.internal.compiler.ast.TryStatement::resolve (1210 bytes)
Event: 23410.706 Thread 0x000001bf7ee431f0 nmethod 37098 0x000001bf009b7b90 code [0x000001bf009b84e0, 0x000001bf009bf150]
Event: 23410.706 Thread 0x000001bf7ee431f0 37099       3       org.eclipse.jdt.internal.compiler.ast.Statement::enclosingSwitchExpression (131 bytes)
Event: 23410.706 Thread 0x000001bf7ee431f0 nmethod 37099 0x000001bf02578410 code [0x000001bf02578620, 0x000001bf02578ef0]
Event: 23410.706 Thread 0x000001bf7ee431f0 37100       3       org.eclipse.jdt.internal.compiler.ast.Argument::resolveForCatch (353 bytes)
Event: 23410.708 Thread 0x000001bf7ee431f0 nmethod 37100 0x000001bf0226fe10 code [0x000001bf02270200, 0x000001bf02271f60]
Event: 23411.378 Thread 0x000001bf7ee3c6c0 37101       4       org.eclipse.jdt.core.dom.QualifiedName::internalGetSetChildProperty (60 bytes)
Event: 23411.379 Thread 0x000001bf7ee431f0 37102   !   3       org.eclipse.jdt.internal.core.dom.rewrite.ASTRewriteAnalyzer::visit (235 bytes)
Event: 23411.380 Thread 0x000001bf7ee3c6c0 nmethod 37101 0x000001bf081aa010 code [0x000001bf081aa1a0, 0x000001bf081aa308]
Event: 23411.382 Thread 0x000001bf7ee431f0 nmethod 37102 0x000001bf012d7010 code [0x000001bf012d74c0, 0x000001bf012d97d0]
Event: 23411.382 Thread 0x000001bf7ee431f0 37103       3       org.eclipse.jdt.core.dom.ImportDeclaration::internalGetChildListProperty (18 bytes)
Event: 23411.382 Thread 0x000001bf7ee431f0 nmethod 37103 0x000001bf01249890 code [0x000001bf01249aa0, 0x000001bf01249fb0]
Event: 23573.159 Thread 0x000001bf7ee431f0 37104   !   3       com.sun.org.apache.xml.internal.serializer.ToStream::flushCharactersBuffer (124 bytes)
Event: 23573.162 Thread 0x000001bf7ee431f0 nmethod 37104 0x000001bf00e0bd90 code [0x000001bf00e0c0c0, 0x000001bf00e0d6c0]
Event: 23573.162 Thread 0x000001bf7ee431f0 37105       3       com.sun.org.apache.xml.internal.serializer.ToStream$CharacterBuffer::clear (10 bytes)
Event: 23573.162 Thread 0x000001bf7ee431f0 nmethod 37105 0x000001bf003d9610 code [0x000001bf003d97c0, 0x000001bf003d9998]
Event: 23573.162 Thread 0x000001bf7ee431f0 37106   !   3       java.util.concurrent.ForkJoinPool::tryTerminate (332 bytes)
Event: 23573.166 Thread 0x000001bf7ee431f0 nmethod 37106 0x000001bf01f31b90 code [0x000001bf01f32000, 0x000001bf01f34198]
Event: 23573.166 Thread 0x000001bf7ee431f0 37107       1       org.eclipse.core.internal.dtree.DataTreeNode::type (2 bytes)
Event: 23573.167 Thread 0x000001bf7ee431f0 nmethod 37107 0x000001bf0834f690 code [0x000001bf0834f820, 0x000001bf0834f8e8]

GC Heap History (20 events):
Event: 23409.298 GC heap before
{Heap before GC invocations=10437 (full 15):
 PSYoungGen      total 8192K, used 7232K [0x00000000d5580000, 0x00000000d6400000, 0x0000000100000000)
  eden space 6656K, 100% used [0x00000000d5580000,0x00000000d5c00000,0x00000000d5c00000)
  from space 1536K, 37% used [0x00000000d6100000,0x00000000d6190000,0x00000000d6280000)
  to   space 1024K, 0% used [0x00000000d6300000,0x00000000d6300000,0x00000000d6400000)
 ParOldGen       total 743936K, used 743921K [0x0000000080000000, 0x00000000ad680000, 0x00000000d5580000)
  object space 743936K, 99% used [0x0000000080000000,0x00000000ad67c710,0x00000000ad680000)
 Metaspace       used 103899K, committed 105728K, reserved 1179648K
  class space    used 10325K, committed 11200K, reserved 1048576K
}
Event: 23409.300 GC heap after
{Heap after GC invocations=10437 (full 15):
 PSYoungGen      total 7680K, used 736K [0x00000000d5580000, 0x00000000d6400000, 0x0000000100000000)
  eden space 6656K, 0% used [0x00000000d5580000,0x00000000d5580000,0x00000000d5c00000)
  from space 1024K, 71% used [0x00000000d6300000,0x00000000d63b8020,0x00000000d6400000)
  to   space 1024K, 0% used [0x00000000d6200000,0x00000000d6200000,0x00000000d6300000)
 ParOldGen       total 744448K, used 744357K [0x0000000080000000, 0x00000000ad700000, 0x00000000d5580000)
  object space 744448K, 99% used [0x0000000080000000,0x00000000ad6e9760,0x00000000ad700000)
 Metaspace       used 103899K, committed 105728K, reserved 1179648K
  class space    used 10325K, committed 11200K, reserved 1048576K
}
Event: 23410.673 GC heap before
{Heap before GC invocations=10438 (full 15):
 PSYoungGen      total 7680K, used 7392K [0x00000000d5580000, 0x00000000d6400000, 0x0000000100000000)
  eden space 6656K, 99% used [0x00000000d5580000,0x00000000d5bffff0,0x00000000d5c00000)
  from space 1024K, 71% used [0x00000000d6300000,0x00000000d63b8020,0x00000000d6400000)
  to   space 1024K, 0% used [0x00000000d6200000,0x00000000d6200000,0x00000000d6300000)
 ParOldGen       total 744448K, used 744357K [0x0000000080000000, 0x00000000ad700000, 0x00000000d5580000)
  object space 744448K, 99% used [0x0000000080000000,0x00000000ad6e9760,0x00000000ad700000)
 Metaspace       used 103899K, committed 105728K, reserved 1179648K
  class space    used 10325K, committed 11200K, reserved 1048576K
}
Event: 23410.676 GC heap after
{Heap after GC invocations=10438 (full 15):
 PSYoungGen      total 7680K, used 868K [0x00000000d5580000, 0x00000000d6380000, 0x0000000100000000)
  eden space 6656K, 0% used [0x00000000d5580000,0x00000000d5580000,0x00000000d5c00000)
  from space 1024K, 84% used [0x00000000d6200000,0x00000000d62d9230,0x00000000d6300000)
  to   space 512K, 0% used [0x00000000d6300000,0x00000000d6300000,0x00000000d6380000)
 ParOldGen       total 745472K, used 744965K [0x0000000080000000, 0x00000000ad800000, 0x00000000d5580000)
  object space 745472K, 99% used [0x0000000080000000,0x00000000ad7817e0,0x00000000ad800000)
 Metaspace       used 103899K, committed 105728K, reserved 1179648K
  class space    used 10325K, committed 11200K, reserved 1048576K
}
Event: 23410.683 GC heap before
{Heap before GC invocations=10439 (full 15):
 PSYoungGen      total 7680K, used 7524K [0x00000000d5580000, 0x00000000d6380000, 0x0000000100000000)
  eden space 6656K, 100% used [0x00000000d5580000,0x00000000d5c00000,0x00000000d5c00000)
  from space 1024K, 84% used [0x00000000d6200000,0x00000000d62d9230,0x00000000d6300000)
  to   space 512K, 0% used [0x00000000d6300000,0x00000000d6300000,0x00000000d6380000)
 ParOldGen       total 745472K, used 744965K [0x0000000080000000, 0x00000000ad800000, 0x00000000d5580000)
  object space 745472K, 99% used [0x0000000080000000,0x00000000ad7817e0,0x00000000ad800000)
 Metaspace       used 103899K, committed 105728K, reserved 1179648K
  class space    used 10325K, committed 11200K, reserved 1048576K
}
Event: 23410.685 GC heap after
{Heap after GC invocations=10439 (full 15):
 PSYoungGen      total 7168K, used 512K [0x00000000d5580000, 0x00000000d6380000, 0x0000000100000000)
  eden space 6656K, 0% used [0x00000000d5580000,0x00000000d5580000,0x00000000d5c00000)
  from space 512K, 100% used [0x00000000d6300000,0x00000000d6380000,0x00000000d6380000)
  to   space 1536K, 0% used [0x00000000d6080000,0x00000000d6080000,0x00000000d6200000)
 ParOldGen       total 745984K, used 745788K [0x0000000080000000, 0x00000000ad880000, 0x00000000d5580000)
  object space 745984K, 99% used [0x0000000080000000,0x00000000ad84f330,0x00000000ad880000)
 Metaspace       used 103899K, committed 105728K, reserved 1179648K
  class space    used 10325K, committed 11200K, reserved 1048576K
}
Event: 23410.697 GC heap before
{Heap before GC invocations=10440 (full 15):
 PSYoungGen      total 7168K, used 7168K [0x00000000d5580000, 0x00000000d6380000, 0x0000000100000000)
  eden space 6656K, 100% used [0x00000000d5580000,0x00000000d5c00000,0x00000000d5c00000)
  from space 512K, 100% used [0x00000000d6300000,0x00000000d6380000,0x00000000d6380000)
  to   space 1536K, 0% used [0x00000000d6080000,0x00000000d6080000,0x00000000d6200000)
 ParOldGen       total 745984K, used 745788K [0x0000000080000000, 0x00000000ad880000, 0x00000000d5580000)
  object space 745984K, 99% used [0x0000000080000000,0x00000000ad84f330,0x00000000ad880000)
 Metaspace       used 103899K, committed 105728K, reserved 1179648K
  class space    used 10325K, committed 11200K, reserved 1048576K
}
Event: 23410.700 GC heap after
{Heap after GC invocations=10440 (full 15):
 PSYoungGen      total 8192K, used 851K [0x00000000d5580000, 0x00000000d6380000, 0x0000000100000000)
  eden space 6656K, 0% used [0x00000000d5580000,0x00000000d5580000,0x00000000d5c00000)
  from space 1536K, 55% used [0x00000000d6080000,0x00000000d6154d80,0x00000000d6200000)
  to   space 1536K, 0% used [0x00000000d6200000,0x00000000d6200000,0x00000000d6380000)
 ParOldGen       total 746496K, used 746268K [0x0000000080000000, 0x00000000ad900000, 0x00000000d5580000)
  object space 746496K, 99% used [0x0000000080000000,0x00000000ad8c7360,0x00000000ad900000)
 Metaspace       used 103899K, committed 105728K, reserved 1179648K
  class space    used 10325K, committed 11200K, reserved 1048576K
}
Event: 23411.065 GC heap before
{Heap before GC invocations=10441 (full 15):
 PSYoungGen      total 8192K, used 7507K [0x00000000d5580000, 0x00000000d6380000, 0x0000000100000000)
  eden space 6656K, 100% used [0x00000000d5580000,0x00000000d5c00000,0x00000000d5c00000)
  from space 1536K, 55% used [0x00000000d6080000,0x00000000d6154d80,0x00000000d6200000)
  to   space 1536K, 0% used [0x00000000d6200000,0x00000000d6200000,0x00000000d6380000)
 ParOldGen       total 746496K, used 746268K [0x0000000080000000, 0x00000000ad900000, 0x00000000d5580000)
  object space 746496K, 99% used [0x0000000080000000,0x00000000ad8c7360,0x00000000ad900000)
 Metaspace       used 103914K, committed 105792K, reserved 1179648K
  class space    used 10325K, committed 11200K, reserved 1048576K
}
Event: 23411.067 GC heap after
{Heap after GC invocations=10441 (full 15):
 PSYoungGen      total 7680K, used 671K [0x00000000d5580000, 0x00000000d6300000, 0x0000000100000000)
  eden space 6656K, 0% used [0x00000000d5580000,0x00000000d5580000,0x00000000d5c00000)
  from space 1024K, 65% used [0x00000000d6200000,0x00000000d62a7c20,0x00000000d6300000)
  to   space 1024K, 0% used [0x00000000d6100000,0x00000000d6100000,0x00000000d6200000)
 ParOldGen       total 747008K, used 746834K [0x0000000080000000, 0x00000000ad980000, 0x00000000d5580000)
  object space 747008K, 99% used [0x0000000080000000,0x00000000ad954930,0x00000000ad980000)
 Metaspace       used 103914K, committed 105792K, reserved 1179648K
  class space    used 10325K, committed 11200K, reserved 1048576K
}
Event: 23411.073 GC heap before
{Heap before GC invocations=10442 (full 15):
 PSYoungGen      total 7680K, used 7326K [0x00000000d5580000, 0x00000000d6300000, 0x0000000100000000)
  eden space 6656K, 99% used [0x00000000d5580000,0x00000000d5bfffb0,0x00000000d5c00000)
  from space 1024K, 65% used [0x00000000d6200000,0x00000000d62a7c20,0x00000000d6300000)
  to   space 1024K, 0% used [0x00000000d6100000,0x00000000d6100000,0x00000000d6200000)
 ParOldGen       total 747008K, used 746834K [0x0000000080000000, 0x00000000ad980000, 0x00000000d5580000)
  object space 747008K, 99% used [0x0000000080000000,0x00000000ad954930,0x00000000ad980000)
 Metaspace       used 103914K, committed 105792K, reserved 1179648K
  class space    used 10325K, committed 11200K, reserved 1048576K
}
Event: 23411.074 GC heap after
{Heap after GC invocations=10442 (full 15):
 PSYoungGen      total 7680K, used 720K [0x00000000d5580000, 0x00000000d6280000, 0x0000000100000000)
  eden space 6656K, 0% used [0x00000000d5580000,0x00000000d5580000,0x00000000d5c00000)
  from space 1024K, 70% used [0x00000000d6100000,0x00000000d61b4010,0x00000000d6200000)
  to   space 512K, 0% used [0x00000000d6200000,0x00000000d6200000,0x00000000d6280000)
 ParOldGen       total 747520K, used 747387K [0x0000000080000000, 0x00000000ada00000, 0x00000000d5580000)
  object space 747520K, 99% used [0x0000000080000000,0x00000000ad9def60,0x00000000ada00000)
 Metaspace       used 103914K, committed 105792K, reserved 1179648K
  class space    used 10325K, committed 11200K, reserved 1048576K
}
Event: 23411.081 GC heap before
{Heap before GC invocations=10443 (full 15):
 PSYoungGen      total 7680K, used 7376K [0x00000000d5580000, 0x00000000d6280000, 0x0000000100000000)
  eden space 6656K, 100% used [0x00000000d5580000,0x00000000d5c00000,0x00000000d5c00000)
  from space 1024K, 70% used [0x00000000d6100000,0x00000000d61b4010,0x00000000d6200000)
  to   space 512K, 0% used [0x00000000d6200000,0x00000000d6200000,0x00000000d6280000)
 ParOldGen       total 747520K, used 747387K [0x0000000080000000, 0x00000000ada00000, 0x00000000d5580000)
  object space 747520K, 99% used [0x0000000080000000,0x00000000ad9def60,0x00000000ada00000)
 Metaspace       used 103914K, committed 105792K, reserved 1179648K
  class space    used 10325K, committed 11200K, reserved 1048576K
}
Event: 23411.084 GC heap after
{Heap after GC invocations=10443 (full 15):
 PSYoungGen      total 7168K, used 512K [0x00000000d5580000, 0x00000000d6280000, 0x0000000100000000)
  eden space 6656K, 0% used [0x00000000d5580000,0x00000000d5580000,0x00000000d5c00000)
  from space 512K, 100% used [0x00000000d6200000,0x00000000d6280000,0x00000000d6280000)
  to   space 1536K, 0% used [0x00000000d5f80000,0x00000000d5f80000,0x00000000d6100000)
 ParOldGen       total 748544K, used 748049K [0x0000000080000000, 0x00000000adb00000, 0x00000000d5580000)
  object space 748544K, 99% used [0x0000000080000000,0x00000000ada84610,0x00000000adb00000)
 Metaspace       used 103914K, committed 105792K, reserved 1179648K
  class space    used 10325K, committed 11200K, reserved 1048576K
}
Event: 23411.092 GC heap before
{Heap before GC invocations=10444 (full 15):
 PSYoungGen      total 7168K, used 7168K [0x00000000d5580000, 0x00000000d6280000, 0x0000000100000000)
  eden space 6656K, 100% used [0x00000000d5580000,0x00000000d5c00000,0x00000000d5c00000)
  from space 512K, 100% used [0x00000000d6200000,0x00000000d6280000,0x00000000d6280000)
  to   space 1536K, 0% used [0x00000000d5f80000,0x00000000d5f80000,0x00000000d6100000)
 ParOldGen       total 748544K, used 748049K [0x0000000080000000, 0x00000000adb00000, 0x00000000d5580000)
  object space 748544K, 99% used [0x0000000080000000,0x00000000ada84610,0x00000000adb00000)
 Metaspace       used 103914K, committed 105792K, reserved 1179648K
  class space    used 10325K, committed 11200K, reserved 1048576K
}
Event: 23411.094 GC heap after
{Heap after GC invocations=10444 (full 15):
 PSYoungGen      total 8192K, used 1060K [0x00000000d5580000, 0x00000000d6280000, 0x0000000100000000)
  eden space 6656K, 0% used [0x00000000d5580000,0x00000000d5580000,0x00000000d5c00000)
  from space 1536K, 69% used [0x00000000d5f80000,0x00000000d6089210,0x00000000d6100000)
  to   space 1536K, 0% used [0x00000000d6100000,0x00000000d6100000,0x00000000d6280000)
 ParOldGen       total 748544K, used 748529K [0x0000000080000000, 0x00000000adb00000, 0x00000000d5580000)
  object space 748544K, 99% used [0x0000000080000000,0x00000000adafc670,0x00000000adb00000)
 Metaspace       used 103914K, committed 105792K, reserved 1179648K
  class space    used 10325K, committed 11200K, reserved 1048576K
}
Event: 23411.100 GC heap before
{Heap before GC invocations=10445 (full 15):
 PSYoungGen      total 8192K, used 7716K [0x00000000d5580000, 0x00000000d6280000, 0x0000000100000000)
  eden space 6656K, 100% used [0x00000000d5580000,0x00000000d5c00000,0x00000000d5c00000)
  from space 1536K, 69% used [0x00000000d5f80000,0x00000000d6089210,0x00000000d6100000)
  to   space 1536K, 0% used [0x00000000d6100000,0x00000000d6100000,0x00000000d6280000)
 ParOldGen       total 748544K, used 748529K [0x0000000080000000, 0x00000000adb00000, 0x00000000d5580000)
  object space 748544K, 99% used [0x0000000080000000,0x00000000adafc670,0x00000000adb00000)
 Metaspace       used 103914K, committed 105792K, reserved 1179648K
  class space    used 10325K, committed 11200K, reserved 1048576K
}
Event: 23411.102 GC heap after
{Heap after GC invocations=10445 (full 15):
 PSYoungGen      total 7680K, used 592K [0x00000000d5580000, 0x00000000d6200000, 0x0000000100000000)
  eden space 6656K, 0% used [0x00000000d5580000,0x00000000d5580000,0x00000000d5c00000)
  from space 1024K, 57% used [0x00000000d6100000,0x00000000d6194010,0x00000000d6200000)
  to   space 1024K, 0% used [0x00000000d6000000,0x00000000d6000000,0x00000000d6100000)
 ParOldGen       total 749568K, used 749473K [0x0000000080000000, 0x00000000adc00000, 0x00000000d5580000)
  object space 749568K, 99% used [0x0000000080000000,0x00000000adbe8680,0x00000000adc00000)
 Metaspace       used 103914K, committed 105792K, reserved 1179648K
  class space    used 10325K, committed 11200K, reserved 1048576K
}
Event: 23573.148 GC heap before
{Heap before GC invocations=10446 (full 15):
 PSYoungGen      total 7680K, used 7248K [0x00000000d5580000, 0x00000000d6200000, 0x0000000100000000)
  eden space 6656K, 100% used [0x00000000d5580000,0x00000000d5c00000,0x00000000d5c00000)
  from space 1024K, 57% used [0x00000000d6100000,0x00000000d6194010,0x00000000d6200000)
  to   space 1024K, 0% used [0x00000000d6000000,0x00000000d6000000,0x00000000d6100000)
 ParOldGen       total 749568K, used 749473K [0x0000000080000000, 0x00000000adc00000, 0x00000000d5580000)
  object space 749568K, 99% used [0x0000000080000000,0x00000000adbe8680,0x00000000adc00000)
 Metaspace       used 103918K, committed 105792K, reserved 1179648K
  class space    used 10325K, committed 11200K, reserved 1048576K
}
Event: 23573.156 GC heap after
{Heap after GC invocations=10446 (full 15):
 PSYoungGen      total 7680K, used 640K [0x00000000d5580000, 0x00000000d6180000, 0x0000000100000000)
  eden space 6656K, 0% used [0x00000000d5580000,0x00000000d5580000,0x00000000d5c00000)
  from space 1024K, 62% used [0x00000000d6000000,0x00000000d60a0000,0x00000000d6100000)
  to   space 512K, 0% used [0x00000000d6100000,0x00000000d6100000,0x00000000d6180000)
 ParOldGen       total 750080K, used 749985K [0x0000000080000000, 0x00000000adc80000, 0x00000000d5580000)
  object space 750080K, 99% used [0x0000000080000000,0x00000000adc686e0,0x00000000adc80000)
 Metaspace       used 103918K, committed 105792K, reserved 1179648K
  class space    used 10325K, committed 11200K, reserved 1048576K
}

Dll operation events (12 events):
Event: 0.010 Loaded shared library c:\Users\BHARATH\.vscode\extensions\redhat.java-1.53.0-win32-x64\jre\21.0.10-win32-x86_64\bin\java.dll
Event: 0.094 Loaded shared library c:\Users\BHARATH\.vscode\extensions\redhat.java-1.53.0-win32-x64\jre\21.0.10-win32-x86_64\bin\zip.dll
Event: 0.115 Loaded shared library C:\Users\BHARATH\.vscode\extensions\redhat.java-1.53.0-win32-x64\jre\21.0.10-win32-x86_64\bin\instrument.dll
Event: 0.123 Loaded shared library C:\Users\BHARATH\.vscode\extensions\redhat.java-1.53.0-win32-x64\jre\21.0.10-win32-x86_64\bin\net.dll
Event: 0.125 Loaded shared library C:\Users\BHARATH\.vscode\extensions\redhat.java-1.53.0-win32-x64\jre\21.0.10-win32-x86_64\bin\nio.dll
Event: 0.130 Loaded shared library C:\Users\BHARATH\.vscode\extensions\redhat.java-1.53.0-win32-x64\jre\21.0.10-win32-x86_64\bin\zip.dll
Event: 0.148 Loaded shared library C:\Users\BHARATH\.vscode\extensions\redhat.java-1.53.0-win32-x64\jre\21.0.10-win32-x86_64\bin\jimage.dll
Event: 0.206 Loaded shared library c:\Users\BHARATH\.vscode\extensions\redhat.java-1.53.0-win32-x64\jre\21.0.10-win32-x86_64\bin\verify.dll
Event: 10.200 Loaded shared library C:\Users\BHARATH\AppData\Roaming\Code\User\globalStorage\redhat.java\1.53.0\config_win\org.eclipse.equinox.launcher\org.eclipse.equinox.launcher.win32.win32.x86_64_1.3.0.v20260203-2149\eclipse_11919.dll
Event: 25.490 Loaded shared library C:\Users\BHARATH\AppData\Local\Temp\jna-569536542\jna8628676094085420427.dll
Event: 27.670 Loaded shared library C:\Users\BHARATH\.vscode\extensions\redhat.java-1.53.0-win32-x64\jre\21.0.10-win32-x86_64\bin\sunmscapi.dll
Event: 27.857 Loaded shared library C:\Users\BHARATH\.vscode\extensions\redhat.java-1.53.0-win32-x64\jre\21.0.10-win32-x86_64\bin\extnet.dll

Deoptimization events (20 events):
Event: 23382.233 Thread 0x000001bf59ca7d40 DEOPT PACKING pc=0x000001bf088d4fe0 sp=0x0000003c80dfe000
Event: 23382.233 Thread 0x000001bf59ca7d40 DEOPT UNPACKING pc=0x000001bf07586da2 sp=0x0000003c80dfdff0 mode 2
Event: 23383.116 Thread 0x000001bf507d9370 Uncommon trap: trap_request=0xffffffc6 fr.pc=0x000001bf081f5828 relative=0x0000000000000528
Event: 23383.116 Thread 0x000001bf507d9370 Uncommon trap: reason=bimorphic_or_optimized_type_check action=maybe_recompile pc=0x000001bf081f5828 method=org.eclipse.jdt.internal.compiler.parser.Parser.resumeAfterRecovery()I @ 71 c2
Event: 23383.116 Thread 0x000001bf507d9370 DEOPT PACKING pc=0x000001bf081f5828 sp=0x0000003c80cff020
Event: 23383.116 Thread 0x000001bf507d9370 DEOPT UNPACKING pc=0x000001bf07586da2 sp=0x0000003c80cfefc8 mode 2
Event: 23383.116 Thread 0x000001bf507d9370 Uncommon trap: trap_request=0xffffffc6 fr.pc=0x000001bf081f5828 relative=0x0000000000000528
Event: 23383.116 Thread 0x000001bf507d9370 Uncommon trap: reason=bimorphic_or_optimized_type_check action=maybe_recompile pc=0x000001bf081f5828 method=org.eclipse.jdt.internal.compiler.parser.Parser.resumeAfterRecovery()I @ 71 c2
Event: 23383.116 Thread 0x000001bf507d9370 DEOPT PACKING pc=0x000001bf081f5828 sp=0x0000003c80cff020
Event: 23383.116 Thread 0x000001bf507d9370 DEOPT UNPACKING pc=0x000001bf07586da2 sp=0x0000003c80cfefc8 mode 2
Event: 23383.116 Thread 0x000001bf507d9370 Uncommon trap: trap_request=0xffffffc6 fr.pc=0x000001bf081f5828 relative=0x0000000000000528
Event: 23383.116 Thread 0x000001bf507d9370 Uncommon trap: reason=bimorphic_or_optimized_type_check action=maybe_recompile pc=0x000001bf081f5828 method=org.eclipse.jdt.internal.compiler.parser.Parser.resumeAfterRecovery()I @ 71 c2
Event: 23383.116 Thread 0x000001bf507d9370 DEOPT PACKING pc=0x000001bf081f5828 sp=0x0000003c80cff020
Event: 23383.116 Thread 0x000001bf507d9370 DEOPT UNPACKING pc=0x000001bf07586da2 sp=0x0000003c80cfefc8 mode 2
Event: 23383.116 Thread 0x000001bf507d9370 Uncommon trap: trap_request=0xffffffc6 fr.pc=0x000001bf081f5828 relative=0x0000000000000528
Event: 23383.116 Thread 0x000001bf507d9370 Uncommon trap: reason=bimorphic_or_optimized_type_check action=maybe_recompile pc=0x000001bf081f5828 method=org.eclipse.jdt.internal.compiler.parser.Parser.resumeAfterRecovery()I @ 71 c2
Event: 23383.116 Thread 0x000001bf507d9370 DEOPT PACKING pc=0x000001bf081f5828 sp=0x0000003c80cff020
Event: 23383.116 Thread 0x000001bf507d9370 DEOPT UNPACKING pc=0x000001bf07586da2 sp=0x0000003c80cfefc8 mode 2
Event: 23384.038 Thread 0x000001bf507d9370 DEOPT PACKING pc=0x000001bf01cbea5f sp=0x0000003c80cfefc0
Event: 23384.038 Thread 0x000001bf507d9370 DEOPT UNPACKING pc=0x000001bf075878e2 sp=0x0000003c80cfe500 mode 0

Classes loaded (20 events):
Event: 21130.860 Loading class jdk/internal/module/IllegalAccessLogger
Event: 21130.860 Loading class jdk/internal/module/IllegalAccessLogger done
Event: 21156.005 Loading class jdk/internal/module/IllegalAccessLogger
Event: 21156.005 Loading class jdk/internal/module/IllegalAccessLogger done
Event: 21716.562 Loading class jdk/internal/module/IllegalAccessLogger
Event: 21716.562 Loading class jdk/internal/module/IllegalAccessLogger done
Event: 22089.989 Loading class jdk/internal/module/IllegalAccessLogger
Event: 22089.989 Loading class jdk/internal/module/IllegalAccessLogger done
Event: 22128.283 Loading class jdk/internal/module/IllegalAccessLogger
Event: 22128.283 Loading class jdk/internal/module/IllegalAccessLogger done
Event: 22452.601 Loading class jdk/internal/module/IllegalAccessLogger
Event: 22452.601 Loading class jdk/internal/module/IllegalAccessLogger done
Event: 22538.664 Loading class jdk/internal/module/IllegalAccessLogger
Event: 22538.664 Loading class jdk/internal/module/IllegalAccessLogger done
Event: 22973.130 Loading class jdk/internal/module/IllegalAccessLogger
Event: 22973.130 Loading class jdk/internal/module/IllegalAccessLogger done
Event: 23383.895 Loading class jdk/internal/module/IllegalAccessLogger
Event: 23383.895 Loading class jdk/internal/module/IllegalAccessLogger done
Event: 23386.169 Loading class jdk/internal/module/IllegalAccessLogger
Event: 23386.169 Loading class jdk/internal/module/IllegalAccessLogger done

Classes unloaded (20 events):
Event: 20194.865 Thread 0x000001bf77440be0 Unloading class 0x000001bf10af2000 'java/lang/invoke/LambdaForm$MH+0x000001bf10af2000'
Event: 20194.865 Thread 0x000001bf77440be0 Unloading class 0x000001bf10af1c00 'java/lang/invoke/LambdaForm$MH+0x000001bf10af1c00'
Event: 20194.865 Thread 0x000001bf77440be0 Unloading class 0x000001bf10af1800 'java/lang/invoke/LambdaForm$MH+0x000001bf10af1800'
Event: 20194.865 Thread 0x000001bf77440be0 Unloading class 0x000001bf10af1000 'java/lang/invoke/LambdaForm$MH+0x000001bf10af1000'
Event: 20194.865 Thread 0x000001bf77440be0 Unloading class 0x000001bf10524800 'java/lang/invoke/LambdaForm$MH+0x000001bf10524800'
Event: 20194.865 Thread 0x000001bf77440be0 Unloading class 0x000001bf107f4400 'java/lang/invoke/LambdaForm$MH+0x000001bf107f4400'
Event: 22538.905 Thread 0x000001bf77440be0 Unloading class 0x000001bf10af3c00 'java/lang/invoke/LambdaForm$MH+0x000001bf10af3c00'
Event: 22538.905 Thread 0x000001bf77440be0 Unloading class 0x000001bf10af3800 'java/lang/invoke/LambdaForm$MH+0x000001bf10af3800'
Event: 22538.905 Thread 0x000001bf77440be0 Unloading class 0x000001bf10af3400 'java/lang/invoke/LambdaForm$MH+0x000001bf10af3400'
Event: 22538.905 Thread 0x000001bf77440be0 Unloading class 0x000001bf10af3000 'java/lang/invoke/LambdaForm$MH+0x000001bf10af3000'
Event: 22538.905 Thread 0x000001bf77440be0 Unloading class 0x000001bf10af2800 'java/lang/invoke/LambdaForm$MH+0x000001bf10af2800'
Event: 22538.905 Thread 0x000001bf77440be0 Unloading class 0x000001bf10af0c00 'java/lang/invoke/LambdaForm$MH+0x000001bf10af0c00'
Event: 22538.905 Thread 0x000001bf77440be0 Unloading class 0x000001bf10af0000 'java/lang/invoke/LambdaForm$MH+0x000001bf10af0000'
Event: 22538.905 Thread 0x000001bf77440be0 Unloading class 0x000001bf10ae0000 'java/lang/invoke/LambdaForm$MH+0x000001bf10ae0000'
Event: 22538.905 Thread 0x000001bf77440be0 Unloading class 0x000001bf10292400 'java/lang/invoke/LambdaForm$MH+0x000001bf10292400'
Event: 22538.905 Thread 0x000001bf77440be0 Unloading class 0x000001bf10291c00 'java/lang/invoke/LambdaForm$MH+0x000001bf10291c00'
Event: 22538.905 Thread 0x000001bf77440be0 Unloading class 0x000001bf10291400 'java/lang/invoke/LambdaForm$MH+0x000001bf10291400'
Event: 22538.905 Thread 0x000001bf77440be0 Unloading class 0x000001bf1028d800 'java/lang/invoke/LambdaForm$MH+0x000001bf1028d800'
Event: 22538.905 Thread 0x000001bf77440be0 Unloading class 0x000001bf1028c800 'java/lang/invoke/LambdaForm$MH+0x000001bf1028c800'
Event: 22538.905 Thread 0x000001bf77440be0 Unloading class 0x000001bf10004800 'java/lang/invoke/LambdaForm$MH+0x000001bf10004800'

Classes redefined (0 events):
No events

Internal exceptions (20 events):
Event: 23272.963 Thread 0x000001bf59ca6300 Exception <a 'sun/nio/fs/WindowsException'{0x00000000d5828a20}> (0x00000000d5828a20) 
thrown [s\src\hotspot\share\prims\jni.cpp, line 520]
Event: 23273.090 Thread 0x000001bf59ca6300 Exception <a 'sun/nio/fs/WindowsException'{0x00000000d58a8b60}> (0x00000000d58a8b60) 
thrown [s\src\hotspot\share\prims\jni.cpp, line 520]
Event: 23273.091 Thread 0x000001bf59ca6300 Exception <a 'sun/nio/fs/WindowsException'{0x00000000d58a92b0}> (0x00000000d58a92b0) 
thrown [s\src\hotspot\share\prims\jni.cpp, line 520]
Event: 23380.662 Thread 0x000001bf58a74bb0 Exception <a 'java/lang/ArrayIndexOutOfBoundsException'{0x00000000d58e6b28}> (0x00000000d58e6b28) 
thrown [s\src\hotspot\share\runtime\sharedRuntime.cpp, line 625]
Event: 23380.707 Thread 0x000001bf58a74bb0 Exception <a 'java/lang/ArrayIndexOutOfBoundsException'{0x00000000d57da650}> (0x00000000d57da650) 
thrown [s\src\hotspot\share\runtime\sharedRuntime.cpp, line 625]
Event: 23380.709 Thread 0x000001bf58a74bb0 Exception <a 'java/lang/ArrayIndexOutOfBoundsException'{0x00000000d57dda00}> (0x00000000d57dda00) 
thrown [s\src\hotspot\share\runtime\sharedRuntime.cpp, line 625]
Event: 23380.709 Thread 0x000001bf58a74bb0 Exception <a 'java/lang/ArrayIndexOutOfBoundsException'{0x00000000d57ddfd8}> (0x00000000d57ddfd8) 
thrown [s\src\hotspot\share\runtime\sharedRuntime.cpp, line 625]
Event: 23380.881 Thread 0x000001bf58a74bb0 Implicit null exception at 0x000001bf08907a0b to 0x000001bf08909bb8
Event: 23382.257 Thread 0x000001bf59ca7d40 Exception <a 'sun/nio/fs/WindowsException'{0x00000000d5790560}> (0x00000000d5790560) 
thrown [s\src\hotspot\share\prims\jni.cpp, line 520]
Event: 23382.257 Thread 0x000001bf59ca7d40 Exception <a 'sun/nio/fs/WindowsException'{0x00000000d5790c58}> (0x00000000d5790c58) 
thrown [s\src\hotspot\share\prims\jni.cpp, line 520]
Event: 23382.258 Thread 0x000001bf59ca7d40 Exception <a 'sun/nio/fs/WindowsException'{0x00000000d5791b68}> (0x00000000d5791b68) 
thrown [s\src\hotspot\share\prims\jni.cpp, line 520]
Event: 23382.258 Thread 0x000001bf59ca7d40 Exception <a 'sun/nio/fs/WindowsException'{0x00000000d5792180}> (0x00000000d5792180) 
thrown [s\src\hotspot\share\prims\jni.cpp, line 520]
Event: 23382.258 Thread 0x000001bf59ca7d40 Exception <a 'sun/nio/fs/WindowsException'{0x00000000d5792f50}> (0x00000000d5792f50) 
thrown [s\src\hotspot\share\prims\jni.cpp, line 520]
Event: 23382.258 Thread 0x000001bf59ca7d40 Exception <a 'sun/nio/fs/WindowsException'{0x00000000d5793568}> (0x00000000d5793568) 
thrown [s\src\hotspot\share\prims\jni.cpp, line 520]
Event: 23382.875 Thread 0x000001bf507d9370 Exception <a 'sun/nio/fs/WindowsException'{0x00000000d56918e8}> (0x00000000d56918e8) 
thrown [s\src\hotspot\share\prims\jni.cpp, line 520]
Event: 23383.112 Thread 0x000001bf507d9370 Exception <a 'sun/nio/fs/WindowsException'{0x00000000d55c6148}> (0x00000000d55c6148) 
thrown [s\src\hotspot\share\prims\jni.cpp, line 520]
Event: 23386.050 Thread 0x000001bf507d9370 Exception <a 'sun/nio/fs/WindowsException'{0x00000000d55aa320}> (0x00000000d55aa320) 
thrown [s\src\hotspot\share\prims\jni.cpp, line 520]
Event: 23386.234 Thread 0x000001bf507d9370 Exception <a 'sun/nio/fs/WindowsException'{0x00000000d5ac05e8}> (0x00000000d5ac05e8) 
thrown [s\src\hotspot\share\prims\jni.cpp, line 520]
Event: 23573.144 Thread 0x000001bf59ca9e10 Exception <a 'sun/nio/fs/WindowsException'{0x00000000d5bca9f8}> (0x00000000d5bca9f8) 
thrown [s\src\hotspot\share\prims\jni.cpp, line 520]
Event: 23573.144 Thread 0x000001bf59ca9e10 Exception <a 'sun/nio/fs/WindowsException'{0x00000000d5bcb2c0}> (0x00000000d5bcb2c0) 
thrown [s\src\hotspot\share\prims\jni.cpp, line 520]

ZGC Phase Switch (0 events):
No events

VM Operations (20 events):
Event: 23411.092 Executing safepoint VM operation: ParallelGCFailedAllocation (Allocation Failure)
Event: 23411.095 Executing safepoint VM operation: ParallelGCFailedAllocation (Allocation Failure) done
Event: 23411.100 Executing safepoint VM operation: ParallelGCFailedAllocation (Allocation Failure)
Event: 23411.102 Executing safepoint VM operation: ParallelGCFailedAllocation (Allocation Failure) done
Event: 23429.239 Executing non-safepoint VM operation: HandshakeAllThreads (HandshakeForDeflation)
Event: 23429.239 Executing non-safepoint VM operation: HandshakeAllThreads (HandshakeForDeflation) done
Event: 23429.239 Executing non-safepoint VM operation: RendezvousGCThreads
Event: 23429.239 Executing non-safepoint VM operation: RendezvousGCThreads done
Event: 23573.148 Executing safepoint VM operation: ParallelGCFailedAllocation (Allocation Failure)
Event: 23573.156 Executing safepoint VM operation: ParallelGCFailedAllocation (Allocation Failure) done
Event: 23574.162 Executing safepoint VM operation: Cleanup
Event: 23574.162 Executing safepoint VM operation: Cleanup done
Event: 23609.499 Executing non-safepoint VM operation: HandshakeAllThreads (HandshakeForDeflation)
Event: 23609.499 Executing non-safepoint VM operation: HandshakeAllThreads (HandshakeForDeflation) done
Event: 23609.500 Executing non-safepoint VM operation: RendezvousGCThreads
Event: 23609.500 Executing non-safepoint VM operation: RendezvousGCThreads done
Event: 24030.918 Executing non-safepoint VM operation: HandshakeAllThreads (HandshakeForDeflation)
Event: 24030.918 Executing non-safepoint VM operation: HandshakeAllThreads (HandshakeForDeflation) done
Event: 24030.918 Executing non-safepoint VM operation: RendezvousGCThreads
Event: 24030.918 Executing non-safepoint VM operation: RendezvousGCThreads done

Memory protections (0 events):
No events

Nmethod flushes (20 events):
Event: 22539.067 Thread 0x000001bf77440be0 flushing  nmethod 0x000001bf030bd110
Event: 22539.067 Thread 0x000001bf77440be0 flushing  nmethod 0x000001bf030bdf10
Event: 22539.067 Thread 0x000001bf77440be0 flushing  nmethod 0x000001bf030c0790
Event: 22539.067 Thread 0x000001bf77440be0 flushing  nmethod 0x000001bf030c1410
Event: 22539.067 Thread 0x000001bf77440be0 flushing  nmethod 0x000001bf030d2d90
Event: 22539.067 Thread 0x000001bf77440be0 flushing  nmethod 0x000001bf030d3810
Event: 22539.067 Thread 0x000001bf77440be0 flushing  nmethod 0x000001bf030e1310
Event: 22539.067 Thread 0x000001bf77440be0 flushing  nmethod 0x000001bf03129c10
Event: 22539.067 Thread 0x000001bf77440be0 flushing  nmethod 0x000001bf03164890
Event: 22539.067 Thread 0x000001bf77440be0 flushing  nmethod 0x000001bf03167b10
Event: 22539.067 Thread 0x000001bf77440be0 flushing  nmethod 0x000001bf0316e610
Event: 22539.067 Thread 0x000001bf77440be0 flushing  nmethod 0x000001bf0316f690
Event: 22539.067 Thread 0x000001bf77440be0 flushing  nmethod 0x000001bf03170b10
Event: 22539.067 Thread 0x000001bf77440be0 flushing  nmethod 0x000001bf03172010
Event: 22539.067 Thread 0x000001bf77440be0 flushing  nmethod 0x000001bf03185810
Event: 22539.067 Thread 0x000001bf77440be0 flushing  nmethod 0x000001bf031acd10
Event: 22539.067 Thread 0x000001bf77440be0 flushing  nmethod 0x000001bf031af290
Event: 22539.067 Thread 0x000001bf77440be0 flushing  nmethod 0x000001bf031ba890
Event: 22539.067 Thread 0x000001bf77440be0 flushing  nmethod 0x000001bf031bdf90
Event: 22539.067 Thread 0x000001bf77440be0 flushing  nmethod 0x000001bf031be610

Events (20 events):
Event: 23471.117 Thread 0x000001bf59ca9780 Thread exited: 0x000001bf59ca9780
Event: 23471.386 Thread 0x000001bf507ac2b0 Thread exited: 0x000001bf507ac2b0
Event: 23531.388 Thread 0x000001bf59ca6990 Thread exited: 0x000001bf59ca6990
Event: 23573.139 Thread 0x000001bf59ca9e10 Thread added: 0x000001bf58f23220
Event: 23573.145 Thread 0x000001bf59ca9e10 Thread added: 0x000001bf58f20430
Event: 23573.146 Thread 0x000001bf58f20430 Thread exited: 0x000001bf58f20430
Event: 23573.161 Thread 0x000001bf59ca9e10 Thread added: 0x000001bf58f20430
Event: 23573.161 Thread 0x000001bf58f20430 Thread exited: 0x000001bf58f20430
Event: 23573.165 Thread 0x000001bf58f238b0 Thread exited: 0x000001bf58f238b0
Event: 23581.899 Thread 0x000001bf59ca9e10 Thread added: 0x000001bf58f238b0
Event: 23641.909 Thread 0x000001bf58f238b0 Thread exited: 0x000001bf58f238b0
Event: 23642.175 Thread 0x000001bf59cabee0 Thread exited: 0x000001bf59cabee0
Event: 23683.883 Thread 0x000001bf58f22b90 Thread exited: 0x000001bf58f22b90
Event: 23683.935 Thread 0x000001bf58f1fda0 Thread exited: 0x000001bf58f1fda0
Event: 23686.146 Thread 0x000001bf58f20ac0 Thread exited: 0x000001bf58f20ac0
Event: 23686.197 Thread 0x000001bf58f21150 Thread exited: 0x000001bf58f21150
Event: 23702.188 Thread 0x000001bf59ca7d40 Thread exited: 0x000001bf59ca7d40
Event: 23762.199 Thread 0x000001bf59ca83d0 Thread exited: 0x000001bf59ca83d0
Event: 23822.212 Thread 0x000001bf59ca90f0 Thread exited: 0x000001bf59ca90f0
Event: 23882.221 Thread 0x000001bf59ca76b0 Thread exited: 0x000001bf59ca76b0


Dynamic libraries:
0x00007ff6e5080000 - 0x00007ff6e508e000 	c:\Users\BHARATH\.vscode\extensions\redhat.java-1.53.0-win32-x64\jre\21.0.10-win32-x86_64\bin\java.exe
0x00007ffe10b80000 - 0x00007ffe10de8000 	C:\WINDOWS\SYSTEM32\ntdll.dll
0x00007ffe0f870000 - 0x00007ffe0f939000 	C:\WINDOWS\System32\KERNEL32.DLL
0x00007ffe0e050000 - 0x00007ffe0e441000 	C:\WINDOWS\System32\KERNELBASE.dll
0x00007ffe0df00000 - 0x00007ffe0e04b000 	C:\WINDOWS\System32\ucrtbase.dll
0x00007ffdf8990000 - 0x00007ffdf89ae000 	c:\Users\BHARATH\.vscode\extensions\redhat.java-1.53.0-win32-x64\jre\21.0.10-win32-x86_64\bin\VCRUNTIME140.dll
0x00007ffdfa130000 - 0x00007ffdfa148000 	c:\Users\BHARATH\.vscode\extensions\redhat.java-1.53.0-win32-x64\jre\21.0.10-win32-x86_64\bin\jli.dll
0x00007ffe0f9f0000 - 0x00007ffe0fbb6000 	C:\WINDOWS\System32\USER32.dll
0x00007ffe0e500000 - 0x00007ffe0e527000 	C:\WINDOWS\System32\win32u.dll
0x00007ffdf9e90000 - 0x00007ffdfa123000 	C:\WINDOWS\WinSxS\amd64_microsoft.windows.common-controls_6595b64144ccf1df_6.0.26100.7824_none_3e0870b2e3345462\COMCTL32.dll
0x00007ffe10470000 - 0x00007ffe1049b000 	C:\WINDOWS\System32\GDI32.dll
0x00007ffe0e9b0000 - 0x00007ffe0ea59000 	C:\WINDOWS\System32\msvcrt.dll
0x00007ffe0e680000 - 0x00007ffe0e7ab000 	C:\WINDOWS\System32\gdi32full.dll
0x00007ffe0de50000 - 0x00007ffe0def3000 	C:\WINDOWS\System32\msvcp_win.dll
0x00007ffe10230000 - 0x00007ffe10261000 	C:\WINDOWS\System32\IMM32.DLL
0x00007ffdfc580000 - 0x00007ffdfc58c000 	c:\Users\BHARATH\.vscode\extensions\redhat.java-1.53.0-win32-x64\jre\21.0.10-win32-x86_64\bin\vcruntime140_1.dll
0x00007ffdadf00000 - 0x00007ffdadf8d000 	c:\Users\BHARATH\.vscode\extensions\redhat.java-1.53.0-win32-x64\jre\21.0.10-win32-x86_64\bin\msvcp140.dll
0x00007ffd4cd30000 - 0x00007ffd4dad1000 	c:\Users\BHARATH\.vscode\extensions\redhat.java-1.53.0-win32-x64\jre\21.0.10-win32-x86_64\bin\server\jvm.dll
0x00007ffe103b0000 - 0x00007ffe10464000 	C:\WINDOWS\System32\ADVAPI32.dll
0x00007ffe0fbc0000 - 0x00007ffe0fc66000 	C:\WINDOWS\System32\sechost.dll
0x00007ffe0eff0000 - 0x00007ffe0f108000 	C:\WINDOWS\System32\RPCRT4.dll
0x00007ffe10270000 - 0x00007ffe102e4000 	C:\WINDOWS\System32\WS2_32.dll
0x00007ffe043e0000 - 0x00007ffe04415000 	C:\WINDOWS\SYSTEM32\WINMM.dll
0x00007ffe0d2c0000 - 0x00007ffe0d31e000 	C:\WINDOWS\SYSTEM32\POWRPROF.dll
0x00007ffdfe590000 - 0x00007ffdfe59b000 	C:\WINDOWS\SYSTEM32\VERSION.dll
0x00007ffe0d2a0000 - 0x00007ffe0d2b4000 	C:\WINDOWS\SYSTEM32\UMPDC.dll
0x00007ffe0c200000 - 0x00007ffe0c21b000 	C:\WINDOWS\SYSTEM32\kernel.appcore.dll
0x00007ffdfb750000 - 0x00007ffdfb75a000 	c:\Users\BHARATH\.vscode\extensions\redhat.java-1.53.0-win32-x64\jre\21.0.10-win32-x86_64\bin\jimage.dll
0x00007ffe0a7c0000 - 0x00007ffe0aa02000 	C:\WINDOWS\SYSTEM32\DBGHELP.DLL
0x00007ffe104a0000 - 0x00007ffe10826000 	C:\WINDOWS\System32\combase.dll
0x00007ffe0ffa0000 - 0x00007ffe10077000 	C:\WINDOWS\System32\OLEAUT32.dll
0x00007ffdf04c0000 - 0x00007ffdf04fb000 	C:\WINDOWS\SYSTEM32\dbgcore.DLL
0x00007ffe0e450000 - 0x00007ffe0e4f5000 	C:\WINDOWS\System32\bcryptPrimitives.dll
0x00007ffdfa1b0000 - 0x00007ffdfa1bf000 	c:\Users\BHARATH\.vscode\extensions\redhat.java-1.53.0-win32-x64\jre\21.0.10-win32-x86_64\bin\instrument.dll
0x00007ffdf7bb0000 - 0x00007ffdf7bd0000 	c:\Users\BHARATH\.vscode\extensions\redhat.java-1.53.0-win32-x64\jre\21.0.10-win32-x86_64\bin\java.dll
0x00007ffe0f110000 - 0x00007ffe0f862000 	C:\WINDOWS\System32\SHELL32.dll
0x00007ffe0e7b0000 - 0x00007ffe0e91a000 	C:\WINDOWS\System32\wintypes.dll
0x00007ffe0d5e0000 - 0x00007ffe0de43000 	C:\WINDOWS\System32\windows.storage.dll
0x00007ffe0fcc0000 - 0x00007ffe0fdb6000 	C:\WINDOWS\System32\SHCORE.dll
0x00007ffe10830000 - 0x00007ffe10897000 	C:\WINDOWS\System32\shlwapi.dll
0x00007ffe0d380000 - 0x00007ffe0d3a9000 	C:\WINDOWS\SYSTEM32\profapi.dll
0x00007ffdf7550000 - 0x00007ffdf7568000 	c:\Users\BHARATH\.vscode\extensions\redhat.java-1.53.0-win32-x64\jre\21.0.10-win32-x86_64\bin\zip.dll
0x00007ffdf8d50000 - 0x00007ffdf8d60000 	C:\Users\BHARATH\.vscode\extensions\redhat.java-1.53.0-win32-x64\jre\21.0.10-win32-x86_64\bin\net.dll
0x00007ffe06c80000 - 0x00007ffe06da7000 	C:\WINDOWS\SYSTEM32\WINHTTP.dll
0x00007ffe0c770000 - 0x00007ffe0c7db000 	C:\WINDOWS\system32\mswsock.dll
0x00007ffdf55d0000 - 0x00007ffdf55e6000 	C:\Users\BHARATH\.vscode\extensions\redhat.java-1.53.0-win32-x64\jre\21.0.10-win32-x86_64\bin\nio.dll
0x00007ffdf5760000 - 0x00007ffdf5770000 	c:\Users\BHARATH\.vscode\extensions\redhat.java-1.53.0-win32-x64\jre\21.0.10-win32-x86_64\bin\verify.dll
0x00007ffdadeb0000 - 0x00007ffdadef5000 	C:\Users\BHARATH\AppData\Roaming\Code\User\globalStorage\redhat.java\1.53.0\config_win\org.eclipse.equinox.launcher\org.eclipse.equinox.launcher.win32.win32.x86_64_1.3.0.v20260203-2149\eclipse_11919.dll
0x00007ffe10090000 - 0x00007ffe10227000 	C:\WINDOWS\System32\ole32.dll
0x00007ffe0ca40000 - 0x00007ffe0ca5b000 	C:\WINDOWS\SYSTEM32\CRYPTSP.dll
0x00007ffe0c160000 - 0x00007ffe0c199000 	C:\WINDOWS\system32\rsaenh.dll
0x00007ffe0c820000 - 0x00007ffe0c84b000 	C:\WINDOWS\SYSTEM32\USERENV.dll
0x00007ffe0d350000 - 0x00007ffe0d37a000 	C:\WINDOWS\SYSTEM32\bcrypt.dll
0x00007ffe0ca60000 - 0x00007ffe0ca6c000 	C:\WINDOWS\SYSTEM32\CRYPTBASE.dll
0x00007ffe0bc80000 - 0x00007ffe0bcb4000 	C:\WINDOWS\SYSTEM32\IPHLPAPI.DLL
0x00007ffe0f940000 - 0x00007ffe0f94a000 	C:\WINDOWS\System32\NSI.dll
0x00007ffdae1b0000 - 0x00007ffdae1f9000 	C:\Users\BHARATH\AppData\Local\Temp\jna-569536542\jna8628676094085420427.dll
0x00007ffe10a30000 - 0x00007ffe10a38000 	C:\WINDOWS\System32\PSAPI.DLL
0x00007ffe06e20000 - 0x00007ffe06e3e000 	C:\WINDOWS\SYSTEM32\dhcpcsvc6.DLL
0x00007ffe06ba0000 - 0x00007ffe06bc3000 	C:\WINDOWS\SYSTEM32\dhcpcsvc.DLL
0x00007ffdfc6a0000 - 0x00007ffdfc6ae000 	C:\Users\BHARATH\.vscode\extensions\redhat.java-1.53.0-win32-x64\jre\21.0.10-win32-x86_64\bin\sunmscapi.dll
0x00007ffe0d460000 - 0x00007ffe0d5d7000 	C:\WINDOWS\System32\CRYPT32.dll
0x00007ffe0cc60000 - 0x00007ffe0cc90000 	C:\WINDOWS\SYSTEM32\ncrypt.dll
0x00007ffe0cc10000 - 0x00007ffe0cc4f000 	C:\WINDOWS\SYSTEM32\NTASN1.dll
0x00007ffe0bcc0000 - 0x00007ffe0bdec000 	C:\WINDOWS\SYSTEM32\DNSAPI.dll
0x00007ffe03700000 - 0x00007ffe0370b000 	C:\Windows\System32\rasadhlp.dll
0x00007ffe07090000 - 0x00007ffe07116000 	C:\WINDOWS\System32\fwpuclnt.dll
0x00007ffdfa280000 - 0x00007ffdfa289000 	C:\Users\BHARATH\.vscode\extensions\redhat.java-1.53.0-win32-x64\jre\21.0.10-win32-x86_64\bin\extnet.dll
0x00007ffe0c320000 - 0x00007ffe0c356000 	C:\WINDOWS\SYSTEM32\ntmarta.dll

JVMTI agents:
c:\Users\BHARATH\.vscode\extensions\redhat.java-1.53.0-win32-x64\lombok\lombok-1.18.39-4050.jar path:c:\Users\BHARATH\.vscode\extensions\redhat.java-1.53.0-win32-x64\jre\21.0.10-win32-x86_64\bin\instrument.dll, loaded, initialized, instrumentlib options:none

dbghelp: loaded successfully - version: 4.0.5 - missing functions: none
symbol engine: initialized successfully - sym options: 0x614 - pdb path: .;c:\Users\BHARATH\.vscode\extensions\redhat.java-1.53.0-win32-x64\jre\21.0.10-win32-x86_64\bin;C:\WINDOWS\SYSTEM32;C:\WINDOWS\WinSxS\amd64_microsoft.windows.common-controls_6595b64144ccf1df_6.0.26100.7824_none_3e0870b2e3345462;c:\Users\BHARATH\.vscode\extensions\redhat.java-1.53.0-win32-x64\jre\21.0.10-win32-x86_64\bin\server;C:\Users\BHARATH\AppData\Roaming\Code\User\globalStorage\redhat.java\1.53.0\config_win\org.eclipse.equinox.launcher\org.eclipse.equinox.launcher.win32.win32.x86_64_1.3.0.v20260203-2149;C:\Users\BHARATH\AppData\Local\Temp\jna-569536542

VM Arguments:
jvm_args: --add-modules=ALL-SYSTEM --add-opens=java.base/java.util=ALL-UNNAMED --add-opens=java.base/java.lang=ALL-UNNAMED --add-opens=java.base/sun.nio.fs=ALL-UNNAMED -Declipse.application=org.eclipse.jdt.ls.core.id1 -Dosgi.bundles.defaultStartLevel=4 -Declipse.product=org.eclipse.jdt.ls.core.product -Djava.import.generatesMetadataFilesAtProjectRoot=false -DDetectVMInstallationsJob.disabled=true -Dfile.encoding=utf8 -XX:+UseParallelGC -XX:GCTimeRatio=4 -XX:AdaptiveSizePolicyWeight=90 -Dsun.zip.disableMemoryMapping=true -Xmx2G -Xms100m -Xlog:disable -javaagent:c:\Users\BHARATH\.vscode\extensions\redhat.java-1.53.0-win32-x64\lombok\lombok-1.18.39-4050.jar -XX:+HeapDumpOnOutOfMemoryError -XX:HeapDumpPath=c:\Users\BHARATH\AppData\Roaming\Code\User\workspaceStorage\2d137c32f5820031e495f3208e678d38\redhat.java -Daether.dependencyCollector.impl=bf 
java_command: c:\Users\BHARATH\.vscode\extensions\redhat.java-1.53.0-win32-x64\server\plugins\org.eclipse.equinox.launcher_1.7.100.v20251111-0406.jar -configuration c:\Users\BHARATH\AppData\Roaming\Code\User\globalStorage\redhat.java\1.53.0\config_win -data c:\Users\BHARATH\AppData\Roaming\Code\User\workspaceStorage\2d137c32f5820031e495f3208e678d38\redhat.java\jdt_ws --pipe=\\.\pipe\lsp-d2363140decc7c0536bc89c25a191783-sock
java_class_path (initial): c:\Users\BHARATH\.vscode\extensions\redhat.java-1.53.0-win32-x64\server\plugins\org.eclipse.equinox.launcher_1.7.100.v20251111-0406.jar
Launcher Type: SUN_STANDARD

[Global flags]
    uintx AdaptiveSizePolicyWeight                 = 90                                        {product} {command line}
     intx CICompilerCount                          = 4                                         {product} {ergonomic}
    uintx GCTimeRatio                              = 4                                         {product} {command line}
     bool HeapDumpOnOutOfMemoryError               = true                                   {manageable} {command line}
    ccstr HeapDumpPath                             = c:\Users\BHARATH\AppData\Roaming\Code\User\workspaceStorage\2d137c32f5820031e495f3208e678d38\redhat.java         {manageable} {command line}
   size_t InitialHeapSize                          = 104857600                                 {product} {command line}
   size_t MaxHeapSize                              = 2147483648                                {product} {command line}
   size_t MaxNewSize                               = 715653120                                 {product} {ergonomic}
   size_t MinHeapDeltaBytes                        = 524288                                    {product} {ergonomic}
   size_t MinHeapSize                              = 104857600                                 {product} {command line}
   size_t NewSize                                  = 34603008                                  {product} {ergonomic}
    uintx NonNMethodCodeHeapSize                   = 5839372                                {pd product} {ergonomic}
    uintx NonProfiledCodeHeapSize                  = 122909434                              {pd product} {ergonomic}
   size_t OldSize                                  = 70254592                                  {product} {ergonomic}
    uintx ProfiledCodeHeapSize                     = 122909434                              {pd product} {ergonomic}
    uintx ReservedCodeCacheSize                    = 251658240                              {pd product} {ergonomic}
     bool SegmentedCodeCache                       = true                                      {product} {ergonomic}
   size_t SoftMaxHeapSize                          = 2147483648                             {manageable} {ergonomic}
     bool UseCompressedOops                        = true                           {product lp64_product} {ergonomic}
     bool UseLargePagesIndividualAllocation        = false                                  {pd product} {ergonomic}
     bool UseParallelGC                            = true                                      {product} {command line}

Logging:
Log output configuration:
 #0: stdout all=off uptime,level,tags foldmultilines=false
 #1: stderr all=off uptime,level,tags foldmultilines=false

Release file:
JAVA_VERSION="21.0.10" 
MODULES="java.base java.compiler java.datatransfer java.xml java.prefs java.desktop java.instrument java.logging java.management java.security.sasl java.naming java.rmi java.management.rmi java.net.http java.scripting java.security.jgss java.transaction.xa java.sql java.sql.rowset java.xml.crypto java.se java.smartcardio jdk.accessibility jdk.internal.jvmstat jdk.attach jdk.charsets jdk.internal.opt jdk.zipfs jdk.compiler jdk.crypto.ec jdk.crypto.cryptoki jdk.crypto.mscapi jdk.dynalink jdk.internal.ed jdk.editpad jdk.hotspot.agent jdk.httpserver jdk.internal.le jdk.internal.vm.ci jdk.internal.vm.compiler jdk.internal.vm.compiler.management jdk.jartool jdk.javadoc jdk.jcmd jdk.management jdk.management.agent jdk.jconsole jdk.jdeps jdk.jdwp.agent jdk.jdi jdk.jfr jdk.jshell jdk.jsobject jdk.jstatd jdk.localedata jdk.management.jfr jdk.naming.dns jdk.naming.rmi jdk.net jdk.nio.mapmode jdk.random jdk.sctp jdk.security.auth jdk.security.jgss jdk.unsupported jdk.unsupported.desktop jdk.xml.dom" 

Environment Variables:
JAVA_HOME=C:\Program Files\Java\jdk-20
PATH=C:\Program Files\Eclipse Adoptium\jdk-21.0.6.7-hotspot\bin;C:\Python312\Scripts\;C:\Python312\;C:\Program Files\Common Files\Oracle\Java\javapath;C:\WINDOWS\system32;C:\WINDOWS;C:\WINDOWS\System32\Wbem;C:\WINDOWS\System32\WindowsPowerShell\v1.0\;C:\WINDOWS\System32\OpenSSH\;C:\Program Files\Java\jdk-20\bin;C:\Program Files\MySQL\MySQL Server 8.0\bin;C:\Program Files\Git\cmd;C:\ProgramData\chocolatey\bin;C:\Program Files\nodejs\;C:\Program Files\Eclipse Adoptium\jdk-21.0.6.7-hotspot\\bin;C:\gradle-8.13-all\gradle-8.13\bin;C:\Users\BHARATH\AppData\Local\Programs\Python\Python311\Scripts\;C:\Users\BHARATH\AppData\Local\Programs\Python\Python311\;C:\Program Files\MySQL\MySQL Shell 8.0\bin\;C:\Users\BHARATH\AppData\Local\Microsoft\WindowsApps;C:\Users\BHARATH\AppData\Local\Programs\Microsoft VS Code\bin;C:\Users\BHARATH\AppData\Roaming\npm;C:\dartsdk-windows-x64-release\dart-sdk\bin;C:\flutter\bin;C:\Users\BHARATH\AppData\Local\Programs\Antigravity\bin;C:\apache-maven-3.9.12-bin\apache-maven-3.9.12\bin;
USERNAME=BHARATH
OS=Windows_NT
PROCESSOR_IDENTIFIER=Intel64 Family 6 Model 140 Stepping 1, GenuineIntel
TMP=C:\Users\BHARATH\AppData\Local\Temp
TEMP=C:\Users\BHARATH\AppData\Local\Temp




Periodic native trim disabled

---------------  S Y S T E M  ---------------

OS:
 Windows 11 , 64 bit Build 26100 (10.0.26100.7705)
OS uptime: 0 days 20:06 hours
Hyper-V role detected

CPU: total 8 (initial active 8) (4 cores per cpu, 2 threads per core) family 6 model 140 stepping 1 microcode 0x9a, cx8, cmov, fxsr, ht, mmx, 3dnowpref, sse, sse2, sse3, ssse3, sse4.1, sse4.2, popcnt, lzcnt, tsc, tscinvbit, avx, avx2, aes, erms, clmul, bmi1, bmi2, adx, avx512f, avx512dq, avx512cd, avx512bw, avx512vl, sha, fma, vzeroupper, avx512_vpopcntdq, avx512_vpclmulqdq, avx512_vaes, avx512_vnni, clflush, clflushopt, clwb, avx512_vbmi2, avx512_vbmi, hv, rdtscp, rdpid, fsrm, gfni, avx512_bitalg, f16c, cet_ibt, cet_ss, avx512_ifma
Processor Information for processor 0
  Max Mhz: 2419, Current Mhz: 2419, Mhz Limit: 2419
Processor Information for processor 1
  Max Mhz: 2419, Current Mhz: 1511, Mhz Limit: 2419
Processor Information for processor 2
  Max Mhz: 2419, Current Mhz: 2419, Mhz Limit: 2419
Processor Information for processor 3
  Max Mhz: 2419, Current Mhz: 2419, Mhz Limit: 2419
Processor Information for processor 4
  Max Mhz: 2419, Current Mhz: 2419, Mhz Limit: 2419
Processor Information for processor 5
  Max Mhz: 2419, Current Mhz: 1511, Mhz Limit: 2419
Processor Information for processor 6
  Max Mhz: 2419, Current Mhz: 1511, Mhz Limit: 2419
Processor Information for processor 7
  Max Mhz: 2419, Current Mhz: 2419, Mhz Limit: 2419

Memory: 4k page, system-wide physical 24375M (6316M free)
TotalPageFile size 24643M (AvailPageFile size 7M)
current process WorkingSet (physical memory assigned to process): 992M, peak: 1744M
current process commit charge ("private bytes"): 1165M, peak: 1824M

vm_info: OpenJDK 64-Bit Server VM (21.0.10+7-LTS) for windows-amd64 JRE (21.0.10+7-LTS), built on 2026-01-20T00:00:00Z by "admin" with MS VC++ 17.12 (VS2022)

END.
