#
# There is insufficient memory for the Java Runtime Environment to continue.
# Native memory allocation (mmap) failed to map 402653184 bytes for G1 virtual space
# Possible reasons:
#   The system is out of physical RAM or swap space
#   The process is running with CompressedOops enabled, and the Java Heap may be blocking the growth of the native heap
# Possible solutions:
#   Reduce memory load on the system
#   Increase physical memory or swap space
#   Check if swap backing store is full
#   Decrease Java heap size (-Xmx/-Xms)
#   Decrease number of Java threads
#   Decrease Java thread stack sizes (-Xss)
#   Set larger code cache with -XX:ReservedCodeCacheSize=
#   JVM is running with Zero Based Compressed Oops mode in which the Java heap is
#     placed in the first 32GB address space. The Java Heap base address is the
#     maximum limit for the native heap growth. Please use -XX:HeapBaseMinAddress
#     to set the Java Heap base and to place the Java Heap above 32GB virtual address.
# This output file may be truncated or incomplete.
#
#  Out of Memory Error (os_windows.cpp:3528), pid=7668, tid=13548
#
# JRE version:  (20.0.1+9) (build )
# Java VM: Java HotSpot(TM) 64-Bit Server VM (20.0.1+9-29, mixed mode, sharing, tiered, compressed oops, compressed class ptrs, g1 gc, windows-amd64)
# No core dump will be written. Minidumps are not enabled by default on client versions of Windows
#

---------------  S U M M A R Y ------------

Command Line: -Dclassworlds.conf=C:\apache-maven-3.9.12-bin\apache-maven-3.9.12\bin\m2.conf -Dmaven.home=C:\apache-maven-3.9.12-bin\apache-maven-3.9.12 -Dlibrary.jansi.path=C:\apache-maven-3.9.12-bin\apache-maven-3.9.12\lib\jansi-native -Dmaven.multiModuleProjectDirectory=C:\Users\BHARATH\Desktop\BSEATHUB\bseathub\eathub-common-service org.codehaus.plexus.classworlds.launcher.Launcher exec:java -Dexec .mainClass=org.h2.tools.Shell -Dexec .args=-url jdbc:h2:mem:eathub -user sa -sql \SELECT fssai_document_url FROM restaurant_legal_profiles LIMIT 1

Host: 11th Gen Intel(R) Core(TM) i5-1135G7 @ 2.40GHz, 8 cores, 23G,  Windows 11 , 64 bit Build 26100 (10.0.26100.7705)
Time: Fri Mar 27 18:19:42 2026 India Standard Time elapsed time: 0.014465 seconds (0d 0h 0m 0s)

---------------  T H R E A D  ---------------

Current thread (0x000001a24c422470):  JavaThread "Unknown thread" [_thread_in_vm, id=13548, stack(0x0000004a50100000,0x0000004a50200000)]

Stack: [0x0000004a50100000,0x0000004a50200000]
Native frames: (J=compiled Java code, j=interpreted, Vv=VM code, C=native code)
V  [jvm.dll+0x6bb95a]
V  [jvm.dll+0x8485fa]
V  [jvm.dll+0x84a1f5]
V  [jvm.dll+0x84a8f3]
V  [jvm.dll+0x280b0f]
V  [jvm.dll+0x6b86e9]
V  [jvm.dll+0x6ad2da]
V  [jvm.dll+0x35adf5]
V  [jvm.dll+0x363016]
V  [jvm.dll+0x3b3b3e]
V  [jvm.dll+0x3b3dc5]
V  [jvm.dll+0x32b50a]
V  [jvm.dll+0x32c32b]
V  [jvm.dll+0x8112bf]
V  [jvm.dll+0x3c0d91]
V  [jvm.dll+0x7fcfe3]
V  [jvm.dll+0x44c76f]
V  [jvm.dll+0x44e0e1]
C  [jli.dll+0x5287]
C  [ucrtbase.dll+0x37b0]
C  [KERNEL32.DLL+0x2e8d7]
C  [ntdll.dll+0x8c40c]


---------------  P R O C E S S  ---------------

Threads class SMR info:
_java_thread_list=0x00007ffef7afa098, length=0, elements={
}

Java Threads: ( => current thread )

Other Threads:
  0x000001a24c4b0380 WorkerThread "GC Thread#0" [stack: 0x0000004a50200000,0x0000004a50300000] [id=5596]
  0x000001a24c4bd020 ConcurrentGCThread "G1 Main Marker" [stack: 0x0000004a50300000,0x0000004a50400000] [id=32992]
  0x000001a24c4be7d0 WorkerThread "G1 Conc#0" [stack: 0x0000004a50400000,0x0000004a50500000] [id=34892]

[error occurred during error reporting (printing all threads), id 0xc0000005, EXCEPTION_ACCESS_VIOLATION (0xc0000005) at pc=0x00007ffef72deb47]
VM state: not at safepoint (not fully initialized)

VM Mutex/Monitor currently owned by a thread:  ([mutex/lock_event])
[0x000001a24c41f620] Heap_lock - owner thread: 0x000001a24c422470

Heap address: 0x0000000683000000, size: 6096 MB, Compressed Oops mode: Zero based, Oop shift amount: 3

CDS archive(s) mapped at: [0x0000000000000000-0x0000000000000000-0x0000000000000000), size 0, SharedBaseAddress: 0x0000000800000000, ArchiveRelocationMode: 0.
Narrow klass base: 0x0000000000000000, Narrow klass shift: 0, Narrow klass range: 0x0

GC Precious Log:
 CardTable entry size: 512
 Card Set container configuration: InlinePtr #cards 4 size 8 Array Of Cards #cards 32 size 80 Howl #buckets 8 coarsen threshold 7372 Howl Bitmap #cards 1024 size 144 coarsen threshold 921 Card regions per heap region 1 cards per card region 8192

Heap:
 garbage-first heap   total 0K, used 0K [0x0000000683000000, 0x0000000800000000)
  region size 4096K, 0 young (0K), 0 survivors (0K)

[error occurred during error reporting (printing heap information), id 0xc0000005, EXCEPTION_ACCESS_VIOLATION (0xc0000005) at pc=0x00007ffef76b3c59]
GC Heap History (0 events):
No events

Dll operation events (1 events):
Event: 0.008 Loaded shared library C:\Program Files\Java\jdk-20\bin\java.dll

Deoptimization events (0 events):
No events

Classes loaded (0 events):
No events

Classes unloaded (0 events):
No events

Classes redefined (0 events):
No events

Internal exceptions (0 events):
No events

VM Operations (0 events):
No events

Events (0 events):
No events


Dynamic libraries:
0x00007ff75c4b0000 - 0x00007ff75c4c0000 	C:\Program Files\Java\jdk-20\bin\java.exe
0x00007fff806a0000 - 0x00007fff80908000 	C:\WINDOWS\SYSTEM32\ntdll.dll
0x00007fff7e440000 - 0x00007fff7e509000 	C:\WINDOWS\System32\KERNEL32.DLL
0x00007fff7d0c0000 - 0x00007fff7d4b1000 	C:\WINDOWS\System32\KERNELBASE.dll
0x00007fff7d5f0000 - 0x00007fff7d73b000 	C:\WINDOWS\System32\ucrtbase.dll
0x00007fff6e7d0000 - 0x00007fff6e7eb000 	C:\Program Files\Java\jdk-20\bin\VCRUNTIME140.dll
0x00007fff6b910000 - 0x00007fff6b929000 	C:\Program Files\Java\jdk-20\bin\jli.dll
0x00007fff7fc20000 - 0x00007fff7fcd4000 	C:\WINDOWS\System32\ADVAPI32.dll
0x00007fff80250000 - 0x00007fff802f9000 	C:\WINDOWS\System32\msvcrt.dll
0x00007fff7e510000 - 0x00007fff7e5b6000 	C:\WINDOWS\System32\sechost.dll
0x00007fff7ee30000 - 0x00007fff7ef48000 	C:\WINDOWS\System32\RPCRT4.dll
0x00007fff7e820000 - 0x00007fff7e9e6000 	C:\WINDOWS\System32\USER32.dll
0x00007fff7d740000 - 0x00007fff7d767000 	C:\WINDOWS\System32\win32u.dll
0x00007fff7e9f0000 - 0x00007fff7ea1b000 	C:\WINDOWS\System32\GDI32.dll
0x00007fff5c540000 - 0x00007fff5c7d3000 	C:\WINDOWS\WinSxS\amd64_microsoft.windows.common-controls_6595b64144ccf1df_6.0.26100.7824_none_3e0870b2e3345462\COMCTL32.dll
0x00007fff7d4c0000 - 0x00007fff7d5eb000 	C:\WINDOWS\System32\gdi32full.dll
0x00007fff7d010000 - 0x00007fff7d0b3000 	C:\WINDOWS\System32\msvcp_win.dll
0x00007fff67560000 - 0x00007fff6756b000 	C:\WINDOWS\SYSTEM32\VERSION.dll
0x00007fff7ede0000 - 0x00007fff7ee11000 	C:\WINDOWS\System32\IMM32.DLL
0x00007fff781e0000 - 0x00007fff781ec000 	C:\Program Files\Java\jdk-20\bin\vcruntime140_1.dll
0x00007fff65370000 - 0x00007fff653fe000 	C:\Program Files\Java\jdk-20\bin\msvcp140.dll
0x00007ffef6fa0000 - 0x00007ffef7c37000 	C:\Program Files\Java\jdk-20\bin\server\jvm.dll
0x00007fff50ae0000 - 0x00007fff50aea000 	C:\WINDOWS\SYSTEM32\WSOCK32.dll
0x00007fff74610000 - 0x00007fff74645000 	C:\WINDOWS\SYSTEM32\WINMM.dll
0x00007fff805e0000 - 0x00007fff80654000 	C:\WINDOWS\System32\WS2_32.dll
0x00007fff7bd20000 - 0x00007fff7bd3b000 	C:\WINDOWS\SYSTEM32\kernel.appcore.dll
0x00007fff76c60000 - 0x00007fff76c6a000 	C:\Program Files\Java\jdk-20\bin\jimage.dll
0x00007fff7a750000 - 0x00007fff7a992000 	C:\WINDOWS\SYSTEM32\DBGHELP.DLL
0x00007fff7ef50000 - 0x00007fff7f2d6000 	C:\WINDOWS\System32\combase.dll
0x00007fff7f2e0000 - 0x00007fff7f3b7000 	C:\WINDOWS\System32\OLEAUT32.dll
0x00007fff563a0000 - 0x00007fff563db000 	C:\WINDOWS\SYSTEM32\dbgcore.DLL
0x00007fff7d770000 - 0x00007fff7d815000 	C:\WINDOWS\System32\bcryptPrimitives.dll
0x00007fff6b7d0000 - 0x00007fff6b7f6000 	C:\Program Files\Java\jdk-20\bin\java.dll

dbghelp: loaded successfully - version: 4.0.5 - missing functions: none
symbol engine: initialized successfully - sym options: 0x614 - pdb path: .;C:\Program Files\Java\jdk-20\bin;C:\WINDOWS\SYSTEM32;C:\WINDOWS\WinSxS\amd64_microsoft.windows.common-controls_6595b64144ccf1df_6.0.26100.7824_none_3e0870b2e3345462;C:\Program Files\Java\jdk-20\bin\server

VM Arguments:
jvm_args: -Dclassworlds.conf=C:\apache-maven-3.9.12-bin\apache-maven-3.9.12\bin\m2.conf -Dmaven.home=C:\apache-maven-3.9.12-bin\apache-maven-3.9.12 -Dlibrary.jansi.path=C:\apache-maven-3.9.12-bin\apache-maven-3.9.12\lib\jansi-native -Dmaven.multiModuleProjectDirectory=C:\Users\BHARATH\Desktop\BSEATHUB\bseathub\eathub-common-service 
java_command: org.codehaus.plexus.classworlds.launcher.Launcher exec:java -Dexec .mainClass=org.h2.tools.Shell -Dexec .args=-url jdbc:h2:mem:eathub -user sa -sql \SELECT fssai_document_url FROM restaurant_legal_profiles LIMIT 1
java_class_path (initial): C:\apache-maven-3.9.12-bin\apache-maven-3.9.12\boot\plexus-classworlds-2.9.0.jar
Launcher Type: SUN_STANDARD

[Global flags]
     intx CICompilerCount                          = 4                                         {product} {ergonomic}
     uint ConcGCThreads                            = 2                                         {product} {ergonomic}
     uint G1ConcRefinementThreads                  = 8                                         {product} {ergonomic}
   size_t G1HeapRegionSize                         = 4194304                                   {product} {ergonomic}
    uintx GCDrainStackTargetSize                   = 64                                        {product} {ergonomic}
   size_t InitialHeapSize                          = 402653184                                 {product} {ergonomic}
   size_t MarkStackSize                            = 4194304                                   {product} {ergonomic}
   size_t MaxHeapSize                              = 6392119296                                {product} {ergonomic}
   size_t MinHeapDeltaBytes                        = 4194304                                   {product} {ergonomic}
   size_t MinHeapSize                              = 8388608                                   {product} {ergonomic}
    uintx NonNMethodCodeHeapSize                   = 5839372                                {pd product} {ergonomic}
    uintx NonProfiledCodeHeapSize                  = 122909434                              {pd product} {ergonomic}
    uintx ProfiledCodeHeapSize                     = 122909434                              {pd product} {ergonomic}
    uintx ReservedCodeCacheSize                    = 251658240                              {pd product} {ergonomic}
     bool SegmentedCodeCache                       = true                                      {product} {ergonomic}
   size_t SoftMaxHeapSize                          = 6392119296                             {manageable} {ergonomic}
     bool UseCompressedClassPointers               = true                           {product lp64_product} {ergonomic}
     bool UseCompressedOops                        = true                           {product lp64_product} {ergonomic}
     bool UseG1GC                                  = true                                      {product} {ergonomic}
     bool UseLargePagesIndividualAllocation        = false                                  {pd product} {ergonomic}

Logging:
Log output configuration:
 #0: stdout all=warning uptime,level,tags foldmultilines=false
 #1: stderr all=off uptime,level,tags foldmultilines=false

Environment Variables:
JAVA_HOME=C:\Program Files\Java\jdk-20
PATH=C:\Program Files\Eclipse Adoptium\jdk-21.0.6.7-hotspot\bin;C:\Python312\Scripts\;C:\Python312\;C:\Program Files\Common Files\Oracle\Java\javapath;C:\WINDOWS\system32;C:\WINDOWS;C:\WINDOWS\System32\Wbem;C:\WINDOWS\System32\WindowsPowerShell\v1.0\;C:\WINDOWS\System32\OpenSSH\;C:\Program Files\Java\jdk-20\bin;C:\Program Files\MySQL\MySQL Server 8.0\bin;C:\Program Files\Git\cmd;C:\ProgramData\chocolatey\bin;C:\Program Files\nodejs\;C:\Program Files\Eclipse Adoptium\jdk-21.0.6.7-hotspot\\bin;C:\gradle-8.13-all\gradle-8.13\bin;C:\Program Files\MySQL\MySQL Shell 8.0\bin\;C:\Users\BHARATH\AppData\Local\Microsoft\WindowsApps;C:\Users\BHARATH\AppData\Local\Programs\Microsoft VS Code\bin;C:\Users\BHARATH\AppData\Roaming\npm;C:\dartsdk-windows-x64-release\dart-sdk\bin;C:\flutter\bin;C:\apache-maven-3.9.12-bin\apache-maven-3.9.12\bin;C:\Users\BHARATH\AppData\Local\Programs\Antigravity\bin;c:\Users\BHARATH\.antigravity\extensions\vscjava.vscode-java-debug-0.58.5-universal\bundled\scripts\noConfigScriptsc:\Users\BHARATH\.antigravity\extensions\ms-python.debugpy-2025.18.0-win32-x64\bundled\scripts\noConfigScripts
USERNAME=BHARATH
LANG=en_US.UTF-8
OS=Windows_NT
PROCESSOR_IDENTIFIER=Intel64 Family 6 Model 140 Stepping 1, GenuineIntel
TMP=C:\Users\BHARATH\AppData\Local\Temp
TEMP=C:\Users\BHARATH\AppData\Local\Temp




---------------  S Y S T E M  ---------------

OS:
 Windows 11 , 64 bit Build 26100 (10.0.26100.7705)
OS uptime: 2 days 7:36 hours
Hyper-V role detected

CPU: total 8 (initial active 8) (4 cores per cpu, 2 threads per core) family 6 model 140 stepping 1 microcode 0x9a, cx8, cmov, fxsr, ht, mmx, 3dnowpref, sse, sse2, sse3, ssse3, sse4.1, sse4.2, popcnt, lzcnt, tsc, tscinvbit, avx, avx2, aes, erms, clmul, bmi1, bmi2, adx, avx512f, avx512dq, avx512cd, avx512bw, avx512vl, sha, fma, vzeroupper, avx512_vpopcntdq, avx512_vpclmulqdq, avx512_vaes, avx512_vnni, clflush, clflushopt, clwb, avx512_vbmi2, avx512_vbmi, hv, rdtscp, rdpid, fsrm, gfni, avx512_bitalg, f16c, cet_ibt, cet_ss, avx512_ifma

Memory: 4k page, system-wide physical 24375M (5277M free)
TotalPageFile size 26315M (AvailPageFile size 254M)
current process WorkingSet (physical memory assigned to process): 13M, peak: 13M
current process commit charge ("private bytes"): 60M, peak: 444M

vm_info: Java HotSpot(TM) 64-Bit Server VM (20.0.1+9-29) for windows-amd64 JRE (20.0.1+9-29), built on 2023-03-07T13:56:11Z by "mach5one" with MS VC++ 17.1 (VS2022)

END.
