#
# There is insufficient memory for the Java Runtime Environment to continue.
# Native memory allocation (malloc) failed to allocate 1048576 bytes. Error detail: AllocateHeap
# Possible reasons:
#   The system is out of physical RAM or swap space
#   This process is running with CompressedOops enabled, and the Java Heap may be blocking the growth of the native heap
# Possible solutions:
#   Reduce memory load on the system
#   Increase physical memory or swap space
#   Check if swap backing store is full
#   Decrease Java heap size (-Xmx/-Xms)
#   Decrease number of Java threads
#   Decrease Java thread stack sizes (-Xss)
#   Set larger code cache with -XX:ReservedCodeCacheSize=
#   JVM is running with Unscaled Compressed Oops mode in which the Java heap is
#     placed in the first 4GB address space. The Java Heap base address is the
#     maximum limit for the native heap growth. Please use -XX:HeapBaseMinAddress
#     to set the Java Heap base and to place the Java Heap above 4GB virtual address.
# This output file may be truncated or incomplete.
#
#  Out of Memory Error (allocation.cpp:44), pid=13112, tid=28376
#
# JRE version: OpenJDK Runtime Environment Temurin-21.0.10+7 (21.0.10+7) (build 21.0.10+7-LTS)
# Java VM: OpenJDK 64-Bit Server VM Temurin-21.0.10+7 (21.0.10+7-LTS, mixed mode, sharing, tiered, compressed oops, compressed class ptrs, parallel gc, windows-amd64)
# No core dump will be written. Minidumps are not enabled by default on client versions of Windows
#

---------------  S U M M A R Y ------------

Command Line: --add-modules=ALL-SYSTEM --add-opens=java.base/java.util=ALL-UNNAMED --add-opens=java.base/java.lang=ALL-UNNAMED --add-opens=java.base/sun.nio.fs=ALL-UNNAMED -Declipse.application=org.eclipse.jdt.ls.core.id1 -Dosgi.bundles.defaultStartLevel=4 -Declipse.product=org.eclipse.jdt.ls.core.product -Djava.import.generatesMetadataFilesAtProjectRoot=false -DDetectVMInstallationsJob.disabled=true -Dfile.encoding=utf8 -XX:+UseParallelGC -XX:GCTimeRatio=4 -XX:AdaptiveSizePolicyWeight=90 -Dsun.zip.disableMemoryMapping=true -Xmx2G -Xms100m -Xlog:disable -javaagent:c:\Users\BHARATH\.vscode\extensions\redhat.java-1.53.0-win32-x64\lombok\lombok-1.18.39-4050.jar -XX:+HeapDumpOnOutOfMemoryError -XX:HeapDumpPath=c:\Users\BHARATH\AppData\Roaming\Code\User\workspaceStorage\2d137c32f5820031e495f3208e678d38\redhat.java -Daether.dependencyCollector.impl=bf c:\Users\BHARATH\.vscode\extensions\redhat.java-1.53.0-win32-x64\server\plugins\org.eclipse.equinox.launcher_1.7.100.v20251111-0406.jar -configuration c:\Users\BHARATH\AppData\Roaming\Code\User\globalStorage\redhat.java\1.53.0\config_win -data c:\Users\BHARATH\AppData\Roaming\Code\User\workspaceStorage\2d137c32f5820031e495f3208e678d38\redhat.java\jdt_ws --pipe=\\.\pipe\lsp-3753805987d6f254bf6ef037dd18b690-sock

Host: 11th Gen Intel(R) Core(TM) i5-1135G7 @ 2.40GHz, 8 cores, 23G,  Windows 11 , 64 bit Build 26100 (10.0.26100.7705)
Time: Fri Mar  6 18:46:29 2026 India Standard Time elapsed time: 1477.209991 seconds (0d 0h 24m 37s)

---------------  T H R E A D  ---------------

Current thread (0x000002a85d7e2090):  JavaThread "Attach Listener" daemon [_thread_in_vm, id=28376, stack(0x000000d9e2600000,0x000000d9e2700000) (1024K)]

Stack: [0x000000d9e2600000,0x000000d9e2700000]
Native frames: (J=compiled Java code, j=interpreted, Vv=VM code, C=native code)
V  [jvm.dll+0x6d7a39]
V  [jvm.dll+0x8b4b26]
V  [jvm.dll+0x8b70de]
V  [jvm.dll+0x8b77c3]
V  [jvm.dll+0x284346]
V  [jvm.dll+0xc1277]
V  [jvm.dll+0x6d82e9]
V  [jvm.dll+0x1334a6]
V  [jvm.dll+0x3f857e]
V  [jvm.dll+0x85f59d]
V  [jvm.dll+0x6d626d]
C  [ucrtbase.dll+0x37b0]
C  [KERNEL32.DLL+0x2e8d7]
C  [ntdll.dll+0x8c40c]


---------------  P R O C E S S  ---------------

Threads class SMR info:
_java_thread_list=0x000002a87c0d2120, length=34, elements={
0x000002a85b4da710, 0x000002a85d91cb20, 0x000002a85d91da40, 0x000002a85d7dcea0,
0x000002a85d7e2090, 0x000002a85d7e5c40, 0x000002a85d7ea3e0, 0x000002a85d7fa830,
0x000002a85d7fb380, 0x000002a875d1bc60, 0x000002a875d2a3f0, 0x000002a87a6d0560,
0x000002a87a81cb20, 0x000002a87a492f30, 0x000002a875e1c1e0, 0x000002a87ae4cbd0,
0x000002a87a0be960, 0x000002a87a0bd5b0, 0x000002a87a0bc890, 0x000002a87a0bf680,
0x000002a87a0bcf20, 0x000002a87a0bdc40, 0x000002a87b8d1cb0, 0x000002a87b8d4410,
0x000002a87b8d3060, 0x000002a87b8d2340, 0x000002a87b8d3d80, 0x000002a87b8d0f90,
0x000002a87b8d5e50, 0x000002a87b8d4aa0, 0x000002a87b8d29d0, 0x000002a87b8d6b70,
0x000002a87b8d57c0, 0x000002a87b8d7890
}

Java Threads: ( => current thread )
  0x000002a85b4da710 JavaThread "main"                              [_thread_blocked, id=3836, stack(0x000000d9e1f00000,0x000000d9e2000000) (1024K)]
  0x000002a85d91cb20 JavaThread "Reference Handler"          daemon [_thread_blocked, id=11032, stack(0x000000d9e2300000,0x000000d9e2400000) (1024K)]
  0x000002a85d91da40 JavaThread "Finalizer"                  daemon [_thread_blocked, id=14728, stack(0x000000d9e2400000,0x000000d9e2500000) (1024K)]
  0x000002a85d7dcea0 JavaThread "Signal Dispatcher"          daemon [_thread_blocked, id=14900, stack(0x000000d9e2500000,0x000000d9e2600000) (1024K)]
=>0x000002a85d7e2090 JavaThread "Attach Listener"            daemon [_thread_in_vm, id=28376, stack(0x000000d9e2600000,0x000000d9e2700000) (1024K)]
  0x000002a85d7e5c40 JavaThread "Service Thread"             daemon [_thread_blocked, id=14768, stack(0x000000d9e2700000,0x000000d9e2800000) (1024K)]
  0x000002a85d7ea3e0 JavaThread "Monitor Deflation Thread"   daemon [_thread_blocked, id=26244, stack(0x000000d9e2800000,0x000000d9e2900000) (1024K)]
  0x000002a85d7fa830 JavaThread "C2 CompilerThread0"         daemon [_thread_blocked, id=20728, stack(0x000000d9e2900000,0x000000d9e2a00000) (1024K)]
  0x000002a85d7fb380 JavaThread "C1 CompilerThread0"         daemon [_thread_blocked, id=1188, stack(0x000000d9e2a00000,0x000000d9e2b00000) (1024K)]
  0x000002a875d1bc60 JavaThread "Common-Cleaner"             daemon [_thread_blocked, id=13128, stack(0x000000d9e2b00000,0x000000d9e2c00000) (1024K)]
  0x000002a875d2a3f0 JavaThread "Notification Thread"        daemon [_thread_blocked, id=18752, stack(0x000000d9e2c00000,0x000000d9e2d00000) (1024K)]
  0x000002a87a6d0560 JavaThread "Active Thread: Equinox Container: 63037c34-8031-4ea1-b579-a617ffa50b32"        [_thread_blocked, id=20776, stack(0x000000d9e3500000,0x000000d9e3600000) (1024K)]
  0x000002a87a81cb20 JavaThread "Refresh Thread: Equinox Container: 63037c34-8031-4ea1-b579-a617ffa50b32" daemon [_thread_blocked, id=2960, stack(0x000000d9e3400000,0x000000d9e3500000) (1024K)]
  0x000002a87a492f30 JavaThread "Framework Event Dispatcher: Equinox Container: 63037c34-8031-4ea1-b579-a617ffa50b32" daemon [_thread_blocked, id=27388, stack(0x000000d9e3600000,0x000000d9e3700000) (1024K)]
  0x000002a875e1c1e0 JavaThread "Start Level: Equinox Container: 63037c34-8031-4ea1-b579-a617ffa50b32" daemon [_thread_blocked, id=10860, stack(0x000000d9e3700000,0x000000d9e3800000) (1024K)]
  0x000002a87ae4cbd0 JavaThread "Bundle File Closer"         daemon [_thread_blocked, id=23604, stack(0x000000d9e3a00000,0x000000d9e3b00000) (1024K)]
  0x000002a87a0be960 JavaThread "SCR Component Actor"        daemon [_thread_blocked, id=21576, stack(0x000000d9e3800000,0x000000d9e3900000) (1024K)]
  0x000002a87a0bd5b0 JavaThread "Worker-JM"                         [_thread_blocked, id=24360, stack(0x000000d9e3b00000,0x000000d9e3c00000) (1024K)]
  0x000002a87a0bc890 JavaThread "JNA Cleaner"                daemon [_thread_blocked, id=1856, stack(0x000000d9e3900000,0x000000d9e3a00000) (1024K)]
  0x000002a87a0bf680 JavaThread "Worker-0"                          [_thread_blocked, id=7208, stack(0x000000d9e3c00000,0x000000d9e3d00000) (1024K)]
  0x000002a87a0bcf20 JavaThread "Worker-2"                          [_thread_blocked, id=28852, stack(0x000000d9e3e00000,0x000000d9e3f00000) (1024K)]
  0x000002a87a0bdc40 JavaThread "Java indexing"              daemon [_thread_blocked, id=17140, stack(0x000000d9e4100000,0x000000d9e4200000) (1024K)]
  0x000002a87b8d1cb0 JavaThread "Thread-1"                   daemon [_thread_in_native, id=2916, stack(0x000000d9e4700000,0x000000d9e4800000) (1024K)]
  0x000002a87b8d4410 JavaThread "Thread-2"                   daemon [_thread_in_native, id=18876, stack(0x000000d9e4800000,0x000000d9e4900000) (1024K)]
  0x000002a87b8d3060 JavaThread "Thread-3"                   daemon [_thread_in_native, id=18480, stack(0x000000d9e4900000,0x000000d9e4a00000) (1024K)]
  0x000002a87b8d2340 JavaThread "Thread-4"                   daemon [_thread_in_native, id=29004, stack(0x000000d9e4a00000,0x000000d9e4b00000) (1024K)]
  0x000002a87b8d3d80 JavaThread "Thread-5"                   daemon [_thread_in_native, id=7420, stack(0x000000d9e4b00000,0x000000d9e4c00000) (1024K)]
  0x000002a87b8d0f90 JavaThread "Thread-6"                   daemon [_thread_in_native, id=17084, stack(0x000000d9e4c00000,0x000000d9e4d00000) (1024K)]
  0x000002a87b8d5e50 JavaThread "Thread-7"                   daemon [_thread_in_native, id=29432, stack(0x000000d9e4d00000,0x000000d9e4e00000) (1024K)]
  0x000002a87b8d4aa0 JavaThread "Thread-8"                   daemon [_thread_in_native, id=10096, stack(0x000000d9e4e00000,0x000000d9e4f00000) (1024K)]
  0x000002a87b8d29d0 JavaThread "Thread-9"                   daemon [_thread_in_native, id=28780, stack(0x000000d9e4f00000,0x000000d9e5000000) (1024K)]
  0x000002a87b8d6b70 JavaThread "pool-2-thread-1"                   [_thread_blocked, id=18220, stack(0x000000d9e5000000,0x000000d9e5100000) (1024K)]
  0x000002a87b8d57c0 JavaThread "WorkspaceEventsHandler"            [_thread_blocked, id=29528, stack(0x000000d9e5100000,0x000000d9e5200000) (1024K)]
  0x000002a87b8d7890 JavaThread "pool-1-thread-1"                   [_thread_blocked, id=25244, stack(0x000000d9e5200000,0x000000d9e5300000) (1024K)]
Total: 34

Other Threads:
  0x000002a85d8feee0 VMThread "VM Thread"                           [id=18944, stack(0x000000d9e2200000,0x000000d9e2300000) (1024K)]
  0x000002a85d8cd350 WatcherThread "VM Periodic Task Thread"        [id=12276, stack(0x000000d9e2100000,0x000000d9e2200000) (1024K)]
  0x000002a85d87f4e0 WorkerThread "GC Thread#0"                     [id=27712, stack(0x000000d9e2000000,0x000000d9e2100000) (1024K)]
  0x000002a87a663640 WorkerThread "GC Thread#1"                     [id=21876, stack(0x000000d9e2e00000,0x000000d9e2f00000) (1024K)]
  0x000002a87a7a40c0 WorkerThread "GC Thread#2"                     [id=27876, stack(0x000000d9e2f00000,0x000000d9e3000000) (1024K)]
  0x000002a87a7a4470 WorkerThread "GC Thread#3"                     [id=28784, stack(0x000000d9e3000000,0x000000d9e3100000) (1024K)]
  0x000002a87a53e560 WorkerThread "GC Thread#4"                     [id=28188, stack(0x000000d9e3100000,0x000000d9e3200000) (1024K)]
  0x000002a87a53ed10 WorkerThread "GC Thread#5"                     [id=26964, stack(0x000000d9e3200000,0x000000d9e3300000) (1024K)]
  0x000002a87a5403e0 WorkerThread "GC Thread#6"                     [id=16248, stack(0x000000d9e3300000,0x000000d9e3400000) (1024K)]
  0x000002a87a540ef0 WorkerThread "GC Thread#7"                     [id=13024, stack(0x000000d9e2d00000,0x000000d9e2e00000) (1024K)]
Total: 10

Threads with active compile tasks:
Total: 0

VM state: not at safepoint (normal execution)

VM Mutex/Monitor currently owned by a thread: None

Heap address: 0x0000000080000000, size: 2048 MB, Compressed Oops mode: 32-bit

CDS archive(s) mapped at: [0x000002a800000000-0x000002a800ba0000-0x000002a800ba0000), size 12189696, SharedBaseAddress: 0x000002a800000000, ArchiveRelocationMode: 1.
Compressed class space mapped at: 0x000002a801000000-0x000002a841000000, reserved size: 1073741824
Narrow klass base: 0x000002a800000000, Narrow klass shift: 0, Narrow klass range: 0x100000000

GC Precious Log:
 CardTable entry size: 512
 CPUs: 8 total, 8 available
 Memory: 24375M
 Large Page Support: Disabled
 NUMA Support: Disabled
 Compressed Oops: Enabled (32-bit)
 Alignments: Space 512K, Generation 512K, Heap 2M
 Heap Min Capacity: 100M
 Heap Initial Capacity: 100M
 Heap Max Capacity: 2G
 Pre-touch: Disabled
 Parallel Workers: 8

Heap:
 PSYoungGen      total 5120K, used 1457K [0x00000000d5580000, 0x00000000d5c00000, 0x0000000100000000)
  eden space 4608K, 20% used [0x00000000d5580000,0x00000000d566c558,0x00000000d5a00000)
  from space 512K, 100% used [0x00000000d5b00000,0x00000000d5b80000,0x00000000d5b80000)
  to   space 512K, 0% used [0x00000000d5b80000,0x00000000d5b80000,0x00000000d5c00000)
 ParOldGen       total 133120K, used 133090K [0x0000000080000000, 0x0000000088200000, 0x00000000d5580000)
  object space 133120K, 99% used [0x0000000080000000,0x00000000881f8860,0x0000000088200000)
 Metaspace       used 68529K, committed 70144K, reserved 1114112K
  class space    used 7040K, committed 7744K, reserved 1048576K

Card table byte_map: [0x000002a85d200000,0x000002a85d610000] _byte_map_base: 0x000002a85ce00000

Marking Bits: (ParMarkBitMap*) 0x00007ffc33df3450
 Begin Bits: [0x000002a86fd10000, 0x000002a871d10000)
 End Bits:   [0x000002a871d10000, 0x000002a873d10000)

Polling page: 0x000002a85b6a0000

Metaspace:

Usage:
  Non-class:     60.05 MB used.
      Class:      6.88 MB used.
       Both:     66.92 MB used.

Virtual space:
  Non-class space:       64.00 MB reserved,      60.94 MB ( 95%) committed,  1 nodes.
      Class space:        1.00 GB reserved,       7.56 MB ( <1%) committed,  1 nodes.
             Both:        1.06 GB reserved,      68.50 MB (  6%) committed. 

Chunk freelists:
   Non-Class:  2.88 MB
       Class:  8.41 MB
        Both:  11.30 MB

MaxMetaspaceSize: unlimited
CompressedClassSpaceSize: 1.00 GB
Initial GC threshold: 21.00 MB
Current GC threshold: 97.31 MB
CDS: on
 - commit_granule_bytes: 65536.
 - commit_granule_words: 8192.
 - virtual_space_node_default_size: 8388608.
 - enlarge_chunks_in_place: 1.
 - use_allocation_guard: 0.


Internal statistics:

num_allocs_failed_limit: 11.
num_arena_births: 1352.
num_arena_deaths: 14.
num_vsnodes_births: 2.
num_vsnodes_deaths: 0.
num_space_committed: 1096.
num_space_uncommitted: 0.
num_chunks_returned_to_freelist: 25.
num_chunks_taken_from_freelist: 4786.
num_chunk_merges: 16.
num_chunk_splits: 2826.
num_chunks_enlarged: 1445.
num_inconsistent_stats: 0.

CodeHeap 'non-profiled nmethods': size=120000Kb used=9942Kb max_used=9942Kb free=110057Kb
 bounds [0x000002a868530000, 0x000002a868ef0000, 0x000002a86fa60000]
CodeHeap 'profiled nmethods': size=120000Kb used=33105Kb max_used=33105Kb free=86894Kb
 bounds [0x000002a860a60000, 0x000002a862ac0000, 0x000002a867f90000]
CodeHeap 'non-nmethods': size=5760Kb used=1454Kb max_used=1573Kb free=4305Kb
 bounds [0x000002a867f90000, 0x000002a868200000, 0x000002a868530000]
CodeCache: size=245760Kb, used=44501Kb, max_used=44620Kb, free=201256Kb
 total_blobs=14618, nmethods=13867, adapters=654, full_count=0
Compilation: enabled, stopped_count=0, restarted_count=0

Compilation events (20 events):
Event: 1135.338 Thread 0x000002a85d7fb380 14700   !   3       java.util.concurrent.ScheduledThreadPoolExecutor$DelayedWorkQueue::take (203 bytes)
Event: 1135.343 Thread 0x000002a85d7fb380 nmethod 14700 0x000002a862aaef90 code [0x000002a862aaf360, 0x000002a862ab0c00]
Event: 1135.343 Thread 0x000002a85d7fb380 14699       3       java.util.concurrent.ScheduledThreadPoolExecutor$DelayedWorkQueue::take (5 bytes)
Event: 1135.343 Thread 0x000002a85d7fb380 nmethod 14699 0x000002a862ab1710 code [0x000002a862ab18c0, 0x000002a862ab1a18]
Event: 1141.996 Thread 0x000002a85d7fb380 14701       3       java.util.concurrent.ScheduledThreadPoolExecutor::triggerTime (22 bytes)
Event: 1141.997 Thread 0x000002a85d7fb380 nmethod 14701 0x000002a862ab1b10 code [0x000002a862ab1cc0, 0x000002a862ab1ea0]
Event: 1141.997 Thread 0x000002a85d7fb380 14702       3       java.util.concurrent.ScheduledThreadPoolExecutor$DelayedWorkQueue::add (9 bytes)
Event: 1141.997 Thread 0x000002a85d7fb380 nmethod 14702 0x000002a862ab1f90 code [0x000002a862ab2160, 0x000002a862ab2438]
Event: 1141.997 Thread 0x000002a85d7fb380 14703       3       java.util.concurrent.ScheduledThreadPoolExecutor$DelayedWorkQueue::add (6 bytes)
Event: 1141.997 Thread 0x000002a85d7fb380 nmethod 14703 0x000002a862ab2510 code [0x000002a862ab26c0, 0x000002a862ab2818]
Event: 1155.340 Thread 0x000002a85d7fb380 14704       3       java.util.concurrent.ScheduledThreadPoolExecutor$ScheduledFutureTask::run (57 bytes)
Event: 1155.341 Thread 0x000002a85d7fb380 nmethod 14704 0x000002a862ab2910 code [0x000002a862ab2b40, 0x000002a862ab30b0]
Event: 1184.598 Thread 0x000002a85d7fb380 14705       3       java.lang.Module::getClassLoader (20 bytes)
Event: 1184.599 Thread 0x000002a85d7fb380 nmethod 14705 0x000002a862ab3290 code [0x000002a862ab3440, 0x000002a862ab3638]
Event: 1241.236 Thread 0x000002a85d7fb380 14706       3       org.eclipse.core.internal.dtree.DataTreeNode::storeStrings (28 bytes)
Event: 1241.237 Thread 0x000002a85d7fb380 nmethod 14706 0x000002a862ab3710 code [0x000002a862ab38e0, 0x000002a862ab3d60]
Event: 1241.237 Thread 0x000002a85d7fb380 14707       3       org.eclipse.core.internal.resources.ResourceInfo::shareStrings (43 bytes)
Event: 1241.237 Thread 0x000002a85d7fb380 nmethod 14707 0x000002a862ab3e90 code [0x000002a862ab4060, 0x000002a862ab4318]
Event: 1325.488 Thread 0x000002a85d7fb380 14708       1       org.eclipse.jdt.ls.core.internal.LanguageServerApplication::getParentProcessId (5 bytes)
Event: 1325.488 Thread 0x000002a85d7fb380 nmethod 14708 0x000002a868ee5790 code [0x000002a868ee5920, 0x000002a868ee59e8]

GC Heap History (20 events):
Event: 68.739 GC heap before
{Heap before GC invocations=273 (full 3):
 PSYoungGen      total 5632K, used 4960K [0x00000000d5580000, 0x00000000d5c00000, 0x0000000100000000)
  eden space 4608K, 100% used [0x00000000d5580000,0x00000000d5a00000,0x00000000d5a00000)
  from space 1024K, 34% used [0x00000000d5a00000,0x00000000d5a58000,0x00000000d5b00000)
  to   space 1024K, 0% used [0x00000000d5b00000,0x00000000d5b00000,0x00000000d5c00000)
 ParOldGen       total 129024K, used 128960K [0x0000000080000000, 0x0000000087e00000, 0x00000000d5580000)
  object space 129024K, 99% used [0x0000000080000000,0x0000000087df0310,0x0000000087e00000)
 Metaspace       used 68102K, committed 69696K, reserved 1114112K
  class space    used 7004K, committed 7680K, reserved 1048576K
}
Event: 68.742 GC heap after
{Heap after GC invocations=273 (full 3):
 PSYoungGen      total 5632K, used 714K [0x00000000d5580000, 0x00000000d5c00000, 0x0000000100000000)
  eden space 4608K, 0% used [0x00000000d5580000,0x00000000d5580000,0x00000000d5a00000)
  from space 1024K, 69% used [0x00000000d5b00000,0x00000000d5bb2b00,0x00000000d5c00000)
  to   space 1024K, 0% used [0x00000000d5a00000,0x00000000d5a00000,0x00000000d5b00000)
 ParOldGen       total 129536K, used 129104K [0x0000000080000000, 0x0000000087e80000, 0x00000000d5580000)
  object space 129536K, 99% used [0x0000000080000000,0x0000000087e14310,0x0000000087e80000)
 Metaspace       used 68102K, committed 69696K, reserved 1114112K
  class space    used 7004K, committed 7680K, reserved 1048576K
}
Event: 68.776 GC heap before
{Heap before GC invocations=274 (full 3):
 PSYoungGen      total 5632K, used 5322K [0x00000000d5580000, 0x00000000d5c00000, 0x0000000100000000)
  eden space 4608K, 100% used [0x00000000d5580000,0x00000000d5a00000,0x00000000d5a00000)
  from space 1024K, 69% used [0x00000000d5b00000,0x00000000d5bb2b00,0x00000000d5c00000)
  to   space 1024K, 0% used [0x00000000d5a00000,0x00000000d5a00000,0x00000000d5b00000)
 ParOldGen       total 129536K, used 129104K [0x0000000080000000, 0x0000000087e80000, 0x00000000d5580000)
  object space 129536K, 99% used [0x0000000080000000,0x0000000087e14310,0x0000000087e80000)
 Metaspace       used 68109K, committed 69696K, reserved 1114112K
  class space    used 7004K, committed 7680K, reserved 1048576K
}
Event: 68.778 GC heap after
{Heap after GC invocations=274 (full 3):
 PSYoungGen      total 5632K, used 448K [0x00000000d5580000, 0x00000000d5c00000, 0x0000000100000000)
  eden space 4608K, 0% used [0x00000000d5580000,0x00000000d5580000,0x00000000d5a00000)
  from space 1024K, 43% used [0x00000000d5a00000,0x00000000d5a70000,0x00000000d5b00000)
  to   space 1024K, 0% used [0x00000000d5b00000,0x00000000d5b00000,0x00000000d5c00000)
 ParOldGen       total 130048K, used 129689K [0x0000000080000000, 0x0000000087f00000, 0x00000000d5580000)
  object space 130048K, 99% used [0x0000000080000000,0x0000000087ea67f0,0x0000000087f00000)
 Metaspace       used 68109K, committed 69696K, reserved 1114112K
  class space    used 7004K, committed 7680K, reserved 1048576K
}
Event: 68.818 GC heap before
{Heap before GC invocations=275 (full 3):
 PSYoungGen      total 5632K, used 5056K [0x00000000d5580000, 0x00000000d5c00000, 0x0000000100000000)
  eden space 4608K, 100% used [0x00000000d5580000,0x00000000d5a00000,0x00000000d5a00000)
  from space 1024K, 43% used [0x00000000d5a00000,0x00000000d5a70000,0x00000000d5b00000)
  to   space 1024K, 0% used [0x00000000d5b00000,0x00000000d5b00000,0x00000000d5c00000)
 ParOldGen       total 130048K, used 129689K [0x0000000080000000, 0x0000000087f00000, 0x00000000d5580000)
  object space 130048K, 99% used [0x0000000080000000,0x0000000087ea67f0,0x0000000087f00000)
 Metaspace       used 68121K, committed 69696K, reserved 1114112K
  class space    used 7006K, committed 7680K, reserved 1048576K
}
Event: 68.820 GC heap after
{Heap after GC invocations=275 (full 3):
 PSYoungGen      total 5632K, used 512K [0x00000000d5580000, 0x00000000d5c00000, 0x0000000100000000)
  eden space 4608K, 0% used [0x00000000d5580000,0x00000000d5580000,0x00000000d5a00000)
  from space 1024K, 50% used [0x00000000d5b00000,0x00000000d5b80000,0x00000000d5c00000)
  to   space 1024K, 0% used [0x00000000d5a00000,0x00000000d5a00000,0x00000000d5b00000)
 ParOldGen       total 130048K, used 129882K [0x0000000080000000, 0x0000000087f00000, 0x00000000d5580000)
  object space 130048K, 99% used [0x0000000080000000,0x0000000087ed6810,0x0000000087f00000)
 Metaspace       used 68121K, committed 69696K, reserved 1114112K
  class space    used 7006K, committed 7680K, reserved 1048576K
}
Event: 68.846 GC heap before
{Heap before GC invocations=276 (full 3):
 PSYoungGen      total 5632K, used 5120K [0x00000000d5580000, 0x00000000d5c00000, 0x0000000100000000)
  eden space 4608K, 100% used [0x00000000d5580000,0x00000000d5a00000,0x00000000d5a00000)
  from space 1024K, 50% used [0x00000000d5b00000,0x00000000d5b80000,0x00000000d5c00000)
  to   space 1024K, 0% used [0x00000000d5a00000,0x00000000d5a00000,0x00000000d5b00000)
 ParOldGen       total 130048K, used 129882K [0x0000000080000000, 0x0000000087f00000, 0x00000000d5580000)
  object space 130048K, 99% used [0x0000000080000000,0x0000000087ed6810,0x0000000087f00000)
 Metaspace       used 68134K, committed 69696K, reserved 1114112K
  class space    used 7006K, committed 7680K, reserved 1048576K
}
Event: 68.849 GC heap after
{Heap after GC invocations=276 (full 3):
 PSYoungGen      total 5632K, used 320K [0x00000000d5580000, 0x00000000d5b80000, 0x0000000100000000)
  eden space 4608K, 0% used [0x00000000d5580000,0x00000000d5580000,0x00000000d5a00000)
  from space 1024K, 31% used [0x00000000d5a00000,0x00000000d5a50000,0x00000000d5b00000)
  to   space 512K, 0% used [0x00000000d5b00000,0x00000000d5b00000,0x00000000d5b80000)
 ParOldGen       total 130560K, used 130130K [0x0000000080000000, 0x0000000087f80000, 0x00000000d5580000)
  object space 130560K, 99% used [0x0000000080000000,0x0000000087f14830,0x0000000087f80000)
 Metaspace       used 68134K, committed 69696K, reserved 1114112K
  class space    used 7006K, committed 7680K, reserved 1048576K
}
Event: 68.890 GC heap before
{Heap before GC invocations=277 (full 3):
 PSYoungGen      total 5632K, used 4928K [0x00000000d5580000, 0x00000000d5b80000, 0x0000000100000000)
  eden space 4608K, 100% used [0x00000000d5580000,0x00000000d5a00000,0x00000000d5a00000)
  from space 1024K, 31% used [0x00000000d5a00000,0x00000000d5a50000,0x00000000d5b00000)
  to   space 512K, 0% used [0x00000000d5b00000,0x00000000d5b00000,0x00000000d5b80000)
 ParOldGen       total 130560K, used 130130K [0x0000000080000000, 0x0000000087f80000, 0x00000000d5580000)
  object space 130560K, 99% used [0x0000000080000000,0x0000000087f14830,0x0000000087f80000)
 Metaspace       used 68142K, committed 69760K, reserved 1114112K
  class space    used 7006K, committed 7680K, reserved 1048576K
}
Event: 68.893 GC heap after
{Heap after GC invocations=277 (full 3):
 PSYoungGen      total 5120K, used 503K [0x00000000d5580000, 0x00000000d5c00000, 0x0000000100000000)
  eden space 4608K, 0% used [0x00000000d5580000,0x00000000d5580000,0x00000000d5a00000)
  from space 512K, 98% used [0x00000000d5b00000,0x00000000d5b7dc58,0x00000000d5b80000)
  to   space 1024K, 0% used [0x00000000d5a00000,0x00000000d5a00000,0x00000000d5b00000)
 ParOldGen       total 130560K, used 130418K [0x0000000080000000, 0x0000000087f80000, 0x00000000d5580000)
  object space 130560K, 99% used [0x0000000080000000,0x0000000087f5c840,0x0000000087f80000)
 Metaspace       used 68142K, committed 69760K, reserved 1114112K
  class space    used 7006K, committed 7680K, reserved 1048576K
}
Event: 68.968 GC heap before
{Heap before GC invocations=278 (full 3):
 PSYoungGen      total 5120K, used 5111K [0x00000000d5580000, 0x00000000d5c00000, 0x0000000100000000)
  eden space 4608K, 100% used [0x00000000d5580000,0x00000000d5a00000,0x00000000d5a00000)
  from space 512K, 98% used [0x00000000d5b00000,0x00000000d5b7dc58,0x00000000d5b80000)
  to   space 1024K, 0% used [0x00000000d5a00000,0x00000000d5a00000,0x00000000d5b00000)
 ParOldGen       total 130560K, used 130418K [0x0000000080000000, 0x0000000087f80000, 0x00000000d5580000)
  object space 130560K, 99% used [0x0000000080000000,0x0000000087f5c840,0x0000000087f80000)
 Metaspace       used 68171K, committed 69760K, reserved 1114112K
  class space    used 7007K, committed 7680K, reserved 1048576K
}
Event: 68.971 GC heap after
{Heap after GC invocations=278 (full 3):
 PSYoungGen      total 5632K, used 1005K [0x00000000d5580000, 0x00000000d5e00000, 0x0000000100000000)
  eden space 4608K, 0% used [0x00000000d5580000,0x00000000d5580000,0x00000000d5a00000)
  from space 1024K, 98% used [0x00000000d5a00000,0x00000000d5afb458,0x00000000d5b00000)
  to   space 2048K, 0% used [0x00000000d5c00000,0x00000000d5c00000,0x00000000d5e00000)
 ParOldGen       total 131072K, used 130954K [0x0000000080000000, 0x0000000088000000, 0x00000000d5580000)
  object space 131072K, 99% used [0x0000000080000000,0x0000000087fe2930,0x0000000088000000)
 Metaspace       used 68171K, committed 69760K, reserved 1114112K
  class space    used 7007K, committed 7680K, reserved 1048576K
}
Event: 69.011 GC heap before
{Heap before GC invocations=279 (full 3):
 PSYoungGen      total 5632K, used 5613K [0x00000000d5580000, 0x00000000d5e00000, 0x0000000100000000)
  eden space 4608K, 100% used [0x00000000d5580000,0x00000000d5a00000,0x00000000d5a00000)
  from space 1024K, 98% used [0x00000000d5a00000,0x00000000d5afb458,0x00000000d5b00000)
  to   space 2048K, 0% used [0x00000000d5c00000,0x00000000d5c00000,0x00000000d5e00000)
 ParOldGen       total 131072K, used 130954K [0x0000000080000000, 0x0000000088000000, 0x00000000d5580000)
  object space 131072K, 99% used [0x0000000080000000,0x0000000087fe2930,0x0000000088000000)
 Metaspace       used 68187K, committed 69760K, reserved 1114112K
  class space    used 7009K, committed 7680K, reserved 1048576K
}
Event: 69.013 GC heap after
{Heap after GC invocations=279 (full 3):
 PSYoungGen      total 5632K, used 624K [0x00000000d5580000, 0x00000000d5d00000, 0x0000000100000000)
  eden space 4608K, 0% used [0x00000000d5580000,0x00000000d5580000,0x00000000d5a00000)
  from space 1024K, 60% used [0x00000000d5c00000,0x00000000d5c9c010,0x00000000d5d00000)
  to   space 1024K, 0% used [0x00000000d5a00000,0x00000000d5a00000,0x00000000d5b00000)
 ParOldGen       total 132096K, used 131877K [0x0000000080000000, 0x0000000088100000, 0x00000000d5580000)
  object space 132096K, 99% used [0x0000000080000000,0x00000000880c97b0,0x0000000088100000)
 Metaspace       used 68187K, committed 69760K, reserved 1114112K
  class space    used 7009K, committed 7680K, reserved 1048576K
}
Event: 69.052 GC heap before
{Heap before GC invocations=280 (full 3):
 PSYoungGen      total 5632K, used 5232K [0x00000000d5580000, 0x00000000d5d00000, 0x0000000100000000)
  eden space 4608K, 100% used [0x00000000d5580000,0x00000000d5a00000,0x00000000d5a00000)
  from space 1024K, 60% used [0x00000000d5c00000,0x00000000d5c9c010,0x00000000d5d00000)
  to   space 1024K, 0% used [0x00000000d5a00000,0x00000000d5a00000,0x00000000d5b00000)
 ParOldGen       total 132096K, used 131877K [0x0000000080000000, 0x0000000088100000, 0x00000000d5580000)
  object space 132096K, 99% used [0x0000000080000000,0x00000000880c97b0,0x0000000088100000)
 Metaspace       used 68193K, committed 69760K, reserved 1114112K
  class space    used 7009K, committed 7680K, reserved 1048576K
}
Event: 69.054 GC heap after
{Heap after GC invocations=280 (full 3):
 PSYoungGen      total 5632K, used 416K [0x00000000d5580000, 0x00000000d5c80000, 0x0000000100000000)
  eden space 4608K, 0% used [0x00000000d5580000,0x00000000d5580000,0x00000000d5a00000)
  from space 1024K, 40% used [0x00000000d5a00000,0x00000000d5a68000,0x00000000d5b00000)
  to   space 1024K, 0% used [0x00000000d5b80000,0x00000000d5b80000,0x00000000d5c80000)
 ParOldGen       total 132608K, used 132373K [0x0000000080000000, 0x0000000088180000, 0x00000000d5580000)
  object space 132608K, 99% used [0x0000000080000000,0x00000000881457f0,0x0000000088180000)
 Metaspace       used 68193K, committed 69760K, reserved 1114112K
  class space    used 7009K, committed 7680K, reserved 1048576K
}
Event: 69.093 GC heap before
{Heap before GC invocations=281 (full 3):
 PSYoungGen      total 5632K, used 5024K [0x00000000d5580000, 0x00000000d5c80000, 0x0000000100000000)
  eden space 4608K, 100% used [0x00000000d5580000,0x00000000d5a00000,0x00000000d5a00000)
  from space 1024K, 40% used [0x00000000d5a00000,0x00000000d5a68000,0x00000000d5b00000)
  to   space 1024K, 0% used [0x00000000d5b80000,0x00000000d5b80000,0x00000000d5c80000)
 ParOldGen       total 132608K, used 132373K [0x0000000080000000, 0x0000000088180000, 0x00000000d5580000)
  object space 132608K, 99% used [0x0000000080000000,0x00000000881457f0,0x0000000088180000)
 Metaspace       used 68204K, committed 69760K, reserved 1114112K
  class space    used 7009K, committed 7680K, reserved 1048576K
}
Event: 69.096 GC heap after
{Heap after GC invocations=281 (full 3):
 PSYoungGen      total 5120K, used 448K [0x00000000d5580000, 0x00000000d5c00000, 0x0000000100000000)
  eden space 4608K, 0% used [0x00000000d5580000,0x00000000d5580000,0x00000000d5a00000)
  from space 512K, 87% used [0x00000000d5b80000,0x00000000d5bf0020,0x00000000d5c00000)
  to   space 512K, 0% used [0x00000000d5b00000,0x00000000d5b00000,0x00000000d5b80000)
 ParOldGen       total 133120K, used 132686K [0x0000000080000000, 0x0000000088200000, 0x00000000d5580000)
  object space 133120K, 99% used [0x0000000080000000,0x0000000088193830,0x0000000088200000)
 Metaspace       used 68204K, committed 69760K, reserved 1114112K
  class space    used 7009K, committed 7680K, reserved 1048576K
}
Event: 342.612 GC heap before
{Heap before GC invocations=282 (full 3):
 PSYoungGen      total 5120K, used 5056K [0x00000000d5580000, 0x00000000d5c00000, 0x0000000100000000)
  eden space 4608K, 100% used [0x00000000d5580000,0x00000000d5a00000,0x00000000d5a00000)
  from space 512K, 87% used [0x00000000d5b80000,0x00000000d5bf0020,0x00000000d5c00000)
  to   space 512K, 0% used [0x00000000d5b00000,0x00000000d5b00000,0x00000000d5b80000)
 ParOldGen       total 133120K, used 132686K [0x0000000080000000, 0x0000000088200000, 0x00000000d5580000)
  object space 133120K, 99% used [0x0000000080000000,0x0000000088193830,0x0000000088200000)
 Metaspace       used 68428K, committed 70016K, reserved 1114112K
  class space    used 7031K, committed 7680K, reserved 1048576K
}
Event: 342.616 GC heap after
{Heap after GC invocations=282 (full 3):
 PSYoungGen      total 5120K, used 512K [0x00000000d5580000, 0x00000000d5c00000, 0x0000000100000000)
  eden space 4608K, 0% used [0x00000000d5580000,0x00000000d5580000,0x00000000d5a00000)
  from space 512K, 100% used [0x00000000d5b00000,0x00000000d5b80000,0x00000000d5b80000)
  to   space 512K, 0% used [0x00000000d5b80000,0x00000000d5b80000,0x00000000d5c00000)
 ParOldGen       total 133120K, used 133090K [0x0000000080000000, 0x0000000088200000, 0x00000000d5580000)
  object space 133120K, 99% used [0x0000000080000000,0x00000000881f8860,0x0000000088200000)
 Metaspace       used 68428K, committed 70016K, reserved 1114112K
  class space    used 7031K, committed 7680K, reserved 1048576K
}

Dll operation events (10 events):
Event: 0.052 Loaded shared library c:\Users\BHARATH\.vscode\extensions\redhat.java-1.53.0-win32-x64\jre\21.0.10-win32-x86_64\bin\java.dll
Event: 0.152 Loaded shared library c:\Users\BHARATH\.vscode\extensions\redhat.java-1.53.0-win32-x64\jre\21.0.10-win32-x86_64\bin\zip.dll
Event: 0.187 Loaded shared library C:\Users\BHARATH\.vscode\extensions\redhat.java-1.53.0-win32-x64\jre\21.0.10-win32-x86_64\bin\instrument.dll
Event: 0.195 Loaded shared library C:\Users\BHARATH\.vscode\extensions\redhat.java-1.53.0-win32-x64\jre\21.0.10-win32-x86_64\bin\net.dll
Event: 0.200 Loaded shared library C:\Users\BHARATH\.vscode\extensions\redhat.java-1.53.0-win32-x64\jre\21.0.10-win32-x86_64\bin\nio.dll
Event: 0.204 Loaded shared library C:\Users\BHARATH\.vscode\extensions\redhat.java-1.53.0-win32-x64\jre\21.0.10-win32-x86_64\bin\zip.dll
Event: 0.225 Loaded shared library C:\Users\BHARATH\.vscode\extensions\redhat.java-1.53.0-win32-x64\jre\21.0.10-win32-x86_64\bin\jimage.dll
Event: 0.332 Loaded shared library c:\Users\BHARATH\.vscode\extensions\redhat.java-1.53.0-win32-x64\jre\21.0.10-win32-x86_64\bin\verify.dll
Event: 20.584 Loaded shared library C:\Users\BHARATH\AppData\Roaming\Code\User\globalStorage\redhat.java\1.53.0\config_win\org.eclipse.equinox.launcher\org.eclipse.equinox.launcher.win32.win32.x86_64_1.3.0.v20260203-2149\eclipse_11919.dll
Event: 41.081 Loaded shared library C:\Users\BHARATH\AppData\Local\Temp\jna-569536542\jna15754071158814022001.dll

Deoptimization events (20 events):
Event: 342.651 Thread 0x000002a87a0bf680 Uncommon trap: trap_request=0xffffffc6 fr.pc=0x000002a868712924 relative=0x0000000000000a24
Event: 342.651 Thread 0x000002a87a0bf680 Uncommon trap: reason=bimorphic_or_optimized_type_check action=maybe_recompile pc=0x000002a868712924 method=java.io.DataOutputStream.writeInt(I)V @ 19 c2
Event: 342.651 Thread 0x000002a87a0bf680 DEOPT PACKING pc=0x000002a868712924 sp=0x000000d9e3cfea20
Event: 342.651 Thread 0x000002a87a0bf680 DEOPT UNPACKING pc=0x000002a867fe6da2 sp=0x000000d9e3cfea18 mode 2
Event: 342.651 Thread 0x000002a87a0bf680 Uncommon trap: trap_request=0xffffffc6 fr.pc=0x000002a868712924 relative=0x0000000000000a24
Event: 342.651 Thread 0x000002a87a0bf680 Uncommon trap: reason=bimorphic_or_optimized_type_check action=maybe_recompile pc=0x000002a868712924 method=java.io.DataOutputStream.writeInt(I)V @ 19 c2
Event: 342.651 Thread 0x000002a87a0bf680 DEOPT PACKING pc=0x000002a868712924 sp=0x000000d9e3cfe9c0
Event: 342.651 Thread 0x000002a87a0bf680 DEOPT UNPACKING pc=0x000002a867fe6da2 sp=0x000000d9e3cfe9b8 mode 2
Event: 342.651 Thread 0x000002a87a0bf680 Uncommon trap: trap_request=0xffffffc6 fr.pc=0x000002a86870e878 relative=0x00000000000014f8
Event: 342.651 Thread 0x000002a87a0bf680 Uncommon trap: reason=bimorphic_or_optimized_type_check action=maybe_recompile pc=0x000002a86870e878 method=java.io.DataOutputStream.write([BII)V @ 7 c2
Event: 342.651 Thread 0x000002a87a0bf680 DEOPT PACKING pc=0x000002a86870e878 sp=0x000000d9e3cfeac0
Event: 342.651 Thread 0x000002a87a0bf680 DEOPT UNPACKING pc=0x000002a867fe6da2 sp=0x000000d9e3cfea20 mode 2
Event: 342.677 Thread 0x000002a87a0bf680 Uncommon trap: trap_request=0xffffffc6 fr.pc=0x000002a868d4adcc relative=0x00000000000048cc
Event: 342.677 Thread 0x000002a87a0bf680 Uncommon trap: reason=bimorphic_or_optimized_type_check action=maybe_recompile pc=0x000002a868d4adcc method=java.util.Properties.load0(Ljava/util/Properties$LineReader;)V @ 241 c2
Event: 342.677 Thread 0x000002a87a0bf680 DEOPT PACKING pc=0x000002a868d4adcc sp=0x000000d9e3cfeca0
Event: 342.677 Thread 0x000002a87a0bf680 DEOPT UNPACKING pc=0x000002a867fe6da2 sp=0x000000d9e3cfece0 mode 2
Event: 342.677 Thread 0x000002a87a0bf680 Uncommon trap: trap_request=0xffffffc6 fr.pc=0x000002a868c8abdc relative=0x000000000000495c
Event: 342.677 Thread 0x000002a87a0bf680 Uncommon trap: reason=bimorphic_or_optimized_type_check action=maybe_recompile pc=0x000002a868c8abdc method=java.util.Properties.load0(Ljava/util/Properties$LineReader;)V @ 241 c2
Event: 342.677 Thread 0x000002a87a0bf680 DEOPT PACKING pc=0x000002a868c8abdc sp=0x000000d9e3cfeca0
Event: 342.677 Thread 0x000002a87a0bf680 DEOPT UNPACKING pc=0x000002a867fe6da2 sp=0x000000d9e3cfece0 mode 2

Classes loaded (20 events):
Event: 64.716 Loading class java/lang/invoke/MethodHandleImpl$CountingWrapper$1
Event: 64.716 Loading class java/lang/invoke/MethodHandleImpl$CountingWrapper$1 done
Event: 67.481 Loading class java/util/HashMap$EntrySpliterator
Event: 67.482 Loading class java/util/HashMap$EntrySpliterator done
Event: 342.561 Loading class java/util/stream/Nodes$CollectorTask$OfRef
Event: 342.562 Loading class java/util/stream/Nodes$CollectorTask
Event: 342.564 Loading class java/util/stream/Nodes$CollectorTask done
Event: 342.564 Loading class java/util/stream/Nodes$CollectorTask$OfRef done
Event: 342.564 Loading class java/util/function/LongFunction
Event: 342.564 Loading class java/util/function/LongFunction done
Event: 342.565 Loading class java/util/stream/Nodes$ConcNode
Event: 342.565 Loading class java/util/stream/Nodes$AbstractConcNode
Event: 342.565 Loading class java/util/stream/Nodes$AbstractConcNode done
Event: 342.565 Loading class java/util/stream/Nodes$ConcNode done
Event: 342.597 Loading class java/io/ObjectOutputStream$BlockDataOutputStream
Event: 342.597 Loading class java/io/ObjectOutputStream$BlockDataOutputStream done
Event: 342.597 Loading class java/io/ObjectOutputStream$HandleTable
Event: 342.598 Loading class java/io/ObjectOutputStream$HandleTable done
Event: 342.598 Loading class java/io/ObjectOutputStream$ReplaceTable
Event: 342.599 Loading class java/io/ObjectOutputStream$ReplaceTable done

Classes unloaded (7 events):
Event: 42.068 Thread 0x000002a85d8feee0 Unloading class 0x000002a8011a3000 'java/lang/invoke/LambdaForm$MH+0x000002a8011a3000'
Event: 42.068 Thread 0x000002a85d8feee0 Unloading class 0x000002a8011a2c00 'java/lang/invoke/LambdaForm$MH+0x000002a8011a2c00'
Event: 42.068 Thread 0x000002a85d8feee0 Unloading class 0x000002a8011a2800 'java/lang/invoke/LambdaForm$MH+0x000002a8011a2800'
Event: 42.068 Thread 0x000002a85d8feee0 Unloading class 0x000002a8011a2400 'java/lang/invoke/LambdaForm$MH+0x000002a8011a2400'
Event: 42.068 Thread 0x000002a85d8feee0 Unloading class 0x000002a8011a2000 'java/lang/invoke/LambdaForm$BMH+0x000002a8011a2000'
Event: 42.068 Thread 0x000002a85d8feee0 Unloading class 0x000002a8011a1c00 'java/lang/invoke/LambdaForm$DMH+0x000002a8011a1c00'
Event: 42.068 Thread 0x000002a85d8feee0 Unloading class 0x000002a8011a0800 'java/lang/invoke/LambdaForm$DMH+0x000002a8011a0800'

Classes redefined (0 events):
No events

Internal exceptions (20 events):
Event: 66.095 Thread 0x000002a87b8d64e0 Exception <a 'sun/nio/fs/WindowsException'{0x00000000d5966188}> (0x00000000d5966188) 
thrown [s\src\hotspot\share\prims\jni.cpp, line 520]
Event: 66.097 Thread 0x000002a87b8d64e0 Exception <a 'sun/nio/fs/WindowsException'{0x00000000d5580870}> (0x00000000d5580870) 
thrown [s\src\hotspot\share\prims\jni.cpp, line 520]
Event: 66.097 Thread 0x000002a87b8d64e0 Exception <a 'sun/nio/fs/WindowsException'{0x00000000d5581150}> (0x00000000d5581150) 
thrown [s\src\hotspot\share\prims\jni.cpp, line 520]
Event: 66.102 Thread 0x000002a87b8d64e0 Exception <a 'sun/nio/fs/WindowsException'{0x00000000d58179c0}> (0x00000000d58179c0) 
thrown [s\src\hotspot\share\prims\jni.cpp, line 520]
Event: 66.103 Thread 0x000002a87b8d64e0 Exception <a 'sun/nio/fs/WindowsException'{0x00000000d5818380}> (0x00000000d5818380) 
thrown [s\src\hotspot\share\prims\jni.cpp, line 520]
Event: 66.103 Thread 0x000002a87b8d64e0 Exception <a 'sun/nio/fs/WindowsException'{0x00000000d58303c8}> (0x00000000d58303c8) 
thrown [s\src\hotspot\share\prims\jni.cpp, line 520]
Event: 66.103 Thread 0x000002a87b8d64e0 Exception <a 'sun/nio/fs/WindowsException'{0x00000000d5830ca8}> (0x00000000d5830ca8) 
thrown [s\src\hotspot\share\prims\jni.cpp, line 520]
Event: 66.104 Thread 0x000002a87b8d64e0 Exception <a 'sun/nio/fs/WindowsException'{0x00000000d5836f80}> (0x00000000d5836f80) 
thrown [s\src\hotspot\share\prims\jni.cpp, line 520]
Event: 66.104 Thread 0x000002a87b8d64e0 Exception <a 'sun/nio/fs/WindowsException'{0x00000000d5837860}> (0x00000000d5837860) 
thrown [s\src\hotspot\share\prims\jni.cpp, line 520]
Event: 66.105 Thread 0x000002a87b8d64e0 Exception <a 'sun/nio/fs/WindowsException'{0x00000000d5838708}> (0x00000000d5838708) 
thrown [s\src\hotspot\share\prims\jni.cpp, line 520]
Event: 66.105 Thread 0x000002a87b8d64e0 Exception <a 'sun/nio/fs/WindowsException'{0x00000000d58815b8}> (0x00000000d58815b8) 
thrown [s\src\hotspot\share\prims\jni.cpp, line 520]
Event: 66.107 Thread 0x000002a87b8d64e0 Exception <a 'sun/nio/fs/WindowsException'{0x00000000d58827a8}> (0x00000000d58827a8) 
thrown [s\src\hotspot\share\prims\jni.cpp, line 520]
Event: 66.107 Thread 0x000002a87b8d64e0 Exception <a 'sun/nio/fs/WindowsException'{0x00000000d5883088}> (0x00000000d5883088) 
thrown [s\src\hotspot\share\prims\jni.cpp, line 520]
Event: 67.529 Thread 0x000002a87a0bf680 Exception <a 'java/lang/NoSuchMethodError'{0x00000000d5826a78}: 'java.lang.Object java.lang.invoke.DirectMethodHandle$Holder.invokeStatic(java.lang.Object, java.lang.Object, int, java.lang.Object)'> (0x00000000d5826a78) 
thrown [s\src\hotspot\share\interpreter\linkResolver.cpp, line 773]
Event: 67.676 Thread 0x000002a87a0bcf20 Implicit null exception at 0x000002a868aa299b to 0x000002a868aa2a08
Event: 342.582 Thread 0x000002a87a0bf680 Exception <a 'sun/nio/fs/WindowsException'{0x00000000d59ad2e0}> (0x00000000d59ad2e0) 
thrown [s\src\hotspot\share\prims\jni.cpp, line 520]
Event: 342.583 Thread 0x000002a87a0bf680 Exception <a 'sun/nio/fs/WindowsException'{0x00000000d59adbc0}> (0x00000000d59adbc0) 
thrown [s\src\hotspot\share\prims\jni.cpp, line 520]
Event: 342.583 Thread 0x000002a87a0bf680 Implicit null exception at 0x000002a8688ec306 to 0x000002a8688ec68c
Event: 342.639 Thread 0x000002a87a0bf680 Exception <a 'java/lang/NoSuchMethodError'{0x00000000d55d2958}: static [J.<clinit>()V> (0x00000000d55d2958) 
thrown [s\src\hotspot\share\prims\jni.cpp, line 1111]
Event: 342.659 Thread 0x000002a87a0bf680 Exception <a 'java/lang/NoSuchMethodError'{0x00000000d56045a0}: 'java.lang.Object java.lang.invoke.DirectMethodHandle$Holder.newInvokeSpecial(java.lang.Object, java.lang.Object, java.lang.Object, java.lang.Object, java.lang.Object, java.lang.Object, java.lang.Object, java.lang.Object)'> (0x00000000d56045a0) 
thrown [s\src\hotspot\share\interpreter\linkResolver.cpp, line 773]

ZGC Phase Switch (0 events):
No events

VM Operations (20 events):
Event: 342.648 Executing non-safepoint VM operation: HandshakeAllThreads (Deoptimize)
Event: 342.648 Executing non-safepoint VM operation: HandshakeAllThreads (Deoptimize) done
Event: 342.673 Executing non-safepoint VM operation: HandshakeAllThreads (Deoptimize)
Event: 342.674 Executing non-safepoint VM operation: HandshakeAllThreads (Deoptimize) done
Event: 343.687 Executing safepoint VM operation: Cleanup
Event: 343.687 Executing safepoint VM operation: Cleanup done
Event: 360.863 Executing non-safepoint VM operation: HandshakeAllThreads (HandshakeForDeflation)
Event: 360.863 Executing non-safepoint VM operation: HandshakeAllThreads (HandshakeForDeflation) done
Event: 360.863 Executing non-safepoint VM operation: RendezvousGCThreads
Event: 360.863 Executing non-safepoint VM operation: RendezvousGCThreads done
Event: 361.877 Executing safepoint VM operation: Cleanup
Event: 361.877 Executing safepoint VM operation: Cleanup done
Event: 364.912 Executing safepoint VM operation: Cleanup
Event: 364.912 Executing safepoint VM operation: Cleanup done
Event: 1241.883 Executing safepoint VM operation: Cleanup
Event: 1241.883 Executing safepoint VM operation: Cleanup done
Event: 1262.836 Executing non-safepoint VM operation: HandshakeAllThreads (HandshakeForDeflation)
Event: 1262.836 Executing non-safepoint VM operation: HandshakeAllThreads (HandshakeForDeflation) done
Event: 1262.836 Executing non-safepoint VM operation: RendezvousGCThreads
Event: 1262.836 Executing non-safepoint VM operation: RendezvousGCThreads done

Memory protections (0 events):
No events

Nmethod flushes (20 events):
Event: 52.184 Thread 0x000002a85d8feee0 flushing  nmethod 0x000002a8613caa90
Event: 52.184 Thread 0x000002a85d8feee0 flushing  nmethod 0x000002a8613cae10
Event: 52.184 Thread 0x000002a85d8feee0 flushing  nmethod 0x000002a8613cb190
Event: 52.184 Thread 0x000002a85d8feee0 flushing  nmethod 0x000002a8613ce390
Event: 52.184 Thread 0x000002a85d8feee0 flushing  nmethod 0x000002a861424f10
Event: 52.184 Thread 0x000002a85d8feee0 flushing  nmethod 0x000002a861425510
Event: 52.184 Thread 0x000002a85d8feee0 flushing  nmethod 0x000002a86142c690
Event: 52.184 Thread 0x000002a85d8feee0 flushing  nmethod 0x000002a86142f790
Event: 52.184 Thread 0x000002a85d8feee0 flushing  nmethod 0x000002a861433d10
Event: 52.184 Thread 0x000002a85d8feee0 flushing  nmethod 0x000002a861435310
Event: 52.184 Thread 0x000002a85d8feee0 flushing  nmethod 0x000002a86143b810
Event: 52.184 Thread 0x000002a85d8feee0 flushing  nmethod 0x000002a86143d610
Event: 52.184 Thread 0x000002a85d8feee0 flushing  nmethod 0x000002a86143e890
Event: 52.184 Thread 0x000002a85d8feee0 flushing  nmethod 0x000002a86143ec90
Event: 52.184 Thread 0x000002a85d8feee0 flushing  nmethod 0x000002a86143f010
Event: 52.184 Thread 0x000002a85d8feee0 flushing  nmethod 0x000002a86143f490
Event: 52.184 Thread 0x000002a85d8feee0 flushing  nmethod 0x000002a861441090
Event: 52.184 Thread 0x000002a85d8feee0 flushing  nmethod 0x000002a861442610
Event: 52.184 Thread 0x000002a85d8feee0 flushing  nmethod 0x000002a861443410
Event: 52.184 Thread 0x000002a85d8feee0 flushing  nmethod 0x000002a861447b90

Events (20 events):
Event: 347.820 Thread 0x000002a84a71ece0 Thread exited: 0x000002a84a71ece0
Event: 347.820 Thread 0x000002a84a720150 Thread exited: 0x000002a84a720150
Event: 350.283 Thread 0x000002a87ba4b050 Thread exited: 0x000002a87ba4b050
Event: 350.298 Thread 0x000002a87ba4a330 Thread exited: 0x000002a87ba4a330
Event: 350.314 Thread 0x000002a87ba4a9c0 Thread exited: 0x000002a87ba4a9c0
Event: 350.335 Thread 0x000002a87ba488f0 Thread exited: 0x000002a87ba488f0
Event: 350.362 Thread 0x000002a87ba4b6e0 Thread exited: 0x000002a87ba4b6e0
Event: 350.375 Thread 0x000002a87ba48f80 Thread exited: 0x000002a87ba48f80
Event: 353.514 Thread 0x000002a87a1d2e00 Thread exited: 0x000002a87a1d2e00
Event: 353.626 Thread 0x000002a87a1d3b20 Thread exited: 0x000002a87a1d3b20
Event: 353.642 Thread 0x000002a87a1d2770 Thread exited: 0x000002a87a1d2770
Event: 353.733 Thread 0x000002a87a1d4ed0 Thread exited: 0x000002a87a1d4ed0
Event: 353.799 Thread 0x000002a87a1d6280 Thread exited: 0x000002a87a1d6280
Event: 353.810 Thread 0x000002a87a1d5bf0 Thread exited: 0x000002a87a1d5bf0
Event: 367.650 Thread 0x000002a87b8d85b0 Thread exited: 0x000002a87b8d85b0
Event: 407.614 Thread 0x000002a87ba44de0 Thread exited: 0x000002a87ba44de0
Event: 427.655 Thread 0x000002a87b8d5130 Thread exited: 0x000002a87b8d5130
Event: 467.623 Thread 0x000002a87ba47bd0 Thread exited: 0x000002a87ba47bd0
Event: 487.671 Thread 0x000002a87b8d7200 Thread exited: 0x000002a87b8d7200
Event: 527.632 Thread 0x000002a87ba48260 Thread exited: 0x000002a87ba48260


Dynamic libraries:
0x00007ff7869d0000 - 0x00007ff7869de000 	c:\Users\BHARATH\.vscode\extensions\redhat.java-1.53.0-win32-x64\jre\21.0.10-win32-x86_64\bin\java.exe
0x00007ffc89c80000 - 0x00007ffc89ee8000 	C:\WINDOWS\SYSTEM32\ntdll.dll
0x00007ffc88250000 - 0x00007ffc88319000 	C:\WINDOWS\System32\KERNEL32.DLL
0x00007ffc868d0000 - 0x00007ffc86cc1000 	C:\WINDOWS\System32\KERNELBASE.dll
0x00007ffc86780000 - 0x00007ffc868cb000 	C:\WINDOWS\System32\ucrtbase.dll
0x00007ffc80f30000 - 0x00007ffc80f48000 	c:\Users\BHARATH\.vscode\extensions\redhat.java-1.53.0-win32-x64\jre\21.0.10-win32-x86_64\bin\jli.dll
0x00007ffc75740000 - 0x00007ffc7575e000 	c:\Users\BHARATH\.vscode\extensions\redhat.java-1.53.0-win32-x64\jre\21.0.10-win32-x86_64\bin\VCRUNTIME140.dll
0x00007ffc89780000 - 0x00007ffc89946000 	C:\WINDOWS\System32\USER32.dll
0x00007ffc71990000 - 0x00007ffc71c23000 	C:\WINDOWS\WinSxS\amd64_microsoft.windows.common-controls_6595b64144ccf1df_6.0.26100.7824_none_3e0870b2e3345462\COMCTL32.dll
0x00007ffc87540000 - 0x00007ffc87567000 	C:\WINDOWS\System32\win32u.dll
0x00007ffc88f90000 - 0x00007ffc89039000 	C:\WINDOWS\System32\msvcrt.dll
0x00007ffc89630000 - 0x00007ffc8965b000 	C:\WINDOWS\System32\GDI32.dll
0x00007ffc87570000 - 0x00007ffc8769b000 	C:\WINDOWS\System32\gdi32full.dll
0x00007ffc87970000 - 0x00007ffc87a13000 	C:\WINDOWS\System32\msvcp_win.dll
0x00007ffc87bb0000 - 0x00007ffc87be1000 	C:\WINDOWS\System32\IMM32.DLL
0x00007ffc76c80000 - 0x00007ffc76c8c000 	c:\Users\BHARATH\.vscode\extensions\redhat.java-1.53.0-win32-x64\jre\21.0.10-win32-x86_64\bin\vcruntime140_1.dll
0x00007ffc4cfb0000 - 0x00007ffc4d03d000 	c:\Users\BHARATH\.vscode\extensions\redhat.java-1.53.0-win32-x64\jre\21.0.10-win32-x86_64\bin\msvcp140.dll
0x00007ffc33130000 - 0x00007ffc33ed1000 	c:\Users\BHARATH\.vscode\extensions\redhat.java-1.53.0-win32-x64\jre\21.0.10-win32-x86_64\bin\server\jvm.dll
0x00007ffc89490000 - 0x00007ffc89544000 	C:\WINDOWS\System32\ADVAPI32.dll
0x00007ffc896d0000 - 0x00007ffc89776000 	C:\WINDOWS\System32\sechost.dll
0x00007ffc87ef0000 - 0x00007ffc88008000 	C:\WINDOWS\System32\RPCRT4.dll
0x00007ffc87bf0000 - 0x00007ffc87c64000 	C:\WINDOWS\System32\WS2_32.dll
0x00007ffc863c0000 - 0x00007ffc8641e000 	C:\WINDOWS\SYSTEM32\POWRPROF.dll
0x00007ffc7d8b0000 - 0x00007ffc7d8e5000 	C:\WINDOWS\SYSTEM32\WINMM.dll
0x00007ffc7d730000 - 0x00007ffc7d73b000 	C:\WINDOWS\SYSTEM32\VERSION.dll
0x00007ffc863a0000 - 0x00007ffc863b4000 	C:\WINDOWS\SYSTEM32\UMPDC.dll
0x00007ffc85300000 - 0x00007ffc8531b000 	C:\WINDOWS\SYSTEM32\kernel.appcore.dll
0x00007ffc76c20000 - 0x00007ffc76c2a000 	c:\Users\BHARATH\.vscode\extensions\redhat.java-1.53.0-win32-x64\jre\21.0.10-win32-x86_64\bin\jimage.dll
0x00007ffc81690000 - 0x00007ffc818d2000 	C:\WINDOWS\SYSTEM32\DBGHELP.DLL
0x00007ffc89040000 - 0x00007ffc893c6000 	C:\WINDOWS\System32\combase.dll
0x00007ffc89550000 - 0x00007ffc89627000 	C:\WINDOWS\System32\OLEAUT32.dll
0x00007ffc6b090000 - 0x00007ffc6b0cb000 	C:\WINDOWS\SYSTEM32\dbgcore.DLL
0x00007ffc866d0000 - 0x00007ffc86775000 	C:\WINDOWS\System32\bcryptPrimitives.dll
0x00007ffc76580000 - 0x00007ffc7658f000 	c:\Users\BHARATH\.vscode\extensions\redhat.java-1.53.0-win32-x64\jre\21.0.10-win32-x86_64\bin\instrument.dll
0x00007ffc74610000 - 0x00007ffc74630000 	c:\Users\BHARATH\.vscode\extensions\redhat.java-1.53.0-win32-x64\jre\21.0.10-win32-x86_64\bin\java.dll
0x00007ffc883a0000 - 0x00007ffc88af2000 	C:\WINDOWS\System32\SHELL32.dll
0x00007ffc86560000 - 0x00007ffc866ca000 	C:\WINDOWS\System32\wintypes.dll
0x00007ffc86cd0000 - 0x00007ffc87533000 	C:\WINDOWS\System32\windows.storage.dll
0x00007ffc89b40000 - 0x00007ffc89c36000 	C:\WINDOWS\System32\SHCORE.dll
0x00007ffc87b40000 - 0x00007ffc87ba7000 	C:\WINDOWS\System32\shlwapi.dll
0x00007ffc86480000 - 0x00007ffc864a9000 	C:\WINDOWS\SYSTEM32\profapi.dll
0x00007ffc745f0000 - 0x00007ffc74608000 	c:\Users\BHARATH\.vscode\extensions\redhat.java-1.53.0-win32-x64\jre\21.0.10-win32-x86_64\bin\zip.dll
0x00007ffc76620000 - 0x00007ffc76630000 	C:\Users\BHARATH\.vscode\extensions\redhat.java-1.53.0-win32-x64\jre\21.0.10-win32-x86_64\bin\net.dll
0x00007ffc7fdf0000 - 0x00007ffc7ff17000 	C:\WINDOWS\SYSTEM32\WINHTTP.dll
0x00007ffc85870000 - 0x00007ffc858db000 	C:\WINDOWS\system32\mswsock.dll
0x00007ffc745d0000 - 0x00007ffc745e6000 	C:\Users\BHARATH\.vscode\extensions\redhat.java-1.53.0-win32-x64\jre\21.0.10-win32-x86_64\bin\nio.dll
0x00007ffc75460000 - 0x00007ffc75470000 	c:\Users\BHARATH\.vscode\extensions\redhat.java-1.53.0-win32-x64\jre\21.0.10-win32-x86_64\bin\verify.dll
0x00007ffc5d080000 - 0x00007ffc5d0c5000 	C:\Users\BHARATH\AppData\Roaming\Code\User\globalStorage\redhat.java\1.53.0\config_win\org.eclipse.equinox.launcher\org.eclipse.equinox.launcher.win32.win32.x86_64_1.3.0.v20260203-2149\eclipse_11919.dll
0x00007ffc87d50000 - 0x00007ffc87ee7000 	C:\WINDOWS\System32\ole32.dll
0x00007ffc85b40000 - 0x00007ffc85b5b000 	C:\WINDOWS\SYSTEM32\CRYPTSP.dll
0x00007ffc85260000 - 0x00007ffc85299000 	C:\WINDOWS\system32\rsaenh.dll
0x00007ffc85920000 - 0x00007ffc8594b000 	C:\WINDOWS\SYSTEM32\USERENV.dll
0x00007ffc86450000 - 0x00007ffc8647a000 	C:\WINDOWS\SYSTEM32\bcrypt.dll
0x00007ffc85b60000 - 0x00007ffc85b6c000 	C:\WINDOWS\SYSTEM32\CRYPTBASE.dll
0x00007ffc84d80000 - 0x00007ffc84db4000 	C:\WINDOWS\SYSTEM32\IPHLPAPI.DLL
0x00007ffc87b20000 - 0x00007ffc87b2a000 	C:\WINDOWS\System32\NSI.dll
0x00007ffc33060000 - 0x00007ffc330a9000 	C:\Users\BHARATH\AppData\Local\Temp\jna-569536542\jna15754071158814022001.dll
0x00007ffc87b30000 - 0x00007ffc87b38000 	C:\WINDOWS\System32\PSAPI.DLL
0x00007ffc80330000 - 0x00007ffc8034e000 	C:\WINDOWS\SYSTEM32\dhcpcsvc6.DLL
0x00007ffc80300000 - 0x00007ffc80323000 	C:\WINDOWS\SYSTEM32\dhcpcsvc.DLL
0x00007ffc85420000 - 0x00007ffc85456000 	C:\WINDOWS\SYSTEM32\ntmarta.dll

JVMTI agents:
c:\Users\BHARATH\.vscode\extensions\redhat.java-1.53.0-win32-x64\lombok\lombok-1.18.39-4050.jar path:c:\Users\BHARATH\.vscode\extensions\redhat.java-1.53.0-win32-x64\jre\21.0.10-win32-x86_64\bin\instrument.dll, loaded, initialized, instrumentlib options:none

dbghelp: loaded successfully - version: 4.0.5 - missing functions: none
symbol engine: initialized successfully - sym options: 0x614 - pdb path: .;c:\Users\BHARATH\.vscode\extensions\redhat.java-1.53.0-win32-x64\jre\21.0.10-win32-x86_64\bin;C:\WINDOWS\SYSTEM32;C:\WINDOWS\WinSxS\amd64_microsoft.windows.common-controls_6595b64144ccf1df_6.0.26100.7824_none_3e0870b2e3345462;c:\Users\BHARATH\.vscode\extensions\redhat.java-1.53.0-win32-x64\jre\21.0.10-win32-x86_64\bin\server;C:\Users\BHARATH\AppData\Roaming\Code\User\globalStorage\redhat.java\1.53.0\config_win\org.eclipse.equinox.launcher\org.eclipse.equinox.launcher.win32.win32.x86_64_1.3.0.v20260203-2149;C:\Users\BHARATH\AppData\Local\Temp\jna-569536542

VM Arguments:
jvm_args: --add-modules=ALL-SYSTEM --add-opens=java.base/java.util=ALL-UNNAMED --add-opens=java.base/java.lang=ALL-UNNAMED --add-opens=java.base/sun.nio.fs=ALL-UNNAMED -Declipse.application=org.eclipse.jdt.ls.core.id1 -Dosgi.bundles.defaultStartLevel=4 -Declipse.product=org.eclipse.jdt.ls.core.product -Djava.import.generatesMetadataFilesAtProjectRoot=false -DDetectVMInstallationsJob.disabled=true -Dfile.encoding=utf8 -XX:+UseParallelGC -XX:GCTimeRatio=4 -XX:AdaptiveSizePolicyWeight=90 -Dsun.zip.disableMemoryMapping=true -Xmx2G -Xms100m -Xlog:disable -javaagent:c:\Users\BHARATH\.vscode\extensions\redhat.java-1.53.0-win32-x64\lombok\lombok-1.18.39-4050.jar -XX:+HeapDumpOnOutOfMemoryError -XX:HeapDumpPath=c:\Users\BHARATH\AppData\Roaming\Code\User\workspaceStorage\2d137c32f5820031e495f3208e678d38\redhat.java -Daether.dependencyCollector.impl=bf 
java_command: c:\Users\BHARATH\.vscode\extensions\redhat.java-1.53.0-win32-x64\server\plugins\org.eclipse.equinox.launcher_1.7.100.v20251111-0406.jar -configuration c:\Users\BHARATH\AppData\Roaming\Code\User\globalStorage\redhat.java\1.53.0\config_win -data c:\Users\BHARATH\AppData\Roaming\Code\User\workspaceStorage\2d137c32f5820031e495f3208e678d38\redhat.java\jdt_ws --pipe=\\.\pipe\lsp-3753805987d6f254bf6ef037dd18b690-sock
java_class_path (initial): c:\Users\BHARATH\.vscode\extensions\redhat.java-1.53.0-win32-x64\server\plugins\org.eclipse.equinox.launcher_1.7.100.v20251111-0406.jar
Launcher Type: SUN_STANDARD

[Global flags]
    uintx AdaptiveSizePolicyWeight                 = 90                                        {product} {command line}
     intx CICompilerCount                          = 4                                         {product} {ergonomic}
    uintx GCTimeRatio                              = 4                                         {product} {command line}
     bool HeapDumpOnOutOfMemoryError               = true                                   {manageable} {command line}
    ccstr HeapDumpPath                             = c:\Users\BHARATH\AppData\Roaming\Code\User\workspaceStorage\2d137c32f5820031e495f3208e678d38\redhat.java         {manageable} {command line}
   size_t InitialHeapSize                          = 104857600                                 {product} {command line}
   size_t MaxHeapSize                              = 2147483648                                {product} {command line}
   size_t MaxNewSize                               = 715653120                                 {product} {ergonomic}
   size_t MinHeapDeltaBytes                        = 524288                                    {product} {ergonomic}
   size_t MinHeapSize                              = 104857600                                 {product} {command line}
   size_t NewSize                                  = 34603008                                  {product} {ergonomic}
    uintx NonNMethodCodeHeapSize                   = 5839372                                {pd product} {ergonomic}
    uintx NonProfiledCodeHeapSize                  = 122909434                              {pd product} {ergonomic}
   size_t OldSize                                  = 70254592                                  {product} {ergonomic}
    uintx ProfiledCodeHeapSize                     = 122909434                              {pd product} {ergonomic}
    uintx ReservedCodeCacheSize                    = 251658240                              {pd product} {ergonomic}
     bool SegmentedCodeCache                       = true                                      {product} {ergonomic}
   size_t SoftMaxHeapSize                          = 2147483648                             {manageable} {ergonomic}
     bool UseCompressedOops                        = true                           {product lp64_product} {ergonomic}
     bool UseLargePagesIndividualAllocation        = false                                  {pd product} {ergonomic}
     bool UseParallelGC                            = true                                      {product} {command line}

Logging:
Log output configuration:
 #0: stdout all=off uptime,level,tags foldmultilines=false
 #1: stderr all=off uptime,level,tags foldmultilines=false

Release file:
JAVA_VERSION="21.0.10" 
MODULES="java.base java.compiler java.datatransfer java.xml java.prefs java.desktop java.instrument java.logging java.management java.security.sasl java.naming java.rmi java.management.rmi java.net.http java.scripting java.security.jgss java.transaction.xa java.sql java.sql.rowset java.xml.crypto java.se java.smartcardio jdk.accessibility jdk.internal.jvmstat jdk.attach jdk.charsets jdk.internal.opt jdk.zipfs jdk.compiler jdk.crypto.ec jdk.crypto.cryptoki jdk.crypto.mscapi jdk.dynalink jdk.internal.ed jdk.editpad jdk.hotspot.agent jdk.httpserver jdk.internal.le jdk.internal.vm.ci jdk.internal.vm.compiler jdk.internal.vm.compiler.management jdk.jartool jdk.javadoc jdk.jcmd jdk.management jdk.management.agent jdk.jconsole jdk.jdeps jdk.jdwp.agent jdk.jdi jdk.jfr jdk.jshell jdk.jsobject jdk.jstatd jdk.localedata jdk.management.jfr jdk.naming.dns jdk.naming.rmi jdk.net jdk.nio.mapmode jdk.random jdk.sctp jdk.security.auth jdk.security.jgss jdk.unsupported jdk.unsupported.desktop jdk.xml.dom" 

Environment Variables:
JAVA_HOME=C:\Program Files\Java\jdk-20
PATH=C:\Users\BHARATH\AppData\Local\Programs\Microsoft VS Code;C:\Program Files\Eclipse Adoptium\jdk-21.0.6.7-hotspot\bin;C:\Python312\Scripts\;C:\Python312\;C:\Program Files\Common Files\Oracle\Java\javapath;C:\WINDOWS\system32;C:\WINDOWS;C:\WINDOWS\System32\Wbem;C:\WINDOWS\System32\WindowsPowerShell\v1.0\;C:\WINDOWS\System32\OpenSSH\;C:\Program Files\Java\jdk-20\bin;C:\Program Files\MySQL\MySQL Server 8.0\bin;C:\Program Files\Git\cmd;C:\ProgramData\chocolatey\bin;C:\Program Files\nodejs\;C:\Program Files\Eclipse Adoptium\jdk-21.0.6.7-hotspot\\bin;C:\gradle-8.13-all\gradle-8.13\bin;C:\Users\BHARATH\AppData\Local\Programs\Python\Python311\Scripts\;C:\Users\BHARATH\AppData\Local\Programs\Python\Python311\;C:\Program Files\MySQL\MySQL Shell 8.0\bin\;C:\Users\BHARATH\AppData\Local\Microsoft\WindowsApps;C:\Users\BHARATH\AppData\Local\Programs\Microsoft VS Code\bin;C:\Users\BHARATH\AppData\Roaming\npm;C:\dartsdk-windows-x64-release\dart-sdk\bin;C:\flutter\bin;C:\apache-maven-3.9.12-bin\apache-maven-3.9.12\bin;C:\Users\BHARATH\AppData\Local\Programs\Antigravity\bin
USERNAME=BHARATH
OS=Windows_NT
PROCESSOR_IDENTIFIER=Intel64 Family 6 Model 140 Stepping 1, GenuineIntel
TMP=C:\Users\BHARATH\AppData\Local\Temp
TEMP=C:\Users\BHARATH\AppData\Local\Temp




Periodic native trim disabled

---------------  S Y S T E M  ---------------

OS:
 Windows 11 , 64 bit Build 26100 (10.0.26100.7705)
OS uptime: 1 days 1:52 hours
Hyper-V role detected

CPU: total 8 (initial active 8) (4 cores per cpu, 2 threads per core) family 6 model 140 stepping 1 microcode 0x9a, cx8, cmov, fxsr, ht, mmx, 3dnowpref, sse, sse2, sse3, ssse3, sse4.1, sse4.2, popcnt, lzcnt, tsc, tscinvbit, avx, avx2, aes, erms, clmul, bmi1, bmi2, adx, avx512f, avx512dq, avx512cd, avx512bw, avx512vl, sha, fma, vzeroupper, avx512_vpopcntdq, avx512_vpclmulqdq, avx512_vaes, avx512_vnni, clflush, clflushopt, clwb, avx512_vbmi2, avx512_vbmi, hv, rdtscp, rdpid, fsrm, gfni, avx512_bitalg, f16c, cet_ibt, cet_ss, avx512_ifma
Processor Information for processor 0
  Max Mhz: 2419, Current Mhz: 1511, Mhz Limit: 2419
Processor Information for processor 1
  Max Mhz: 2419, Current Mhz: 2419, Mhz Limit: 2419
Processor Information for processor 2
  Max Mhz: 2419, Current Mhz: 1511, Mhz Limit: 2419
Processor Information for processor 3
  Max Mhz: 2419, Current Mhz: 2419, Mhz Limit: 2419
Processor Information for processor 4
  Max Mhz: 2419, Current Mhz: 2419, Mhz Limit: 2419
Processor Information for processor 5
  Max Mhz: 2419, Current Mhz: 1511, Mhz Limit: 2419
Processor Information for processor 6
  Max Mhz: 2419, Current Mhz: 2419, Mhz Limit: 2419
Processor Information for processor 7
  Max Mhz: 2419, Current Mhz: 2419, Mhz Limit: 2419

Memory: 4k page, system-wide physical 24375M (6530M free)
TotalPageFile size 25621M (AvailPageFile size 2M)
current process WorkingSet (physical memory assigned to process): 354M, peak: 469M
current process commit charge ("private bytes"): 428M, peak: 544M

vm_info: OpenJDK 64-Bit Server VM (21.0.10+7-LTS) for windows-amd64 JRE (21.0.10+7-LTS), built on 2026-01-20T00:00:00Z by "admin" with MS VC++ 17.12 (VS2022)

END.
